
=== SNO-L1-L2-005008.log updated at 2025-09-06 19:17:26 for SNO-L1-L2-005008.EHX ===
Panel: 05-100
Level: 1
Description: 1FW 2FD
Bundle: B1 (2x6 Ext)
Panel Details:
• Category: Exterior
• Load Bearing: YES
• Length: 107.019 (8'-11")
• Height: 109.125 (9'-1-1/8")
• Squaring: 12'-7-3/4"
• Thickness: 5.5
• Stud Spacing: 16
• Weight: 390 Lbs
• Production Notes: Typar
Junction Details:
• LType - (1)
• Ladder - Flat (Fixed) - (1)
• Subcomponent - (1)

Panel Material Breakdown:
---
Panel: 05-101
Level: 1
Description: 1FW 2FD
Bundle: B1 (2x6 Ext)
Panel Details:
• Category: Exterior
• Load Bearing: YES
• Length: 35.795 (2'-11-3/4")
• Height: 109.125 (9'-1-1/8")
• Squaring: 9'-5-1/2"
• Thickness: 5.5
• Stud Spacing: 16
• Weight: 148 Lbs
• Production Notes: Typar
Junction Details:
• Subcomponent - (2)

Panel Material Breakdown:
---
Panel: 05-107
Level: 1
Description: 1FW 2FD
Bundle: B1 (2x6 Ext)
Panel Details:
• Category: Exterior
• Load Bearing: YES
• Length: 9.811 (9-3/4")
• Height: 109.125 (9'-1-1/8")
• Squaring: 9'
• Thickness: 5.5
• Stud Spacing: 16
• Weight: 64 Lbs
Junction Details:
• LType - (2)

Panel Material Breakdown:
---
Panel: 05-108
Level: 1
Description: 1FW 2FD
Bundle: B1 (2x6 Ext)
Panel Details:
• Category: Exterior
• Load Bearing: YES
• Length: 101.629 (8'-5-5/8")
• Height: 109.125 (9'-1-1/8")
• Squaring: 12'-4"
• Thickness: 5.5
• Stud Spacing: 16
• Weight: 244 Lbs
• Production Notes: Typar
Junction Details:
• LType - (1)

Panel Material Breakdown:
---
Panel: 05-109
Level: 1
Description: 1FW 2FD
Bundle: B1 (2x6 Ext)
Panel Details:
• Category: Exterior
• Load Bearing: YES
• Length: 94.826 (7'-10-3/4")
• Height: 109.125 (9'-1-1/8")
• Squaring: 11'-11-1/2"
• Thickness: 5.5
• Stud Spacing: 16
• Weight: 218 Lbs
• Production Notes: Typar
Junction Details:
• 3S LType - (1)

Panel Material Breakdown:
---
Panel: 05-110
Level: 1
Description: 1FW 2FD
Bundle: B1 (2x6 Ext)
Panel Details:
• Category: Exterior
• Load Bearing: YES
• Length: 96.444 (8'-1/2")
• Height: 109.125 (9'-1-1/8")
• Squaring: 12'-1/2"
• Thickness: 5.5
• Stud Spacing: 16
• Weight: 744 Lbs
• Production Notes: Typar
Junction Details:
• 3S LType - (1)

Panel Material Breakdown:
---
Panel: 05-111
Level: 1
Description: 1FW 2FD
Bundle: B1 (2x6 Ext)
Panel Details:
• Category: Exterior
• Load Bearing: YES
• Length: 115.511 (9'-7-1/2")
• Height: 109.125 (9'-1-1/8")
• Squaring: 13'-1-7/8"
• Thickness: 5.5
• Stud Spacing: 16
• Weight: 984 Lbs
• Production Notes: Typar
Junction Details:
• 2S LType - (1)

Panel Material Breakdown:
---
Panel: 05-117
Level: 1
Description: 1FW 2FD
Bundle: B1 (2x6 Ext)
Panel Details:
• Category: Exterior
• Load Bearing: YES
• Length: 89.214 (7'-5-1/4")
• Height: 109.125 (9'-1-1/8")
• Squaring: 11'-7-3/4"
• Thickness: 5.5
• Stud Spacing: 16
• Weight: 222 Lbs
Panel Material Breakdown:
---
Panel: 05-118
Level: 1
Description: 1FW 2FD
Bundle: B1 (2x6 Ext)
Panel Details:
• Category: Exterior
• Load Bearing: YES
• Length: 82.777 (6'-10-3/4")
• Height: 109.125 (9'-1-1/8")
• Squaring: 11'-3-3/4"
• Thickness: 5.5
• Stud Spacing: 16
• Weight: 198 Lbs
Panel Material Breakdown:
---
Panel: 05-119
Level: 1
Description: 1FW 2FD
Bundle: B1 (2x6 Ext)
Panel Details:
• Category: Exterior
• Load Bearing: YES
• Length: 75.126 (6'-3-1/8")
• Height: 109.125 (9'-1-1/8")
• Squaring: 10'-11-1/4"
• Thickness: 5.5
• Stud Spacing: 16
• Weight: 168 Lbs
Junction Details:
• Stud - (1)

Panel Material Breakdown:
---
Panel: 05-120
Level: 1
Description: 1FW 2FD
Bundle: B1 (2x6 Ext)
Panel Details:
• Category: Exterior
• Load Bearing: YES
• Length: 36.208 (3'-1/4")
• Height: 109.125 (9'-1-1/8")
• Squaring: 9'-5-1/2"
• Thickness: 5.5
• Stud Spacing: 16
• Weight: 144 Lbs
Junction Details:
• LType - (1)
• Stud - (1)

Panel Material Breakdown:
---
Panel: 05-121
Level: 1
Description: 1FW 2FD
Bundle: B1 (2x6 Ext)
Panel Details:
• Category: Exterior
• Load Bearing: YES
• Length: 47.244 (3'-11-1/4")
• Height: 109.125 (9'-1-1/8")
• Squaring: 9'-9-1/2"
• Thickness: 5.5
• Stud Spacing: 16
• Weight: 176 Lbs
Junction Details:
• LType - (1)
• Stud - (1)

Panel Material Breakdown:
---
Panel: 05-122
Level: 1
Description: 1FW 2FD
Bundle: B1 (2x6 Ext)
Panel Details:
• Category: Exterior
• Load Bearing: YES
• Length: 62.91 (5'-3")
• Height: 109.125 (9'-1-1/8")
• Squaring: 10'-4-3/4"
• Thickness: 5.5
• Stud Spacing: 16
• Weight: 132 Lbs
Junction Details:
• Stud - (1)

Panel Material Breakdown:
---
Panel: 05-102
Level: 1
Description: 1FW 2FD
Bundle: B2 (2x4 Gar)
Panel Details:
• Category: Exterior
• Load Bearing: YES
• Length: 123.137 (10'-3-1/8")
• Height: 134.375 (11'-2-3/8")
• Squaring: 15'-1-1/4"
• Thickness: 3.5
• Stud Spacing: 16
• Weight: 316 Lbs
• Production Notes: Typar
Junction Details:
• LType - (1)
• Subcomponent - (1)

Panel Material Breakdown:
---
Panel: 05-103
Level: 1
Description: 1FW 2FD
Bundle: B2 (2x4 Gar)
Panel Details:
• Category: Exterior
• Load Bearing: YES
• Length: 127.492 (10'-7-1/2")
• Height: 121.75 (10'-1-3/4")
• Squaring: 14'-7-1/4"
• Thickness: 3.5
• Stud Spacing: 16
• Weight: 156 Lbs
Junction Details:
• LType - (1)

Panel Material Breakdown:
---
Panel: 05-104
Level: 1
Description: 1FW 2FD
Bundle: B2 (2x4 Gar)
Panel Details:
• Category: Exterior
• Load Bearing: YES
• Length: 129.875 (10'-9-7/8")
• Height: 121.75 (10'-1-3/4")
• Squaring: 14'-9"
• Thickness: 3.5
• Stud Spacing: 16
• Weight: 214 Lbs
Junction Details:
• LType - (1)

Panel Material Breakdown:
---
Panel: 05-105
Level: 1
Description: 1FW 2FD
Bundle: B2 (2x4 Gar)
Panel Details:
• Category: Exterior
• Load Bearing: YES
• Length: 30.511 (2'-6-1/2")
• Height: 121.75 (10'-1-3/4")
• Squaring: 10'-4"
• Thickness: 3.5
• Stud Spacing: 16
• Weight: 82 Lbs
• Production Notes: Typar
Junction Details:
• LType - (1)
• Stud - (1)

Panel Material Breakdown:
---
Panel: 05-106
Level: 1
Description: 1FW 2FD
Bundle: B2 (2x4 Gar)
Panel Details:
• Category: Exterior
• Load Bearing: YES
• Length: 43.495 (3'-7-1/2")
• Height: 121.75 (10'-1-3/4")
• Squaring: 10'-7-7/8"
• Thickness: 3.5
• Stud Spacing: 16
• Weight: 108 Lbs
Junction Details:
• LType - (1)
• Stud - (1)

Panel Material Breakdown:
---
Panel: 05-112
Level: 1
Description: 1FW 2FD
Bundle: B3 (2x4 PW)
Panel Details:
• Category: Exterior
• Load Bearing: YES
• Length: 126.826 (10'-6-3/4")
• Height: 109.125 (9'-1-1/8")
• Squaring: 13'-10-1/4"
• Thickness: 3.5
• Stud Spacing: 16
• Weight: 154 Lbs
Junction Details:
• 2S LType - (1)

Panel Material Breakdown:
---
Panel: 05-113
Level: 1
Description: 1FW 2FD
Bundle: B3 (2x4 PW)
Panel Details:
• Category: Exterior
• Load Bearing: YES
• Length: 144 (12')
• Height: 109.125 (9'-1-1/8")
• Squaring: 14'-11-3/4"
• Thickness: 3.5
• Stud Spacing: 16
• Weight: 198 Lbs
Junction Details:
• LType - (1)
• Subcomponent - (1)

Panel Material Breakdown:
---
Panel: 05-114
Level: 1
Description: 1FW 2FD
Bundle: B3 (2x4 PW)
Panel Details:
• Category: Exterior
• Load Bearing: YES
• Length: 130.777 (10'-10-3/4")
• Height: 109.125 (9'-1-1/8")
• Squaring: 14'-1-3/8"
• Thickness: 3.5
• Stud Spacing: 16
• Weight: 144 Lbs
Junction Details:
• LType - (1)

Panel Material Breakdown:
---
Panel: 05-115
Level: 1
Description: 1FW 2FD
Bundle: B3 (2x4 PW)
Panel Details:
• Category: Exterior
• Load Bearing: YES
• Length: 59.492 (4'-11-1/2")
• Height: 109.125 (9'-1-1/8")
• Squaring: 10'-3"
• Thickness: 3.5
• Stud Spacing: 16
• Weight: 120 Lbs
Junction Details:
• LType - (1)

Panel Material Breakdown:
---
Panel: 05-116
Level: 1
Description: 1FW 2FD
Bundle: B3 (2x4 PW)
Panel Details:
• Category: Exterior
• Load Bearing: YES
• Length: 71.017 (5'-11")
• Height: 109.125 (9'-1-1/8")
• Squaring: 10'-9"
• Thickness: 5.5
• Stud Spacing: 16
• Weight: 242 Lbs
Junction Details:
• LType - (2)

Panel Material Breakdown:
---
Panel: 05-123
Level: 1
Description: 1FW 2FD
Bundle: B4 (2x4 Int)
Panel Details:
• Category: Interior
• Load Bearing: NO
• Length: 62.017 (5'-2")
• Height: 109.125 (9'-1-1/8")
• Squaring: 10'-4-1/4"
• Thickness: 3.5
• Stud Spacing: 16
• Weight: 92 Lbs
Junction Details:
• LType - (2)
• Ladder - Flat (Fixed) - (1)

Panel Material Breakdown:
---
Panel: 05-124
Level: 1
Description: 1FW 2FD
Bundle: B4 (2x4 Int)
Panel Details:
• Category: Interior
• Load Bearing: NO
• Length: 30.395 (2'-6-3/8")
• Height: 109.125 (9'-1-1/8")
• Squaring: 9'-3-3/4"
• Thickness: 3.5
• Stud Spacing: 16
• Weight: 58 Lbs
Junction Details:
• LType - (2)

Panel Material Breakdown:
---
Panel: 05-125
Level: 1
Description: 1FW 2FD
Bundle: B4 (2x4 Int)
Panel Details:
• Category: Interior
• Load Bearing: NO
• Length: 42.871 (3'-6-7/8")
• Height: 109.125 (9'-1-1/8")
• Squaring: 9'-7-7/8"
• Thickness: 3.5
• Stud Spacing: 16
• Weight: 58 Lbs
Junction Details:
• LType - (1)

Panel Material Breakdown:
---
Panel: 05-126
Level: 1
Description: 1FW 2FD
Bundle: B4 (2x4 Int)
Panel Details:
• Category: Interior
• Load Bearing: NO
• Length: 34.957 (2'-11")
• Height: 109.125 (9'-1-1/8")
• Squaring: 9'-5-1/4"
• Thickness: 3.5
• Stud Spacing: 16
• Weight: 60 Lbs
Junction Details:
• LType - (2)

Panel Material Breakdown:
---
Panel: 05-127
Level: 1
Description: 1FW 2FD
Bundle: B4 (2x4 Int)
Panel Details:
• Category: Interior
• Load Bearing: NO
• Length: 62.71 (5'-2-3/4")
• Height: 109.125 (9'-1-1/8")
• Squaring: 10'-4-1/2"
• Thickness: 3.5
• Stud Spacing: 16
• Weight: 86 Lbs
Junction Details:
• LType - (2)

Panel Material Breakdown:
---
Panel: 05-128
Level: 1
Description: 1FW 2FD
Bundle: B4 (2x4 Int)
Panel Details:
• Category: Interior
• Load Bearing: NO
• Length: 20 (1'-8")
• Height: 109.125 (9'-1-1/8")
• Squaring: 9'-1-1/2"
• Thickness: 3.5
• Stud Spacing: 16
• Weight: 66 Lbs
Panel Material Breakdown:
---
Panel: 05-129
Level: 1
Description: 1FW 2FD
Bundle: B4 (2x4 Int)
Panel Details:
• Category: Interior
• Load Bearing: NO
• Length: 61.5 (5'-1-1/2")
• Height: 109.125 (9'-1-1/8")
• Squaring: 10'-4"
• Thickness: 3.5
• Stud Spacing: 16
• Weight: 96 Lbs
Junction Details:
• Subcomponent - (1)

Panel Material Breakdown:
---
Panel: 05-130
Level: 1
Description: 1FW 2FD
Bundle: B4 (2x4 Int)
Panel Details:
• Category: Interior
• Load Bearing: NO
• Length: 33.226 (2'-9-1/4")
• Height: 109.125 (9'-1-1/8")
• Squaring: 9'-4-5/8"
• Thickness: 3.5
• Stud Spacing: 16
• Weight: 58 Lbs
Junction Details:
• LType - (1)

Panel Material Breakdown:
---
Panel: 05-136
Level: 1
Description: 1FW 2FD
Bundle: B4 (2x4 Int)
Panel Details:
• Category: Interior
• Load Bearing: NO
• Length: 59.21 (4'-11-1/4")
• Height: 109.125 (9'-1-1/8")
• Squaring: 10'-2-3/4"
• Thickness: 3.5
• Stud Spacing: 16
• Weight: 76 Lbs
Junction Details:
• LType - (2)

Panel Material Breakdown:
---
Panel: 05-131
Level: 1
Description: 1FW 2FD
Bundle: B5 (2x4 Furr)
Panel Details:
• Category: Exterior
• Load Bearing: NO
• Length: 9.625 (9-5/8")
• Height: 77.125 (6'-5-1/8")
• Squaring: 6'-4-1/4"
• Thickness: 3.5
• Stud Spacing: 16
• Weight: 32 Lbs
Junction Details:
• LType - (1)

Panel Material Breakdown:
---
Panel: 05-132
Level: 1
Description: 1FW 2FD
Bundle: B5 (2x4 Furr)
Panel Details:
• Category: Exterior
• Load Bearing: NO
• Length: 113.707 (9'-5-3/4")
• Height: 77.125 (6'-5-1/8")
• Squaring: 11'-4-1/2"
• Thickness: 3.5
• Stud Spacing: 16
• Weight: 130 Lbs
Junction Details:
• LType - (1)

Panel Material Breakdown:
---
Panel: 05-133
Level: 1
Description: 1FW 2FD
Bundle: B5 (2x4 Furr)
Panel Details:
• Category: Exterior
• Load Bearing: NO
• Length: 37.795 (3'-1-3/4")
• Height: 77.125 (6'-5-1/8")
• Squaring: 7'-1/2"
• Thickness: 3.5
• Stud Spacing: 16
• Weight: 48 Lbs
Junction Details:
• 2S LType - (1)

Panel Material Breakdown:
---
Panel: 05-134
Level: 1
Description: 1FW 2FD
Bundle: B5 (2x4 Furr)
Panel Details:
• Category: Exterior
• Load Bearing: NO
• Length: 126.137 (10'-6-1/8")
• Height: 77.125 (6'-5-1/8")
• Squaring: 12'-3"
• Thickness: 3.5
• Stud Spacing: 16
• Weight: 162 Lbs
Junction Details:
• 2S LType - (1)

Panel Material Breakdown:
---
Panel: 05-135
Level: 1
Description: 1FW 2FD
Bundle: B5 (2x4 Furr)
Panel Details:
• Category: Exterior
• Load Bearing: NO
• Length: 11.75 (11-3/4")
• Height: 109.125 (9'-1-1/8")
• Squaring: 9'-1/4"
• Thickness: 3.5
• Stud Spacing: 16
• Weight: 36 Lbs
Panel Material Breakdown:
---
Panel: 05-200
Level: 2
Description: 2FW 3FD
Bundle: -B1 (2x6 Ext)
Panel Details:
• Category: Exterior
• Load Bearing: YES
• Length: 106.019 (8'-10")
• Height: 97.125 (8'-1-1/8")
• Squaring: 11'-10-3/4"
• Thickness: 5.5
• Stud Spacing: 16
• Weight: 260 Lbs
Junction Details:
• LType - (2)

Panel Material Breakdown:
---
Panel: 05-201
Level: 2
Description: 2FW 3FD
Bundle: -B1 (2x6 Ext)
Panel Details:
• Category: Exterior
• Load Bearing: YES
• Length: 43.285 (3'-7-1/4")
• Height: 97.125 (8'-1-1/8")
• Squaring: 8'-9"
• Thickness: 5.5
• Stud Spacing: 16
• Weight: 162 Lbs
Junction Details:
• LType - (1)
• Subcomponent - (1)

Panel Material Breakdown:
---
Panel: 05-202
Level: 2
Description: 2FW 3FD
Bundle: -B1 (2x6 Ext)
Panel Details:
• Category: Exterior
• Load Bearing: YES
• Length: 116.637 (9'-8-5/8")
• Height: 97.125 (8'-1-1/8")
• Squaring: 12'-6-3/4"
• Thickness: 5.5
• Stud Spacing: 16
• Weight: 974 Lbs
Junction Details:
• LType - (2)
• Subcomponent - (1)

Panel Material Breakdown:
---
Panel: 05-203
Level: 2
Description: 2FW 3FD
Bundle: -B1 (2x6 Ext)
Panel Details:
• Category: Exterior
• Load Bearing: YES
• Length: 17.75 (1'-5-3/4")
• Height: 97.125 (8'-1-1/8")
• Squaring: 8'-1-1/4"
• Thickness: 5.5
• Stud Spacing: 16
• Weight: 52 Lbs
Junction Details:
• LType - (1)

Panel Material Breakdown:
---
Panel: 05-206
Level: 2
Description: 2FW 3FD
Bundle: -B1 (2x6 Ext)
Panel Details:
• Category: Exterior
• Load Bearing: YES
• Length: 14.7 (1'-2-3/4")
• Height: 97.125 (8'-1-1/8")
• Squaring: 8'-3/4"
• Thickness: 5.5
• Stud Spacing: 16
• Weight: 48 Lbs
Junction Details:
• 2S LType - (1)
• LType - (1)

Panel Material Breakdown:
---
Panel: 05-207
Level: 2
Description: 2FW 3FD
Bundle: -B1 (2x6 Ext)
Panel Details:
• Category: Exterior
• Load Bearing: YES
• Length: 114.5 (9'-6-1/2")
• Height: 97.125 (8'-1-1/8")
• Squaring: 12'-5-1/4"
• Thickness: 5.5
• Stud Spacing: 16
• Weight: 292 Lbs
Junction Details:
• LType - (2)
• Lad2Stud - (1)

Panel Material Breakdown:
---
Panel: 05-208
Level: 2
Description: 2FW 3FD
Bundle: -B1 (2x6 Ext)
Panel Details:
• Category: Exterior
• Load Bearing: YES
• Length: 126.827 (10'-6-3/4")
• Height: 97.125 (8'-1-1/8")
• Squaring: 13'-2-3/4"
• Thickness: 5.5
• Stud Spacing: 16
• Weight: 342 Lbs
Junction Details:
• Subcomponent - (1)

Panel Material Breakdown:
---
Panel: 05-210
Level: 2
Description: 2FW 3FD
Bundle: -B1 (2x6 Ext)
Panel Details:
• Category: Exterior
• Load Bearing: YES
• Length: 115.169 (9'-7-1/4")
• Height: 97.125 (8'-1-1/8")
• Squaring: 12'-5-3/4"
• Thickness: 5.5
• Stud Spacing: 16
• Weight: 694 Lbs
Junction Details:
• LType - (1)

Panel Material Breakdown:
---
Panel: 05-211
Level: 2
Description: 2FW 3FD
Bundle: -B1 (2x6 Ext)
Panel Details:
• Category: Exterior
• Load Bearing: YES
• Length: 37.771 (3'-1-3/4")
• Height: 97.125 (8'-1-1/8")
• Squaring: 8'-6-3/4"
• Thickness: 5.5
• Stud Spacing: 16
• Weight: 84 Lbs
Junction Details:
• 2S LType - (1)

Panel Material Breakdown:
---
Panel: 05-204
Level: 2
Description: 2FW 3FD
Bundle: -B2 (2x4 PW)
Panel Details:
• Category: Exterior
• Load Bearing: YES
• Length: 163.521 (13'-7-1/2")
• Height: 97.125 (8'-1-1/8")
• Squaring: 15'-9-1/2"
• Thickness: 5.5
• Stud Spacing: 16
• Weight: 260 Lbs
• Production Notes: Poly
Junction Details:
• LType - (1)

Panel Material Breakdown:
---
Panel: 05-205
Level: 2
Description: 2FW 3FD
Bundle: -B2 (2x4 PW)
Panel Details:
• Category: Exterior
• Load Bearing: YES
• Length: 81.73 (6'-9-3/4")
• Height: 97.125 (8'-1-1/8")
• Squaring: 10'-5-3/4"
• Thickness: 3.5
• Stud Spacing: 16
• Weight: 120 Lbs
• Production Notes: Poly
Junction Details:
• 2S LType - (1)
• Lad2Stud - (1)

Panel Material Breakdown:
---
Panel: 05-212
Level: 2
Description: 2FW 3FD
Bundle: -B2 (2x4 PW)
Panel Details:
• Category: Exterior
• Load Bearing: YES
• Length: 142.826 (11'-10-3/4")
• Height: 97.125 (8'-1-1/8")
• Squaring: 14'-3-7/8"
• Thickness: 3.5
• Stud Spacing: 16
• Weight: 156 Lbs
• Production Notes: Poly
Junction Details:
• 2S LType - (1)

Panel Material Breakdown:
---
Panel: 05-213
Level: 2
Description: 2FW 3FD
Bundle: -B2 (2x4 PW)
Panel Details:
• Category: Exterior
• Load Bearing: YES
• Length: 144 (12')
• Height: 97.125 (8'-1-1/8")
• Squaring: 14'-4-7/8"
• Thickness: 3.5
• Stud Spacing: 16
• Weight: 172 Lbs
• Production Notes: Poly
Junction Details:
• Ladder - Flat (Fixed) - (2)
• Subcomponent - (1)

Panel Material Breakdown:
---
Panel: 05-214
Level: 2
Description: 2FW 3FD
Bundle: -B2 (2x4 PW)
Panel Details:
• Category: Exterior
• Load Bearing: YES
• Length: 96.568 (8'-1/2")
• Height: 97.125 (8'-1-1/8")
• Squaring: 11'-3-7/8"
• Thickness: 3.5
• Stud Spacing: 16
• Weight: 114 Lbs
• Production Notes: Poly
Junction Details:
• Lad2Stud - (1)

Panel Material Breakdown:
---
Panel: 05-215
Level: 2
Description: 2FW 3FD
Bundle: -B2 (2x4 PW)
Panel Details:
• Category: Exterior
• Load Bearing: YES
• Length: 153.218 (12'-9-1/4")
• Height: 97.125 (8'-1-1/8")
• Squaring: 15'-5/8"
• Thickness: 5.5
• Stud Spacing: 16
• Weight: 328 Lbs
• Production Notes: Poly
Junction Details:
• LType - (2)

Panel Material Breakdown:
---
Panel: 05-233
Level: 2
Description: 2FW 3FD
Bundle: -B2 (2x4 PW)
Panel Details:
• Category: Exterior
• Load Bearing: NO
• Length: 11.75 (11-3/4")
• Height: 97.125 (8'-1-1/8")
• Squaring: 8'-3/8"
• Thickness: 3.5
• Stud Spacing: 16
• Weight: 32 Lbs
Panel Material Breakdown:
---
Panel: 05-216
Level: 2
Description: 2FW 3FD
Bundle: -B3 (2x4 Int)
Panel Details:
• Category: Interior
• Load Bearing: NO
• Length: 122.574 (10'-2-1/2")
• Height: 97.125 (8'-1-1/8")
• Squaring: 12'-11-1/2"
• Thickness: 3.5
• Stud Spacing: 16
• Weight: 124 Lbs
• Production Notes: Poly
Junction Details:
• LType - (1)

Panel Material Breakdown:
---
Panel: 05-217
Level: 2
Description: 2FW 3FD
Bundle: -B3 (2x4 Int)
Panel Details:
• Category: Interior
• Load Bearing: NO
• Length: 81.149 (6'-9-1/8")
• Height: 97.125 (8'-1-1/8")
• Squaring: 10'-5-1/2"
• Thickness: 3.5
• Stud Spacing: 16
• Weight: 136 Lbs
• Production Notes: Poly
Junction Details:
• LType - (2)
• Tee - (1)

Panel Material Breakdown:
---
Panel: 05-218
Level: 2
Description: 2FW 3FD
Bundle: -B3 (2x4 Int)
Panel Details:
• Category: Interior
• Load Bearing: NO
• Length: 63.616 (5'-3-5/8")
• Height: 97.125 (8'-1-1/8")
• Squaring: 9'-6-7/8"
• Thickness: 3.5
• Stud Spacing: 16
• Weight: 88 Lbs
• Production Notes: Poly
Junction Details:
• LType - (2)

Panel Material Breakdown:
---
Panel: 05-219
Level: 2
Description: 2FW 3FD
Bundle: -B3 (2x4 Int)
Panel Details:
• Category: Interior
• Load Bearing: NO
• Length: 32.291 (2'-8-1/4")
• Height: 97.125 (8'-1-1/8")
• Squaring: 8'-5"
• Thickness: 3.5
• Stud Spacing: 16
• Weight: 72 Lbs
• Production Notes: Poly
Junction Details:
• 2S LType - (1)
• LType - (2)

Panel Material Breakdown:
---
Panel: 05-220
Level: 2
Description: 2FW 3FD
Bundle: -B3 (2x4 Int)
Panel Details:
• Category: Interior
• Load Bearing: NO
• Length: 65.116 (5'-5-1/8")
• Height: 97.125 (8'-1-1/8")
• Squaring: 9'-7-3/4"
• Thickness: 3.5
• Stud Spacing: 16
• Weight: 70 Lbs
• Production Notes: Poly
Junction Details:
• LType - (1)
• Lad2Stud - (1)

Panel Material Breakdown:
---
Panel: 05-221
Level: 2
Description: 2FW 3FD
Bundle: -B3 (2x4 Int)
Panel Details:
• Category: Interior
• Load Bearing: NO
• Length: 43.744 (3'-7-3/4")
• Height: 97.125 (8'-1-1/8")
• Squaring: 8'-9-1/8"
• Thickness: 3.5
• Stud Spacing: 16
• Weight: 64 Lbs
• Production Notes: Poly
Junction Details:
• 2S LType - (1)
• LType - (1)

Panel Material Breakdown:
---
Panel: 05-222
Level: 2
Description: 2FW 3FD
Bundle: -B3 (2x4 Int)
Panel Details:
• Category: Interior
• Load Bearing: NO
• Length: 114.297 (9'-6-1/4")
• Height: 97.125 (8'-1-1/8")
• Squaring: 12'-5"
• Thickness: 3.5
• Stud Spacing: 16
• Weight: 134 Lbs
• Production Notes: Poly
Junction Details:
• LType - (1)
• Ladder - Flat (Fixed) - (1)
• Tee - (1)

Panel Material Breakdown:
---
Panel: 05-223
Level: 2
Description: 2FW 3FD
Bundle: -B3 (2x4 Int)
Panel Details:
• Category: Interior
• Load Bearing: NO
• Length: 24.452 (2'-1/2")
• Height: 97.125 (8'-1-1/8")
• Squaring: 8'-2-3/4"
• Thickness: 3.5
• Stud Spacing: 16
• Weight: 34 Lbs
• Production Notes: Poly
Junction Details:
• Ladder - Flat (Fixed) - (2)

Panel Material Breakdown:
---
Panel: 05-224
Level: 2
Description: 2FW 3FD
Bundle: -B3 (2x4 Int)
Panel Details:
• Category: Interior
• Load Bearing: NO
• Length: 116.297 (9'-8-1/4")
• Height: 97.125 (8'-1-1/8")
• Squaring: 12'-6-1/2"
• Thickness: 3.5
• Stud Spacing: 16
• Weight: 162 Lbs
• Production Notes: Poly
Junction Details:
• LType - (1)
• Lad2Stud - (1)
• Ladder - Flat (Fixed) - (2)

Panel Material Breakdown:
---
Panel: 05-225
Level: 2
Description: 2FW 3FD
Bundle: -B3 (2x4 Int)
Panel Details:
• Category: Interior
• Load Bearing: NO
• Length: 47.527 (3'-11-1/2")
• Height: 97.125 (8'-1-1/8")
• Squaring: 8'-10-3/4"
• Thickness: 3.5
• Stud Spacing: 16
• Weight: 74 Lbs
• Production Notes: Poly
Junction Details:
• Ladder - Flat (Fixed) - (2)

Panel Material Breakdown:
---
Panel: 05-226
Level: 2
Description: 2FW 3FD
Bundle: -B3 (2x4 Int)
Panel Details:
• Category: Interior
• Load Bearing: NO
• Length: 111.45 (9'-3-1/2")
• Height: 97.125 (8'-1-1/8")
• Squaring: 12'-2-7/8"
• Thickness: 3.5
• Stud Spacing: 16
• Weight: 182 Lbs
• Production Notes: Poly
Junction Details:
• LType - (2)
• Ladder - Flat (Fixed) - (1)
• Subcomponent - (1)

Panel Material Breakdown:
---
Panel: 05-227
Level: 2
Description: 2FW 3FD
Bundle: -B3 (2x4 Int)
Panel Details:
• Category: Interior
• Load Bearing: NO
• Length: 100.505 (8'-4-1/2")
• Height: 97.125 (8'-1-1/8")
• Squaring: 11'-6-3/4"
• Thickness: 3.5
• Stud Spacing: 16
• Weight: 108 Lbs
• Production Notes: Poly
Junction Details:
• LType - (1)
• Ladder - Flat (Fixed) - (1)

Panel Material Breakdown:
---
Panel: 05-228
Level: 2
Description: 2FW 3FD
Bundle: -B3 (2x4 Int)
Panel Details:
• Category: Interior
• Load Bearing: NO
• Length: 60.673 (5'-3/4")
• Height: 97.125 (8'-1-1/8")
• Squaring: 9'-5-1/4"
• Thickness: 3.5
• Stud Spacing: 16
• Weight: 70 Lbs
• Production Notes: Poly
Junction Details:
• LType - (2)

Panel Material Breakdown:
---
Panel: 05-229
Level: 2
Description: 2FW 3FD
Bundle: -B3 (2x4 Int)
Panel Details:
• Category: Interior
• Load Bearing: NO
• Length: 100.505 (8'-4-1/2")
• Height: 97.125 (8'-1-1/8")
• Squaring: 11'-6-3/4"
• Thickness: 3.5
• Stud Spacing: 16
• Weight: 122 Lbs
• Production Notes: Poly
Junction Details:
• LType - (1)
• Ladder - Flat (Fixed) - (1)

Panel Material Breakdown:
---
Panel: 05-230
Level: 2
Description: 2FW 3FD
Bundle: -B3 (2x4 Int)
Panel Details:
• Category: Interior
• Load Bearing: NO
• Length: 111.827 (9'-3-3/4")
• Height: 97.125 (8'-1-1/8")
• Squaring: 12'-3-1/8"
• Thickness: 3.5
• Stud Spacing: 16
• Weight: 124 Lbs
• Production Notes: Poly
Junction Details:
• Lad2Stud - (1)

Panel Material Breakdown:
---
Panel: 05-231
Level: 2
Description: 2FW 3FD
Bundle: -B3 (2x4 Int)
Panel Details:
• Category: Interior
• Load Bearing: NO
• Length: 121.277 (10'-1-1/4")
• Height: 97.125 (8'-1-1/8")
• Squaring: 12'-10-1/2"
• Thickness: 3.5
• Stud Spacing: 16
• Weight: 148 Lbs
• Production Notes: Poly
Junction Details:
• LType - (2)

Panel Material Breakdown:
---
Panel: 05-232
Level: 2
Description: 2FW 3FD
Bundle: -B3 (2x4 Int)
Panel Details:
• Category: Interior
• Load Bearing: NO
• Length: 63.419 (5'-3-1/2")
• Height: 97.125 (8'-1-1/8")
• Squaring: 9'-6-3/4"
• Thickness: 5.5
• Stud Spacing: 16
• Weight: 120 Lbs
• Production Notes: Poly
Junction Details:
• Lad2Stud - (2)

Panel Material Breakdown:
---
Panel: 05-209
Level: 2
Description: 2FW 3FD
Bundle: -B4 (HB)
Panel Details:
• Category: Exterior
• Load Bearing: YES
• Length: 59.015 (4'-11")
• Height: 83.75 (6'-11-3/4")
• Squaring: 8'-5-1/4"
• Thickness: 5.5
• Stud Spacing: 16
• Weight: 234 Lbs
Junction Details:
• Subcomponent - (1)

Panel Material Breakdown:
---
