
=== 07-103-104.log updated at 2025-09-08 02:15:19 for 07-103-104.EHX ===
File Location: EHX

=== V2.0 DIAGNOSTIC INFO ===
Junctions found: 1
Bundles found: 1
Total panels: 2
Panels assigned: 2
Panels unassigned: 0
Junction mappings: 2
Bundle layer mappings: {6: 'B6 (Tall)'}
========================

Panel: 07_103
Level: 1
Description: 1FW 2FD
Bundle: B6 (Tall)
Panel Details:
• Category: Exterior
• Load Bearing: YES
• Length: 118.39 (9'-10-3/8")
• Height: 216.5 (18'-1/2")
• Squaring: 20'-5-1/2"
• Thickness: 5.5
• Stud Spacing: 12
• Sheathing Layer 1: 1/2" BP R1.5 4x8
• Weight: 938 Lbs
• Production Notes: Typar
• Rough Opening: 73x63-L1 - 63 x 73 (AFF: 201.375 (16'-9-3/8")) [Headers: L]
• Rough Opening: DR-1-ENT-L1 - 92.5 x 67.5 (AFF: 94.0 (7'-10")) [Headers: K]
Beam Pocket Details: 1 beam pocket
• Beam Pocket 1
  Bottom AFF: Unknown
  Top AFF: Unknown


Panel Material Breakdown:
A - BottomPlate - 2x6 SPF PM No.2 - (1) - 9'-10-1/4"
AF - Nog - 2x6 SPF Stud - (3) - 10"
AG - Nog - 2x6 SPF Stud - (2) - 6-3/4"
AH - Nog - 2x6 SPF Stud - (2) - 4-1/4"
AI - Nog - 2x6 SPF Stud - (5) - 7-3/4"
AJ - Nog - 2x6 SPF Stud - (3) - 3"
AK - FillerCripple - 2x6 SPF Stud - (8) - 3-3/8"
AL - HeaderCap - 2x6 SPF Stud - (1) - 6'-1-1/2"
AM - FillerBtmNailer - 2x6 SPF Stud - (1) - 6'-1"
B - TopPlate - 2x6 SPF PM No.2 - (1) - 9'-10-1/4"
C - VeryTopPlate - 2x6 SPF PM No.2 - (1) - 9'-4-5/8"
D - KingStud - 2x6 SPF Stud - (4) - 17'-8"
E - KingStud - 2x6 SPF Stud - (1) - 9'-2-3/4"
F - KingStud - 2x6 SPF Stud - (1) - 11'-3-3/8"
G - Trimmer - 2x6 SPF Stud - (4) - 7'-8-1/2"
H - Trimmer - 2x6 SPF Stud - (2) - 8'-7-1/2"
I - Trimmer - 2x6 SPF Stud - (2) - 17'-3/4"
J - Trimmer - 2x6 SPF Stud - (2) - 7'-9"
K - Header - 2x8 SPF No.2 - (3) - 6'-1-1/2"
L - Header - 2x8 SPF No.2 - (2) - 6'-7"
M - HeaderSill - 2x6 SPF Stud - (1) - 5'-7-1/2"
N - WindowSill - 2x6 SPF Stud - (1) - 6'-1"
O - SillCripple - 2x6 SPF Stud - (6) - 2'-10-1/8"
P - SillCripple - 2x6 SPF Stud - (2) - 11'-3-3/8"
Q - HeaderCripple - 2x6 SPF Stud - (1) - 9'-2-3/4"
R - HeaderCripple - 2x6 SPF Stud - (1) - 2'-10-1/8"
S - Stud - 2x6 SPF Stud - (5) - 17'-8"
T - Sheathing - 1/2" BP R1.5 4x8 - (1) - 8' x 1'-10-1/2"
V - Sheathing - 1/2" BP R1.5 4x8 - (1) - 4'-8-7/8" x 1'-10-1/2"
---
Panel: 07_104
Level: 1
Description: 1FW 2FD
Bundle: B6 (Tall)
Panel Details:
• Category: Exterior
• Load Bearing: YES
• Length: 65.728 (5'-5-3/4")
• Height: 216.5 (18'-1/2")
• Squaring: 18'-8-3/4"
• Thickness: 5.5
• Stud Spacing: 12
• Sheathing Layer 1: 1/2" BP R1.5 4x8
• Sheathing Layer 2: 7/16" 4x8 OSB
• Weight: 508 Lbs
• Production Notes: Typar
• Rough Opening: 25x137-L1 - 137 x 25 (AFF: 201.375 (16'-9-3/8")) [Headers: F]

Panel Material Breakdown:
A - BottomPlate - 2x6 SPF PM No.2 - (1) - 5'-5-3/4"
B - TopPlate - 2x6 SPF PM No.2 - (1) - 5'-5-3/4"
C - VeryTopPlate - 2x6 SPF PM No.2 - (1) - 5'-11-1/4"
D - KingStud - 2x6 SPF Stud - (2) - 17'-8"
E - Trimmer - 2x6 SPF Stud - (2) - 17'-3/4"
F - Header - 2x8 SPF No.2 - (2) - 2'-4"
G - WindowSill - 2x6 SPF Stud - (1) - 2'-1"
H - SillCripple - 2x6 SPF Stud - (3) - 5'-1-3/8"
I - Stud - 2x6 SPF Stud - (6) - 17'-8"
J - CriticalStud - 2x6 SPF Stud - (2) - 17'-8"
K - Sheathing - 1/2" BP R1.5 4x8 - (1) - 8' x 1'-5-3/4"
O - Sheathing - 7/16" 4x8 OSB - (1) - 5'-4-3/8" x 3'-7-1/2"
W - Nog - 2x6 SPF Stud - (8) - 9"
X - FillerCripple - 2x6 SPF Stud - (3) - 3-3/8"
Y - FillerBtmNailer - 2x6 SPF Stud - (1) - 2'-1"
---
