=== Debug Log Started: 2025-09-08 09:49:42 ===
2025-09-08 09:49:42 - INFO - Starting GUI creation...
2025-09-08 09:49:43 - INFO - GUI created, starting mainloop...
2025-09-08 09:49:45 - DEBUG - Detected EHX format: legacy
2025-09-08 09:49:45 - DEBUG - Calculated squaring for panel fcf85cb8-ad17-402c-b4e6-93c552d34341: 151.777 inches -> 12'-7-3/4"
2025-09-08 09:49:45 - DEBUG - Panel fcf85cb8-ad17-402c-b4e6-93c552d34341 has 38 elevation views
2025-09-08 09:49:45 - DEBUG - Elevation 0: min_y=0.0, max_y=0.0, height=0.0, points=4
2025-09-08 09:49:45 - DEBUG - Elevation 1: min_y=0.0, max_y=0.0, height=0.0, points=4
2025-09-08 09:49:45 - DEBUG - Elevation 2: min_y=0.0, max_y=1.5, height=1.5, points=4
2025-09-08 09:49:45 - DEBUG - Elevation 3: min_y=106.125, max_y=107.625, height=1.5, points=4
2025-09-08 09:49:45 - DEBUG - Elevation 4: min_y=107.625, max_y=109.125, height=1.5, points=4
2025-09-08 09:49:45 - DEBUG - Elevation 5: min_y=1.5, max_y=106.125, height=104.625, points=4
2025-09-08 09:49:45 - DEBUG - Elevation 6: min_y=0.0, max_y=109.125, height=109.125, points=4
2025-09-08 09:49:45 - DEBUG - Elevation 7: min_y=0.0, max_y=108.0, height=108.0, points=4
2025-09-08 09:49:45 - DEBUG - Elevation 8: min_y=92.75, max_y=108.0, height=15.25, points=4
2025-09-08 09:49:45 - DEBUG - Elevation 9: min_y=0.0, max_y=108.0, height=108.0, points=4
2025-09-08 09:49:45 - DEBUG - Elevation 10: min_y=1.5, max_y=106.125, height=104.625, points=4
2025-09-08 09:49:45 - DEBUG - Elevation 11: min_y=1.5, max_y=75.25, height=73.75, points=4
2025-09-08 09:49:45 - DEBUG - Elevation 12: min_y=1.5, max_y=75.25, height=73.75, points=4
2025-09-08 09:49:45 - DEBUG - Elevation 13: min_y=1.5, max_y=106.125, height=104.625, points=4
2025-09-08 09:49:45 - DEBUG - Elevation 14: min_y=1.5, max_y=106.125, height=104.625, points=4
2025-09-08 09:49:45 - DEBUG - Elevation 15: min_y=1.5, max_y=106.125, height=104.625, points=4
2025-09-08 09:49:45 - DEBUG - Elevation 16: min_y=1.5, max_y=98.875, height=97.375, points=4
2025-09-08 09:49:45 - DEBUG - Elevation 17: min_y=98.875, max_y=106.125, height=7.25, points=4
2025-09-08 09:49:45 - DEBUG - Elevation 18: min_y=98.875, max_y=106.125, height=7.25, points=4
2025-09-08 09:49:45 - DEBUG - Elevation 19: min_y=1.5, max_y=98.875, height=97.375, points=4
2025-09-08 09:49:45 - DEBUG - Elevation 20: min_y=0.0, max_y=92.75, height=92.75, points=4
2025-09-08 09:49:45 - DEBUG - Elevation 21: min_y=92.75, max_y=94.25, height=1.5, points=4
2025-09-08 09:49:45 - DEBUG - Elevation 22: min_y=94.25, max_y=98.875, height=4.625, points=4
2025-09-08 09:49:45 - DEBUG - Elevation 23: min_y=94.25, max_y=98.875, height=4.625, points=4
2025-09-08 09:49:45 - DEBUG - Elevation 24: min_y=94.25, max_y=98.875, height=4.625, points=4
2025-09-08 09:49:45 - DEBUG - Elevation 25: min_y=94.25, max_y=98.875, height=4.625, points=4
2025-09-08 09:49:45 - DEBUG - Elevation 26: min_y=94.25, max_y=98.875, height=4.625, points=4
2025-09-08 09:49:45 - DEBUG - Elevation 27: min_y=1.5, max_y=98.875, height=97.375, points=4
2025-09-08 09:49:45 - DEBUG - Elevation 28: min_y=1.5, max_y=98.875, height=97.375, points=4
2025-09-08 09:49:45 - DEBUG - Elevation 29: min_y=1.5, max_y=106.125, height=104.625, points=4
2025-09-08 09:49:45 - DEBUG - Elevation 30: min_y=1.5, max_y=106.125, height=104.625, points=4
2025-09-08 09:49:45 - DEBUG - Elevation 31: min_y=1.5, max_y=106.125, height=104.625, points=4
2025-09-08 09:49:45 - DEBUG - Elevation 32: min_y=1.5, max_y=106.125, height=104.625, points=4
2025-09-08 09:49:45 - DEBUG - Elevation 33: min_y=1.5, max_y=106.125, height=104.625, points=4
2025-09-08 09:49:45 - DEBUG - Elevation 34: min_y=1.5, max_y=106.125, height=104.625, points=4
2025-09-08 09:49:45 - DEBUG - Elevation 35: min_y=1.5, max_y=75.25, height=73.75, points=4
2025-09-08 09:49:45 - DEBUG - Elevation 36: min_y=1.5, max_y=75.25, height=73.75, points=4
2025-09-08 09:49:45 - DEBUG - Elevation 37: min_y=1.5, max_y=106.125, height=104.625, points=4
2025-09-08 09:49:45 - DEBUG - SubAssembly found - Family: 'Beampocket', Label: '', Name: 'Beampocket'
2025-09-08 09:49:45 - DEBUG - Found rough opening or beam pocket SubAssembly: Beampocket
2025-09-08 09:49:45 - DEBUG - SubAssembly found - Family: 'DR-9-ENT-L1', Label: '', Name: 'DR-9-ENT-L1'
2025-09-08 09:49:45 - DEBUG - SubAssembly found - Family: 'Critical Stud', Label: '', Name: 'Critical Stud'
2025-09-08 09:49:45 - DEBUG - SubAssembly found - Family: 'Beampocket', Label: '', Name: 'Beampocket'
2025-09-08 09:49:45 - DEBUG - Found rough opening or beam pocket SubAssembly: Beampocket
2025-09-08 09:49:45 - DEBUG - Calculated squaring for panel c3e7cacf-3c9e-41e6-a002-cf1ff1bae23b: 139.794 inches -> 11'-7-3/4"
2025-09-08 09:49:45 - DEBUG - Panel c3e7cacf-3c9e-41e6-a002-cf1ff1bae23b has 16 elevation views
2025-09-08 09:49:45 - DEBUG - Elevation 0: min_y=0.0, max_y=1.5, height=1.5, points=4
2025-09-08 09:49:45 - DEBUG - Elevation 1: min_y=106.125, max_y=107.625, height=1.5, points=4
2025-09-08 09:49:45 - DEBUG - Elevation 2: min_y=1.5, max_y=106.125, height=104.625, points=4
2025-09-08 09:49:45 - DEBUG - Elevation 3: min_y=1.5, max_y=106.125, height=104.625, points=4
2025-09-08 09:49:45 - DEBUG - Elevation 4: min_y=107.625, max_y=109.125, height=1.5, points=4
2025-09-08 09:49:45 - DEBUG - Elevation 5: min_y=1.5, max_y=106.125, height=104.625, points=4
2025-09-08 09:49:45 - DEBUG - Elevation 6: min_y=1.5, max_y=106.125, height=104.625, points=4
2025-09-08 09:49:45 - DEBUG - Elevation 7: min_y=1.5, max_y=106.125, height=104.625, points=4
2025-09-08 09:49:45 - DEBUG - Elevation 8: min_y=1.5, max_y=106.125, height=104.625, points=4
2025-09-08 09:49:45 - DEBUG - Elevation 9: min_y=1.5, max_y=106.125, height=104.625, points=4
2025-09-08 09:49:45 - DEBUG - Elevation 10: min_y=0.0, max_y=108.0, height=108.0, points=4
2025-09-08 09:49:45 - DEBUG - Elevation 11: min_y=0.0, max_y=108.0, height=108.0, points=4
2025-09-08 09:49:45 - DEBUG - Elevation 12: min_y=1.5, max_y=106.125, height=104.625, points=4
2025-09-08 09:49:45 - DEBUG - Elevation 13: min_y=1.5, max_y=106.125, height=104.625, points=4
2025-09-08 09:49:45 - DEBUG - Elevation 14: min_y=1.5, max_y=106.125, height=104.625, points=4
2025-09-08 09:49:45 - DEBUG - Elevation 15: min_y=1.5, max_y=106.125, height=104.625, points=4
2025-09-08 09:49:45 - DEBUG - SubAssembly found - Family: 'Critical Stud', Label: '', Name: 'Critical Stud'
2025-09-08 09:49:45 - DEBUG - Calculated squaring for panel 1ead676b-618c-4c1c-8de3-f373b2ab0cd1: 113.421 inches -> 9'-5-1/2"
2025-09-08 09:49:45 - DEBUG - Panel 1ead676b-618c-4c1c-8de3-f373b2ab0cd1 has 13 elevation views
2025-09-08 09:49:45 - DEBUG - Elevation 0: min_y=0.0, max_y=0.0, height=0.0, points=4
2025-09-08 09:49:45 - DEBUG - Elevation 1: min_y=0.0, max_y=1.5, height=1.5, points=4
2025-09-08 09:49:45 - DEBUG - Elevation 2: min_y=106.125, max_y=107.625, height=1.5, points=4
2025-09-08 09:49:45 - DEBUG - Elevation 3: min_y=107.625, max_y=109.125, height=1.5, points=4
2025-09-08 09:49:45 - DEBUG - Elevation 4: min_y=1.5, max_y=106.125, height=104.625, points=4
2025-09-08 09:49:45 - DEBUG - Elevation 5: min_y=1.5, max_y=106.125, height=104.625, points=4
2025-09-08 09:49:45 - DEBUG - Elevation 6: min_y=0.0, max_y=108.0, height=108.0, points=4
2025-09-08 09:49:45 - DEBUG - Elevation 7: min_y=1.5, max_y=106.125, height=104.625, points=4
2025-09-08 09:49:45 - DEBUG - Elevation 8: min_y=1.5, max_y=106.125, height=104.625, points=4
2025-09-08 09:49:45 - DEBUG - Elevation 9: min_y=1.5, max_y=106.125, height=104.625, points=4
2025-09-08 09:49:45 - DEBUG - Elevation 10: min_y=1.5, max_y=106.125, height=104.625, points=4
2025-09-08 09:49:45 - DEBUG - Elevation 11: min_y=1.5, max_y=106.125, height=104.625, points=4
2025-09-08 09:49:45 - DEBUG - Elevation 12: min_y=1.5, max_y=106.125, height=104.625, points=4
2025-09-08 09:49:45 - DEBUG - SubAssembly found - Family: 'Critical Stud', Label: '', Name: 'Critical Stud'
2025-09-08 09:49:45 - DEBUG - Calculated squaring for panel 3eadb292-5d7d-4ab6-9411-b69c3f400eb6: 157.879 inches -> 13'-1-7/8"
2025-09-08 09:49:45 - DEBUG - Panel 3eadb292-5d7d-4ab6-9411-b69c3f400eb6 has 27 elevation views
2025-09-08 09:49:45 - DEBUG - Elevation 0: min_y=0.0, max_y=1.5, height=1.5, points=4
2025-09-08 09:49:45 - DEBUG - Elevation 1: min_y=106.125, max_y=107.625, height=1.5, points=4
2025-09-08 09:49:45 - DEBUG - Elevation 2: min_y=107.625, max_y=109.125, height=1.5, points=4
2025-09-08 09:49:45 - DEBUG - Elevation 3: min_y=1.5, max_y=106.125, height=104.625, points=4
2025-09-08 09:49:45 - DEBUG - Elevation 4: min_y=1.5, max_y=106.125, height=104.625, points=4
2025-09-08 09:49:45 - DEBUG - Elevation 5: min_y=0.0, max_y=108.0, height=108.0, points=4
2025-09-08 09:49:45 - DEBUG - Elevation 6: min_y=92.5, max_y=108.0, height=15.5, points=4
2025-09-08 09:49:45 - DEBUG - Elevation 7: min_y=0.0, max_y=108.0, height=108.0, points=4
2025-09-08 09:49:45 - DEBUG - Elevation 8: min_y=0.0, max_y=109.125, height=109.125, points=4
2025-09-08 09:49:45 - DEBUG - Elevation 9: min_y=1.5, max_y=106.125, height=104.625, points=4
2025-09-08 09:49:45 - DEBUG - Elevation 10: min_y=1.5, max_y=106.125, height=104.625, points=4
2025-09-08 09:49:45 - DEBUG - Elevation 11: min_y=1.5, max_y=96.625, height=95.125, points=4
2025-09-08 09:49:45 - DEBUG - Elevation 12: min_y=96.625, max_y=106.125, height=9.5, points=4
2025-09-08 09:49:45 - DEBUG - Elevation 13: min_y=96.625, max_y=106.125, height=9.5, points=4
2025-09-08 09:49:45 - DEBUG - Elevation 14: min_y=1.5, max_y=96.625, height=95.125, points=4
2025-09-08 09:49:45 - DEBUG - Elevation 15: min_y=0.0, max_y=92.5, height=92.5, points=4
2025-09-08 09:49:45 - DEBUG - Elevation 16: min_y=92.5, max_y=94.0, height=1.5, points=4
2025-09-08 09:49:45 - DEBUG - Elevation 17: min_y=94.0, max_y=95.5, height=1.5, points=4
2025-09-08 09:49:45 - DEBUG - Elevation 18: min_y=95.5, max_y=96.25, height=0.75, points=4
2025-09-08 09:49:45 - DEBUG - Elevation 19: min_y=96.25, max_y=96.625, height=0.375, points=4
2025-09-08 09:49:45 - DEBUG - Elevation 20: min_y=1.5, max_y=96.625, height=95.125, points=4
2025-09-08 09:49:45 - DEBUG - Elevation 21: min_y=1.5, max_y=96.625, height=95.125, points=4
2025-09-08 09:49:45 - DEBUG - Elevation 22: min_y=1.5, max_y=106.125, height=104.625, points=4
2025-09-08 09:49:45 - DEBUG - Elevation 23: min_y=1.5, max_y=106.125, height=104.625, points=4
2025-09-08 09:49:45 - DEBUG - Elevation 24: min_y=1.5, max_y=106.125, height=104.625, points=4
2025-09-08 09:49:45 - DEBUG - Elevation 25: min_y=1.5, max_y=106.125, height=104.625, points=4
2025-09-08 09:49:45 - DEBUG - Elevation 26: min_y=107.625, max_y=109.125, height=1.5, points=4
2025-09-08 09:49:45 - DEBUG - SubAssembly found - Family: 'End Stud Assembly', Label: '', Name: 'End Stud Assembly'
2025-09-08 09:49:45 - DEBUG - SubAssembly found - Family: 'PATIO-6-0-LVL3', Label: '', Name: 'PATIO-6-0-LVL3'
2025-09-08 09:49:45 - DEBUG - SubAssembly found - Family: 'Critical Stud', Label: '', Name: 'Critical Stud'
2025-09-08 09:49:45 - DEBUG - Calculated squaring for panel 1cb54951-9599-4ff8-a828-efcb7e02cc03: 108.071 inches -> 9'
2025-09-08 09:49:45 - DEBUG - Panel 1cb54951-9599-4ff8-a828-efcb7e02cc03 has 11 elevation views
2025-09-08 09:49:45 - DEBUG - Elevation 0: min_y=0.0, max_y=0.0, height=0.0, points=4
2025-09-08 09:49:45 - DEBUG - Elevation 1: min_y=0.0, max_y=1.5, height=1.5, points=4
2025-09-08 09:49:45 - DEBUG - Elevation 2: min_y=106.125, max_y=107.625, height=1.5, points=4
2025-09-08 09:49:45 - DEBUG - Elevation 3: min_y=107.625, max_y=109.125, height=1.5, points=4
2025-09-08 09:49:45 - DEBUG - Elevation 4: min_y=0.0, max_y=108.0, height=108.0, points=4
2025-09-08 09:49:45 - DEBUG - Elevation 5: min_y=0.0, max_y=96.0, height=96.0, points=4
2025-09-08 09:49:45 - DEBUG - Elevation 6: min_y=96.0, max_y=108.0, height=12.0, points=4
2025-09-08 09:49:45 - DEBUG - Elevation 7: min_y=0.0, max_y=109.125, height=109.125, points=4
2025-09-08 09:49:45 - DEBUG - Elevation 8: min_y=1.5, max_y=106.125, height=104.625, points=4
2025-09-08 09:49:45 - DEBUG - Elevation 9: min_y=1.5, max_y=106.125, height=104.625, points=4
2025-09-08 09:49:45 - DEBUG - Elevation 10: min_y=1.5, max_y=106.125, height=104.625, points=4
2025-09-08 09:49:45 - DEBUG - SubAssembly found - Family: 'End Stud Assembly', Label: '', Name: 'End Stud Assembly'
2025-09-08 09:49:45 - DEBUG - SubAssembly found - Family: 'LType', Label: '', Name: 'LType'
2025-09-08 09:49:45 - DEBUG - Calculated squaring for panel b7946d62-054a-4ab4-9da2-176da4539971: 144.515 inches -> 12'-1/2"
2025-09-08 09:49:45 - DEBUG - Panel b7946d62-054a-4ab4-9da2-176da4539971 has 38 elevation views
2025-09-08 09:49:45 - DEBUG - Elevation 0: min_y=0.0, max_y=1.5, height=1.5, points=4
2025-09-08 09:49:45 - DEBUG - Elevation 1: min_y=106.125, max_y=107.625, height=1.5, points=4
2025-09-08 09:49:45 - DEBUG - Elevation 2: min_y=107.625, max_y=109.125, height=1.5, points=4
2025-09-08 09:49:45 - DEBUG - Elevation 3: min_y=1.5, max_y=106.125, height=104.625, points=4
2025-09-08 09:49:45 - DEBUG - Elevation 4: min_y=1.5, max_y=106.125, height=104.625, points=4
2025-09-08 09:49:45 - DEBUG - Elevation 5: min_y=0.0, max_y=108.0, height=108.0, points=4
2025-09-08 09:49:45 - DEBUG - Elevation 6: min_y=0.0, max_y=29.5, height=29.5, points=4
2025-09-08 09:49:45 - DEBUG - Elevation 7: min_y=92.5, max_y=108.0, height=15.5, points=4
2025-09-08 09:49:45 - DEBUG - Elevation 8: min_y=0.0, max_y=108.0, height=108.0, points=4
2025-09-08 09:49:45 - DEBUG - Elevation 9: min_y=1.5, max_y=106.125, height=104.625, points=4
2025-09-08 09:49:45 - DEBUG - Elevation 10: min_y=1.5, max_y=96.875, height=95.375, points=4
2025-09-08 09:49:45 - DEBUG - Elevation 11: min_y=96.875, max_y=106.125, height=9.25, points=4
2025-09-08 09:49:45 - DEBUG - Elevation 12: min_y=96.875, max_y=106.125, height=9.25, points=4
2025-09-08 09:49:45 - DEBUG - Elevation 13: min_y=96.875, max_y=106.125, height=9.25, points=4
2025-09-08 09:49:45 - DEBUG - Elevation 14: min_y=1.5, max_y=96.875, height=95.375, points=4
2025-09-08 09:49:45 - DEBUG - Elevation 15: min_y=1.5, max_y=96.875, height=95.375, points=4
2025-09-08 09:49:45 - DEBUG - Elevation 16: min_y=10.25, max_y=28.0, height=17.75, points=4
2025-09-08 09:49:45 - DEBUG - Elevation 17: min_y=28.0, max_y=29.5, height=1.5, points=4
2025-09-08 09:49:45 - DEBUG - Elevation 18: min_y=29.5, max_y=92.5, height=63.0, points=4
2025-09-08 09:49:45 - DEBUG - Elevation 19: min_y=92.5, max_y=94.0, height=1.5, points=4
2025-09-08 09:49:45 - DEBUG - Elevation 20: min_y=94.0, max_y=95.5, height=1.5, points=4
2025-09-08 09:49:45 - DEBUG - Elevation 21: min_y=95.5, max_y=96.25, height=0.75, points=4
2025-09-08 09:49:45 - DEBUG - Elevation 22: min_y=96.25, max_y=96.875, height=0.625, points=4
2025-09-08 09:49:45 - DEBUG - Elevation 23: min_y=10.25, max_y=28.0, height=17.75, points=4
2025-09-08 09:49:45 - DEBUG - Elevation 24: min_y=1.5, max_y=96.875, height=95.375, points=4
2025-09-08 09:49:45 - DEBUG - Elevation 25: min_y=1.5, max_y=96.875, height=95.375, points=4
2025-09-08 09:49:45 - DEBUG - Elevation 26: min_y=1.5, max_y=96.875, height=95.375, points=4
2025-09-08 09:49:45 - DEBUG - Elevation 27: min_y=1.5, max_y=106.125, height=104.625, points=4
2025-09-08 09:49:45 - DEBUG - Elevation 28: min_y=0.0, max_y=1.5, height=1.5, points=4
2025-09-08 09:49:45 - DEBUG - Elevation 29: min_y=1.5, max_y=8.75, height=7.25, points=4
2025-09-08 09:49:45 - DEBUG - Elevation 30: min_y=1.5, max_y=8.75, height=7.25, points=4
2025-09-08 09:49:45 - DEBUG - Elevation 31: min_y=8.75, max_y=10.25, height=1.5, points=4
2025-09-08 09:49:45 - DEBUG - Elevation 32: min_y=10.25, max_y=28.0, height=17.75, points=4
2025-09-08 09:49:45 - DEBUG - Elevation 33: min_y=10.25, max_y=28.0, height=17.75, points=4
2025-09-08 09:49:45 - DEBUG - Elevation 34: min_y=10.25, max_y=28.0, height=17.75, points=4
2025-09-08 09:49:45 - DEBUG - Elevation 35: min_y=10.25, max_y=28.0, height=17.75, points=4
2025-09-08 09:49:45 - DEBUG - Elevation 36: min_y=1.5, max_y=106.125, height=104.625, points=4
2025-09-08 09:49:45 - DEBUG - Elevation 37: min_y=0.0, max_y=109.125, height=109.125, points=4
2025-09-08 09:49:45 - DEBUG - SubAssembly found - Family: '61x63-L4', Label: '', Name: '61x63-L4'
2025-09-08 09:49:45 - DEBUG - SubAssembly found - Family: 'BSMT-HDR', Label: '', Name: 'BSMT-HDR'
2025-09-08 09:49:45 - DEBUG - SubAssembly found - Family: 'End Stud Assembly', Label: '', Name: 'End Stud Assembly'
2025-09-08 09:49:45 - DEBUG - Calculated squaring for panel cd217e26-0b1c-4d87-b199-4677e88e1850: 124.663 inches -> 10'-4-3/4"
2025-09-08 09:49:45 - DEBUG - Panel cd217e26-0b1c-4d87-b199-4677e88e1850 has 11 elevation views
2025-09-08 09:49:45 - DEBUG - Elevation 0: min_y=0.0, max_y=1.5, height=1.5, points=4
2025-09-08 09:49:45 - DEBUG - Elevation 1: min_y=1.5, max_y=106.125, height=104.625, points=4
2025-09-08 09:49:45 - DEBUG - Elevation 2: min_y=106.125, max_y=107.625, height=1.5, points=4
2025-09-08 09:49:45 - DEBUG - Elevation 3: min_y=107.625, max_y=109.125, height=1.5, points=4
2025-09-08 09:49:45 - DEBUG - Elevation 4: min_y=1.5, max_y=106.125, height=104.625, points=4
2025-09-08 09:49:45 - DEBUG - Elevation 5: min_y=1.5, max_y=106.125, height=104.625, points=4
2025-09-08 09:49:45 - DEBUG - Elevation 6: min_y=1.5, max_y=106.125, height=104.625, points=4
2025-09-08 09:49:45 - DEBUG - Elevation 7: min_y=1.5, max_y=106.125, height=104.625, points=4
2025-09-08 09:49:45 - DEBUG - Elevation 8: min_y=1.5, max_y=106.125, height=104.625, points=4
2025-09-08 09:49:45 - DEBUG - Elevation 9: min_y=0.0, max_y=108.0, height=108.0, points=4
2025-09-08 09:49:45 - DEBUG - Elevation 10: min_y=0.0, max_y=108.0, height=108.0, points=4
2025-09-08 09:49:45 - DEBUG - Calculated squaring for panel 80c3c16d-8a1a-4043-a9a0-e7b12d5a004b: 117.538 inches -> 9'-9-1/2"
2025-09-08 09:49:45 - DEBUG - Panel 80c3c16d-8a1a-4043-a9a0-e7b12d5a004b has 23 elevation views
2025-09-08 09:49:45 - DEBUG - Elevation 0: min_y=0.0, max_y=0.0, height=0.0, points=4
2025-09-08 09:49:45 - DEBUG - Elevation 1: min_y=0.0, max_y=1.5, height=1.5, points=4
2025-09-08 09:49:45 - DEBUG - Elevation 2: min_y=106.125, max_y=107.625, height=1.5, points=4
2025-09-08 09:49:45 - DEBUG - Elevation 3: min_y=107.625, max_y=109.125, height=1.5, points=4
2025-09-08 09:49:45 - DEBUG - Elevation 4: min_y=0.0, max_y=108.0, height=108.0, points=4
2025-09-08 09:49:45 - DEBUG - Elevation 5: min_y=82.75, max_y=108.0, height=25.25, points=4
2025-09-08 09:49:45 - DEBUG - Elevation 6: min_y=0.0, max_y=108.0, height=108.0, points=4
2025-09-08 09:49:45 - DEBUG - Elevation 7: min_y=1.5, max_y=106.125, height=104.625, points=4
2025-09-08 09:49:45 - DEBUG - Elevation 8: min_y=1.5, max_y=106.125, height=104.625, points=4
2025-09-08 09:49:45 - DEBUG - Elevation 9: min_y=1.5, max_y=106.125, height=104.625, points=4
2025-09-08 09:49:45 - DEBUG - Elevation 10: min_y=1.5, max_y=106.125, height=104.625, points=4
2025-09-08 09:49:45 - DEBUG - Elevation 11: min_y=1.5, max_y=106.125, height=104.625, points=4
2025-09-08 09:49:45 - DEBUG - Elevation 12: min_y=1.5, max_y=98.875, height=97.375, points=4
2025-09-08 09:49:45 - DEBUG - Elevation 13: min_y=98.875, max_y=106.125, height=7.25, points=4
2025-09-08 09:49:45 - DEBUG - Elevation 14: min_y=98.875, max_y=106.125, height=7.25, points=4
2025-09-08 09:49:45 - DEBUG - Elevation 15: min_y=0.0, max_y=82.75, height=82.75, points=4
2025-09-08 09:49:45 - DEBUG - Elevation 16: min_y=82.75, max_y=84.25, height=1.5, points=4
2025-09-08 09:49:45 - DEBUG - Elevation 17: min_y=84.25, max_y=98.875, height=14.625, points=4
2025-09-08 09:49:45 - DEBUG - Elevation 18: min_y=84.25, max_y=98.875, height=14.625, points=4
2025-09-08 09:49:45 - DEBUG - Elevation 19: min_y=84.25, max_y=98.875, height=14.625, points=4
2025-09-08 09:49:45 - DEBUG - Elevation 20: min_y=84.25, max_y=98.875, height=14.625, points=4
2025-09-08 09:49:45 - DEBUG - Elevation 21: min_y=1.5, max_y=98.875, height=97.375, points=4
2025-09-08 09:49:45 - DEBUG - Elevation 22: min_y=1.5, max_y=106.125, height=104.625, points=4
2025-09-08 09:49:45 - DEBUG - SubAssembly found - Family: 'Stud', Label: '', Name: 'Stud'
2025-09-08 09:49:45 - DEBUG - SubAssembly found - Family: 'DR-1-GAR-L1', Label: '', Name: 'DR-1-GAR-L1'
2025-09-08 09:49:45 - DEBUG - Calculated squaring for panel d9036b46-e634-4eae-a719-accd7bb6b93a: 131.252 inches -> 10'-11-1/4"
2025-09-08 09:49:45 - DEBUG - Panel d9036b46-e634-4eae-a719-accd7bb6b93a has 14 elevation views
2025-09-08 09:49:45 - DEBUG - Elevation 0: min_y=107.625, max_y=109.125, height=1.5, points=4
2025-09-08 09:49:45 - DEBUG - Elevation 1: min_y=0.0, max_y=1.5, height=1.5, points=4
2025-09-08 09:49:45 - DEBUG - Elevation 2: min_y=1.5, max_y=106.125, height=104.625, points=4
2025-09-08 09:49:45 - DEBUG - Elevation 3: min_y=106.125, max_y=107.625, height=1.5, points=4
2025-09-08 09:49:45 - DEBUG - Elevation 4: min_y=1.5, max_y=106.125, height=104.625, points=4
2025-09-08 09:49:45 - DEBUG - Elevation 5: min_y=1.5, max_y=106.125, height=104.625, points=4
2025-09-08 09:49:45 - DEBUG - Elevation 6: min_y=1.5, max_y=106.125, height=104.625, points=4
2025-09-08 09:49:45 - DEBUG - Elevation 7: min_y=1.5, max_y=106.125, height=104.625, points=4
2025-09-08 09:49:45 - DEBUG - Elevation 8: min_y=0.0, max_y=108.0, height=108.0, points=4
2025-09-08 09:49:45 - DEBUG - Elevation 9: min_y=0.0, max_y=108.0, height=108.0, points=4
2025-09-08 09:49:45 - DEBUG - Elevation 10: min_y=1.5, max_y=106.125, height=104.625, points=4
2025-09-08 09:49:45 - DEBUG - Elevation 11: min_y=1.5, max_y=106.125, height=104.625, points=4
2025-09-08 09:49:45 - DEBUG - Elevation 12: min_y=1.5, max_y=106.125, height=104.625, points=4
2025-09-08 09:49:45 - DEBUG - Elevation 13: min_y=107.625, max_y=109.125, height=1.5, points=4
2025-09-08 09:49:45 - DEBUG - SubAssembly found - Family: 'Critical Stud', Label: '', Name: 'Critical Stud'
2025-09-08 09:49:45 - DEBUG - Calculated squaring for panel bb0beb26-cf54-4106-b171-96d5ec144ec5: 113.552 inches -> 9'-5-1/2"
2025-09-08 09:49:45 - DEBUG - Panel bb0beb26-cf54-4106-b171-96d5ec144ec5 has 14 elevation views
2025-09-08 09:49:45 - DEBUG - Elevation 0: min_y=0.0, max_y=0.0, height=0.0, points=4
2025-09-08 09:49:45 - DEBUG - Elevation 1: min_y=0.0, max_y=0.0, height=0.0, points=4
2025-09-08 09:49:45 - DEBUG - Elevation 2: min_y=0.0, max_y=1.5, height=1.5, points=4
2025-09-08 09:49:45 - DEBUG - Elevation 3: min_y=106.125, max_y=107.625, height=1.5, points=4
2025-09-08 09:49:45 - DEBUG - Elevation 4: min_y=107.625, max_y=109.125, height=1.5, points=4
2025-09-08 09:49:45 - DEBUG - Elevation 5: min_y=1.5, max_y=106.125, height=104.625, points=4
2025-09-08 09:49:45 - DEBUG - Elevation 6: min_y=0.0, max_y=108.0, height=108.0, points=4
2025-09-08 09:49:45 - DEBUG - Elevation 7: min_y=1.5, max_y=106.125, height=104.625, points=4
2025-09-08 09:49:45 - DEBUG - Elevation 8: min_y=1.5, max_y=106.125, height=104.625, points=4
2025-09-08 09:49:45 - DEBUG - Elevation 9: min_y=1.5, max_y=106.125, height=104.625, points=4
2025-09-08 09:49:45 - DEBUG - Elevation 10: min_y=1.5, max_y=106.125, height=104.625, points=4
2025-09-08 09:49:45 - DEBUG - Elevation 11: min_y=1.5, max_y=106.125, height=104.625, points=4
2025-09-08 09:49:45 - DEBUG - Elevation 12: min_y=1.5, max_y=106.125, height=104.625, points=4
2025-09-08 09:49:45 - DEBUG - Elevation 13: min_y=1.5, max_y=106.125, height=104.625, points=4
2025-09-08 09:49:45 - DEBUG - SubAssembly found - Family: 'LType', Label: '', Name: 'LType'
2025-09-08 09:49:45 - DEBUG - SubAssembly found - Family: 'Stud', Label: '', Name: 'Stud'
2025-09-08 09:49:45 - DEBUG - Calculated squaring for panel 47f57828-058f-4e5a-8ea3-d0b7e6b07fa3: 148.026 inches -> 12'-4"
2025-09-08 09:49:45 - DEBUG - Panel 47f57828-058f-4e5a-8ea3-d0b7e6b07fa3 has 23 elevation views
2025-09-08 09:49:45 - DEBUG - Elevation 0: min_y=0.0, max_y=0.0, height=0.0, points=4
2025-09-08 09:49:45 - DEBUG - Elevation 1: min_y=0.0, max_y=1.5, height=1.5, points=4
2025-09-08 09:49:45 - DEBUG - Elevation 2: min_y=106.125, max_y=107.625, height=1.5, points=4
2025-09-08 09:49:45 - DEBUG - Elevation 3: min_y=1.5, max_y=106.125, height=104.625, points=4
2025-09-08 09:49:45 - DEBUG - Elevation 4: min_y=1.5, max_y=106.125, height=104.625, points=4
2025-09-08 09:49:45 - DEBUG - Elevation 5: min_y=107.625, max_y=109.125, height=1.5, points=4
2025-09-08 09:49:45 - DEBUG - Elevation 6: min_y=1.5, max_y=106.125, height=104.625, points=4
2025-09-08 09:49:45 - DEBUG - Elevation 7: min_y=1.5, max_y=106.125, height=104.625, points=4
2025-09-08 09:49:45 - DEBUG - Elevation 8: min_y=1.5, max_y=106.125, height=104.625, points=4
2025-09-08 09:49:45 - DEBUG - Elevation 9: min_y=1.5, max_y=106.125, height=104.625, points=4
2025-09-08 09:49:45 - DEBUG - Elevation 10: min_y=0.0, max_y=108.0, height=108.0, points=4
2025-09-08 09:49:45 - DEBUG - Elevation 11: min_y=0.0, max_y=96.0, height=96.0, points=4
2025-09-08 09:49:45 - DEBUG - Elevation 12: min_y=96.0, max_y=108.0, height=12.0, points=4
2025-09-08 09:49:45 - DEBUG - Elevation 13: min_y=96.0, max_y=108.0, height=12.0, points=4
2025-09-08 09:49:45 - DEBUG - Elevation 14: min_y=0.0, max_y=108.0, height=108.0, points=4
2025-09-08 09:49:45 - DEBUG - Elevation 15: min_y=0.0, max_y=96.0, height=96.0, points=4
2025-09-08 09:49:45 - DEBUG - Elevation 16: min_y=0.0, max_y=108.0, height=108.0, points=4
2025-09-08 09:49:45 - DEBUG - Elevation 17: min_y=0.0, max_y=96.0, height=96.0, points=4
2025-09-08 09:49:45 - DEBUG - Elevation 18: min_y=1.5, max_y=106.125, height=104.625, points=4
2025-09-08 09:49:45 - DEBUG - Elevation 19: min_y=1.5, max_y=106.125, height=104.625, points=4
2025-09-08 09:49:45 - DEBUG - Elevation 20: min_y=1.5, max_y=106.125, height=104.625, points=4
2025-09-08 09:49:45 - DEBUG - Elevation 21: min_y=1.5, max_y=106.125, height=104.625, points=4
2025-09-08 09:49:45 - DEBUG - Elevation 22: min_y=1.5, max_y=106.125, height=104.625, points=4
2025-09-08 09:49:45 - DEBUG - SubAssembly found - Family: 'Critical Stud', Label: '', Name: 'Critical Stud'
2025-09-08 09:49:45 - DEBUG - Calculated squaring for panel ed9638f7-30f6-4bf1-9c14-59248bd61bc0: 143.440 inches -> 11'-11-1/2"
2025-09-08 09:49:45 - DEBUG - Panel ed9638f7-30f6-4bf1-9c14-59248bd61bc0 has 20 elevation views
2025-09-08 09:49:45 - DEBUG - Elevation 0: min_y=0.0, max_y=0.0, height=0.0, points=4
2025-09-08 09:49:45 - DEBUG - Elevation 1: min_y=0.0, max_y=1.5, height=1.5, points=4
2025-09-08 09:49:45 - DEBUG - Elevation 2: min_y=106.125, max_y=107.625, height=1.5, points=4
2025-09-08 09:49:45 - DEBUG - Elevation 3: min_y=107.625, max_y=109.125, height=1.5, points=4
2025-09-08 09:49:45 - DEBUG - Elevation 4: min_y=1.5, max_y=106.125, height=104.625, points=4
2025-09-08 09:49:45 - DEBUG - Elevation 5: min_y=1.5, max_y=106.125, height=104.625, points=4
2025-09-08 09:49:45 - DEBUG - Elevation 6: min_y=1.5, max_y=106.125, height=104.625, points=4
2025-09-08 09:49:45 - DEBUG - Elevation 7: min_y=1.5, max_y=106.125, height=104.625, points=4
2025-09-08 09:49:45 - DEBUG - Elevation 8: min_y=1.5, max_y=106.125, height=104.625, points=4
2025-09-08 09:49:45 - DEBUG - Elevation 9: min_y=1.5, max_y=106.125, height=104.625, points=4
2025-09-08 09:49:45 - DEBUG - Elevation 10: min_y=0.0, max_y=108.0, height=108.0, points=4
2025-09-08 09:49:45 - DEBUG - Elevation 11: min_y=0.0, max_y=96.0, height=96.0, points=4
2025-09-08 09:49:45 - DEBUG - Elevation 12: min_y=96.0, max_y=108.0, height=12.0, points=4
2025-09-08 09:49:45 - DEBUG - Elevation 13: min_y=0.0, max_y=108.0, height=108.0, points=4
2025-09-08 09:49:45 - DEBUG - Elevation 14: min_y=0.0, max_y=96.0, height=96.0, points=4
2025-09-08 09:49:45 - DEBUG - Elevation 15: min_y=1.5, max_y=106.125, height=104.625, points=4
2025-09-08 09:49:45 - DEBUG - Elevation 16: min_y=1.5, max_y=106.125, height=104.625, points=4
2025-09-08 09:49:45 - DEBUG - Elevation 17: min_y=1.5, max_y=106.125, height=104.625, points=4
2025-09-08 09:49:45 - DEBUG - Elevation 18: min_y=1.5, max_y=106.125, height=104.625, points=4
2025-09-08 09:49:45 - DEBUG - Elevation 19: min_y=107.625, max_y=109.125, height=1.5, points=4
2025-09-08 09:49:45 - DEBUG - SubAssembly found - Family: '3S LType', Label: '', Name: '3S LType'
2025-09-08 09:49:45 - DEBUG - Calculated squaring for panel 9f679ed2-07a5-4b11-8862-ff21c3c745b5: 135.776 inches -> 11'-3-3/4"
2025-09-08 09:49:45 - DEBUG - Panel 9f679ed2-07a5-4b11-8862-ff21c3c745b5 has 16 elevation views
2025-09-08 09:49:45 - DEBUG - Elevation 0: min_y=0.0, max_y=1.5, height=1.5, points=4
2025-09-08 09:49:45 - DEBUG - Elevation 1: min_y=1.5, max_y=106.125, height=104.625, points=4
2025-09-08 09:49:45 - DEBUG - Elevation 2: min_y=106.125, max_y=107.625, height=1.5, points=4
2025-09-08 09:49:45 - DEBUG - Elevation 3: min_y=1.5, max_y=106.125, height=104.625, points=4
2025-09-08 09:49:45 - DEBUG - Elevation 4: min_y=107.625, max_y=109.125, height=1.5, points=4
2025-09-08 09:49:45 - DEBUG - Elevation 5: min_y=1.5, max_y=106.125, height=104.625, points=4
2025-09-08 09:49:45 - DEBUG - Elevation 6: min_y=1.5, max_y=106.125, height=104.625, points=4
2025-09-08 09:49:45 - DEBUG - Elevation 7: min_y=1.5, max_y=106.125, height=104.625, points=4
2025-09-08 09:49:45 - DEBUG - Elevation 8: min_y=1.5, max_y=106.125, height=104.625, points=4
2025-09-08 09:49:45 - DEBUG - Elevation 9: min_y=1.5, max_y=106.125, height=104.625, points=4
2025-09-08 09:49:45 - DEBUG - Elevation 10: min_y=0.0, max_y=108.0, height=108.0, points=4
2025-09-08 09:49:45 - DEBUG - Elevation 11: min_y=0.0, max_y=108.0, height=108.0, points=4
2025-09-08 09:49:45 - DEBUG - Elevation 12: min_y=1.5, max_y=106.125, height=104.625, points=4
2025-09-08 09:49:45 - DEBUG - Elevation 13: min_y=1.5, max_y=106.125, height=104.625, points=4
2025-09-08 09:49:45 - DEBUG - Elevation 14: min_y=1.5, max_y=106.125, height=104.625, points=4
2025-09-08 09:49:45 - DEBUG - Elevation 15: min_y=107.625, max_y=109.125, height=1.5, points=4
2025-09-08 09:49:45 - DEBUG - SubAssembly found - Family: 'Critical Stud', Label: '', Name: 'Critical Stud'
2025-09-08 09:49:45 - DEBUG - Calculated squaring for panel f6ac1ced-a61d-4fed-9bf9-d48df321f0c7: 176.996 inches -> 14'-9"
2025-09-08 09:49:45 - DEBUG - Panel f6ac1ced-a61d-4fed-9bf9-d48df321f0c7 has 23 elevation views
2025-09-08 09:49:45 - DEBUG - Elevation 0: min_y=0.0, max_y=0.0, height=0.0, points=4
2025-09-08 09:49:45 - DEBUG - Elevation 1: min_y=-12.84, max_y=109.34, height=122.18, points=4
2025-09-08 09:49:45 - DEBUG - Elevation 2: min_y=-12.625, max_y=-11.125, height=1.5, points=4
2025-09-08 09:49:45 - DEBUG - Elevation 3: min_y=106.125, max_y=107.625, height=1.5, points=4
2025-09-08 09:49:45 - DEBUG - Elevation 4: min_y=107.625, max_y=109.125, height=1.5, points=4
2025-09-08 09:49:45 - DEBUG - Elevation 5: min_y=-11.125, max_y=106.125, height=117.25, points=4
2025-09-08 09:49:45 - DEBUG - Elevation 6: min_y=-11.125, max_y=106.125, height=117.25, points=4
2025-09-08 09:49:45 - DEBUG - Elevation 7: min_y=-11.125, max_y=106.125, height=117.25, points=4
2025-09-08 09:49:45 - DEBUG - Elevation 8: min_y=-11.125, max_y=106.125, height=117.25, points=4
2025-09-08 09:49:45 - DEBUG - Elevation 9: min_y=-11.125, max_y=106.125, height=117.25, points=4
2025-09-08 09:49:45 - DEBUG - Elevation 10: min_y=-11.125, max_y=106.125, height=117.25, points=4
2025-09-08 09:49:45 - DEBUG - Elevation 11: min_y=-11.125, max_y=106.125, height=117.25, points=4
2025-09-08 09:49:45 - DEBUG - Elevation 12: min_y=42.25, max_y=54.25, height=12.0, points=4
2025-09-08 09:49:45 - DEBUG - Elevation 13: min_y=42.25, max_y=54.25, height=12.0, points=4
2025-09-08 09:49:45 - DEBUG - Elevation 14: min_y=-11.125, max_y=106.125, height=117.25, points=4
2025-09-08 09:49:45 - DEBUG - Elevation 15: min_y=-11.125, max_y=106.125, height=117.25, points=4
2025-09-08 09:49:45 - DEBUG - Elevation 16: min_y=-11.125, max_y=106.125, height=117.25, points=4
2025-09-08 09:49:45 - DEBUG - Elevation 17: min_y=-11.125, max_y=106.125, height=117.25, points=4
2025-09-08 09:49:45 - DEBUG - Elevation 18: min_y=-11.125, max_y=106.125, height=117.25, points=4
2025-09-08 09:49:45 - DEBUG - Elevation 19: min_y=-11.125, max_y=106.125, height=117.25, points=4
2025-09-08 09:49:45 - DEBUG - Elevation 20: min_y=-11.125, max_y=106.125, height=117.25, points=4
2025-09-08 09:49:45 - DEBUG - Elevation 21: min_y=-11.125, max_y=106.125, height=117.25, points=4
2025-09-08 09:49:45 - DEBUG - Elevation 22: min_y=107.625, max_y=109.125, height=1.5, points=4
2025-09-08 09:49:45 - DEBUG - SubAssembly found - Family: 'LType', Label: '', Name: 'LType'
2025-09-08 09:49:45 - DEBUG - SubAssembly found - Family: 'Critical Stud', Label: '', Name: 'Critical Stud'
2025-09-08 09:49:45 - DEBUG - SubAssembly found - Family: 'Critical Stud', Label: '', Name: 'Critical Stud'
2025-09-08 09:49:45 - DEBUG - Calculated squaring for panel ba72d2a0-8efb-43c5-8ccd-2dc5413708be: 175.255 inches -> 14'-7-1/4"
2025-09-08 09:49:45 - DEBUG - Panel ba72d2a0-8efb-43c5-8ccd-2dc5413708be has 17 elevation views
2025-09-08 09:49:45 - DEBUG - Elevation 0: min_y=0.0, max_y=0.0, height=0.0, points=4
2025-09-08 09:49:45 - DEBUG - Elevation 1: min_y=-12.84, max_y=109.34, height=122.18, points=4
2025-09-08 09:49:45 - DEBUG - Elevation 2: min_y=-12.625, max_y=-11.125, height=1.5, points=4
2025-09-08 09:49:45 - DEBUG - Elevation 3: min_y=-11.125, max_y=106.125, height=117.25, points=4
2025-09-08 09:49:45 - DEBUG - Elevation 4: min_y=106.125, max_y=107.625, height=1.5, points=4
2025-09-08 09:49:45 - DEBUG - Elevation 5: min_y=-11.125, max_y=106.125, height=117.25, points=4
2025-09-08 09:49:45 - DEBUG - Elevation 6: min_y=107.625, max_y=109.125, height=1.5, points=4
2025-09-08 09:49:45 - DEBUG - Elevation 7: min_y=-11.125, max_y=106.125, height=117.25, points=4
2025-09-08 09:49:45 - DEBUG - Elevation 8: min_y=-11.125, max_y=106.125, height=117.25, points=4
2025-09-08 09:49:45 - DEBUG - Elevation 9: min_y=-11.125, max_y=106.125, height=117.25, points=4
2025-09-08 09:49:45 - DEBUG - Elevation 10: min_y=-11.125, max_y=106.125, height=117.25, points=4
2025-09-08 09:49:45 - DEBUG - Elevation 11: min_y=-11.125, max_y=106.125, height=117.25, points=4
2025-09-08 09:49:45 - DEBUG - Elevation 12: min_y=-11.125, max_y=106.125, height=117.25, points=4
2025-09-08 09:49:45 - DEBUG - Elevation 13: min_y=42.25, max_y=54.25, height=12.0, points=4
2025-09-08 09:49:45 - DEBUG - Elevation 14: min_y=42.25, max_y=54.25, height=12.0, points=4
2025-09-08 09:49:45 - DEBUG - Elevation 15: min_y=-11.125, max_y=106.125, height=117.25, points=4
2025-09-08 09:49:45 - DEBUG - Elevation 16: min_y=-11.125, max_y=106.125, height=117.25, points=4
2025-09-08 09:49:45 - DEBUG - SubAssembly found - Family: 'LType', Label: '', Name: 'LType'
2025-09-08 09:49:45 - DEBUG - Calculated squaring for panel fb8523b3-973c-4988-bd3e-07899cb84b3a: 124.060 inches -> 10'-4"
2025-09-08 09:49:45 - DEBUG - Panel fb8523b3-973c-4988-bd3e-07899cb84b3a has 13 elevation views
2025-09-08 09:49:45 - DEBUG - Elevation 0: min_y=107.625, max_y=109.125, height=1.5, points=4
2025-09-08 09:49:45 - DEBUG - Elevation 1: min_y=-12.625, max_y=-11.125, height=1.5, points=4
2025-09-08 09:49:45 - DEBUG - Elevation 2: min_y=-11.125, max_y=106.125, height=117.25, points=4
2025-09-08 09:49:45 - DEBUG - Elevation 3: min_y=106.125, max_y=107.625, height=1.5, points=4
2025-09-08 09:49:45 - DEBUG - Elevation 4: min_y=-12.625, max_y=95.375, height=108.0, points=4
2025-09-08 09:49:45 - DEBUG - Elevation 5: min_y=-12.625, max_y=83.375, height=96.0, points=4
2025-09-08 09:49:45 - DEBUG - Elevation 6: min_y=83.375, max_y=108.0, height=24.625, points=4
2025-09-08 09:49:45 - DEBUG - Elevation 7: min_y=95.375, max_y=108.0, height=12.625, points=4
2025-09-08 09:49:45 - DEBUG - Elevation 8: min_y=-11.125, max_y=106.125, height=117.25, points=4
2025-09-08 09:49:45 - DEBUG - Elevation 9: min_y=-11.125, max_y=106.125, height=117.25, points=4
2025-09-08 09:49:45 - DEBUG - Elevation 10: min_y=-11.125, max_y=106.125, height=117.25, points=4
2025-09-08 09:49:45 - DEBUG - Elevation 11: min_y=-11.125, max_y=106.125, height=117.25, points=4
2025-09-08 09:49:45 - DEBUG - Elevation 12: min_y=-12.625, max_y=109.125, height=121.75, points=4
2025-09-08 09:49:45 - DEBUG - SubAssembly found - Family: 'Critical Stud', Label: '', Name: 'Critical Stud'
2025-09-08 09:49:45 - DEBUG - SubAssembly found - Family: 'End Stud Assembly', Label: '', Name: 'End Stud Assembly'
2025-09-08 09:49:45 - DEBUG - Calculated squaring for panel 946b2365-91c1-44e7-8cb8-1a3eff5124fc: 127.874 inches -> 10'-7-7/8"
2025-09-08 09:49:45 - DEBUG - Panel 946b2365-91c1-44e7-8cb8-1a3eff5124fc has 28 elevation views
2025-09-08 09:49:45 - DEBUG - Elevation 0: min_y=0.0, max_y=0.0, height=0.0, points=4
2025-09-08 09:49:45 - DEBUG - Elevation 1: min_y=107.625, max_y=109.125, height=1.5, points=4
2025-09-08 09:49:45 - DEBUG - Elevation 2: min_y=-12.625, max_y=-11.125, height=1.5, points=4
2025-09-08 09:49:45 - DEBUG - Elevation 3: min_y=106.125, max_y=107.625, height=1.5, points=4
2025-09-08 09:49:45 - DEBUG - Elevation 4: min_y=-11.125, max_y=106.125, height=117.25, points=4
2025-09-08 09:49:45 - DEBUG - Elevation 5: min_y=-12.625, max_y=95.375, height=108.0, points=4
2025-09-08 09:49:45 - DEBUG - Elevation 6: min_y=-12.625, max_y=83.375, height=96.0, points=4
2025-09-08 09:49:45 - DEBUG - Elevation 7: min_y=83.375, max_y=108.0, height=24.625, points=4
2025-09-08 09:49:45 - DEBUG - Elevation 8: min_y=95.375, max_y=108.0, height=12.625, points=4
2025-09-08 09:49:45 - DEBUG - Elevation 9: min_y=57.875, max_y=108.0, height=50.125, points=4
2025-09-08 09:49:45 - DEBUG - Elevation 10: min_y=57.875, max_y=108.0, height=50.125, points=4
2025-09-08 09:49:45 - DEBUG - Elevation 11: min_y=-12.625, max_y=95.375, height=108.0, points=4
2025-09-08 09:49:45 - DEBUG - Elevation 12: min_y=-12.625, max_y=83.375, height=96.0, points=4
2025-09-08 09:49:45 - DEBUG - Elevation 13: min_y=83.375, max_y=108.0, height=24.625, points=4
2025-09-08 09:49:45 - DEBUG - Elevation 14: min_y=95.375, max_y=108.0, height=12.625, points=4
2025-09-08 09:49:45 - DEBUG - Elevation 15: min_y=-11.125, max_y=106.125, height=117.25, points=4
2025-09-08 09:49:45 - DEBUG - Elevation 16: min_y=-11.125, max_y=98.875, height=110.0, points=4
2025-09-08 09:49:45 - DEBUG - Elevation 17: min_y=98.875, max_y=106.125, height=7.25, points=4
2025-09-08 09:49:45 - DEBUG - Elevation 18: min_y=98.875, max_y=106.125, height=7.25, points=4
2025-09-08 09:49:45 - DEBUG - Elevation 19: min_y=-12.625, max_y=57.875, height=70.5, points=4
2025-09-08 09:49:45 - DEBUG - Elevation 20: min_y=57.875, max_y=59.375, height=1.5, points=4
2025-09-08 09:49:45 - DEBUG - Elevation 21: min_y=59.375, max_y=60.875, height=1.5, points=4
2025-09-08 09:49:45 - DEBUG - Elevation 22: min_y=60.875, max_y=98.875, height=38.0, points=4
2025-09-08 09:49:45 - DEBUG - Elevation 23: min_y=60.875, max_y=98.875, height=38.0, points=4
2025-09-08 09:49:45 - DEBUG - Elevation 24: min_y=60.875, max_y=98.875, height=38.0, points=4
2025-09-08 09:49:45 - DEBUG - Elevation 25: min_y=60.875, max_y=98.875, height=38.0, points=4
2025-09-08 09:49:45 - DEBUG - Elevation 26: min_y=-11.125, max_y=98.875, height=110.0, points=4
2025-09-08 09:49:45 - DEBUG - Elevation 27: min_y=-11.125, max_y=106.125, height=117.25, points=4
2025-09-08 09:49:45 - DEBUG - SubAssembly found - Family: 'DR-7-GAR-L1', Label: '', Name: 'DR-7-GAR-L1'
2025-09-08 09:49:45 - DEBUG - Calculated squaring for panel 0dcb86b9-b71c-4079-99c1-79307da84f31: 181.159 inches -> 15'-1-1/4"
2025-09-08 09:49:45 - DEBUG - Panel 0dcb86b9-b71c-4079-99c1-79307da84f31 has 34 elevation views
2025-09-08 09:49:45 - DEBUG - Elevation 0: min_y=-25.25, max_y=109.125, height=134.375, points=4
2025-09-08 09:49:45 - DEBUG - Elevation 1: min_y=-25.25, max_y=-23.75, height=1.5, points=4
2025-09-08 09:49:45 - DEBUG - Elevation 2: min_y=106.125, max_y=107.625, height=1.5, points=4
2025-09-08 09:49:45 - DEBUG - Elevation 3: min_y=107.625, max_y=109.125, height=1.5, points=4
2025-09-08 09:49:45 - DEBUG - Elevation 4: min_y=-23.75, max_y=106.125, height=129.875, points=4
2025-09-08 09:49:45 - DEBUG - Elevation 5: min_y=-25.25, max_y=82.75, height=108.0, points=4
2025-09-08 09:49:45 - DEBUG - Elevation 6: min_y=82.75, max_y=108.0, height=25.25, points=4
2025-09-08 09:49:45 - DEBUG - Elevation 7: min_y=54.75, max_y=108.0, height=53.25, points=4
2025-09-08 09:49:45 - DEBUG - Elevation 8: min_y=54.75, max_y=108.0, height=53.25, points=4
2025-09-08 09:49:45 - DEBUG - Elevation 9: min_y=54.75, max_y=108.0, height=53.25, points=4
2025-09-08 09:49:45 - DEBUG - Elevation 10: min_y=-25.25, max_y=82.75, height=108.0, points=4
2025-09-08 09:49:45 - DEBUG - Elevation 11: min_y=82.75, max_y=108.0, height=25.25, points=4
2025-09-08 09:49:45 - DEBUG - Elevation 12: min_y=96.625, max_y=106.125, height=9.5, points=4
2025-09-08 09:49:45 - DEBUG - Elevation 13: min_y=96.625, max_y=106.125, height=9.5, points=4
2025-09-08 09:49:45 - DEBUG - Elevation 14: min_y=-23.75, max_y=96.625, height=120.375, points=4
2025-09-08 09:49:45 - DEBUG - Elevation 15: min_y=-23.75, max_y=96.625, height=120.375, points=4
2025-09-08 09:49:45 - DEBUG - Elevation 16: min_y=-25.25, max_y=54.75, height=80.0, points=4
2025-09-08 09:49:45 - DEBUG - Elevation 17: min_y=54.75, max_y=56.25, height=1.5, points=4
2025-09-08 09:49:45 - DEBUG - Elevation 18: min_y=56.25, max_y=57.75, height=1.5, points=4
2025-09-08 09:49:45 - DEBUG - Elevation 19: min_y=57.75, max_y=96.625, height=38.875, points=4
2025-09-08 09:49:45 - DEBUG - Elevation 20: min_y=57.75, max_y=96.625, height=38.875, points=4
2025-09-08 09:49:45 - DEBUG - Elevation 21: min_y=57.75, max_y=96.625, height=38.875, points=4
2025-09-08 09:49:45 - DEBUG - Elevation 22: min_y=57.75, max_y=96.625, height=38.875, points=4
2025-09-08 09:49:45 - DEBUG - Elevation 23: min_y=57.75, max_y=96.625, height=38.875, points=4
2025-09-08 09:49:45 - DEBUG - Elevation 24: min_y=57.75, max_y=96.625, height=38.875, points=4
2025-09-08 09:49:45 - DEBUG - Elevation 25: min_y=57.75, max_y=96.625, height=38.875, points=4
2025-09-08 09:49:45 - DEBUG - Elevation 26: min_y=57.75, max_y=96.625, height=38.875, points=4
2025-09-08 09:49:45 - DEBUG - Elevation 27: min_y=-23.75, max_y=96.625, height=120.375, points=4
2025-09-08 09:49:45 - DEBUG - Elevation 28: min_y=-23.75, max_y=96.625, height=120.375, points=4
2025-09-08 09:49:45 - DEBUG - Elevation 29: min_y=-23.75, max_y=106.125, height=129.875, points=4
2025-09-08 09:49:45 - DEBUG - Elevation 30: min_y=-23.75, max_y=106.125, height=129.875, points=4
2025-09-08 09:49:45 - DEBUG - Elevation 31: min_y=-23.75, max_y=106.125, height=129.875, points=4
2025-09-08 09:49:45 - DEBUG - Elevation 32: min_y=-23.75, max_y=106.125, height=129.875, points=4
2025-09-08 09:49:45 - DEBUG - Elevation 33: min_y=-23.75, max_y=106.125, height=129.875, points=4
2025-09-08 09:49:45 - DEBUG - SubAssembly found - Family: 'GARAGE-LVL3', Label: '', Name: 'GARAGE-LVL3'
2025-09-08 09:49:45 - DEBUG - SubAssembly found - Family: 'Critical Stud', Label: '', Name: 'Critical Stud'
2025-09-08 09:49:45 - DEBUG - Calculated squaring for panel d4536cf0-e140-4ff5-8f75-28871e0b1984: 179.775 inches -> 14'-11-3/4"
2025-09-08 09:49:45 - DEBUG - Panel d4536cf0-e140-4ff5-8f75-28871e0b1984 has 23 elevation views
2025-09-08 09:49:45 - DEBUG - Elevation 0: min_y=0.0, max_y=0.0, height=0.0, points=4
2025-09-08 09:49:45 - DEBUG - Elevation 1: min_y=0.0, max_y=0.0, height=0.0, points=4
2025-09-08 09:49:45 - DEBUG - Elevation 2: min_y=0.0, max_y=1.5, height=1.5, points=4
2025-09-08 09:49:45 - DEBUG - Elevation 3: min_y=1.5, max_y=106.125, height=104.625, points=4
2025-09-08 09:49:45 - DEBUG - Elevation 4: min_y=106.125, max_y=107.625, height=1.5, points=4
2025-09-08 09:49:45 - DEBUG - Elevation 5: min_y=1.5, max_y=106.125, height=104.625, points=4
2025-09-08 09:49:45 - DEBUG - Elevation 6: min_y=107.625, max_y=109.125, height=1.5, points=4
2025-09-08 09:49:45 - DEBUG - Elevation 7: min_y=1.5, max_y=106.125, height=104.625, points=4
2025-09-08 09:49:45 - DEBUG - Elevation 8: min_y=1.5, max_y=106.125, height=104.625, points=4
2025-09-08 09:49:45 - DEBUG - Elevation 9: min_y=1.5, max_y=106.125, height=104.625, points=4
2025-09-08 09:49:45 - DEBUG - Elevation 10: min_y=1.5, max_y=106.125, height=104.625, points=4
2025-09-08 09:49:45 - DEBUG - Elevation 11: min_y=1.5, max_y=106.125, height=104.625, points=4
2025-09-08 09:49:45 - DEBUG - Elevation 12: min_y=1.5, max_y=106.125, height=104.625, points=4
2025-09-08 09:49:45 - DEBUG - Elevation 13: min_y=1.5, max_y=106.125, height=104.625, points=4
2025-09-08 09:49:45 - DEBUG - Elevation 14: min_y=48.0, max_y=60.0, height=12.0, points=4
2025-09-08 09:49:45 - DEBUG - Elevation 15: min_y=48.0, max_y=60.0, height=12.0, points=4
2025-09-08 09:49:45 - DEBUG - Elevation 16: min_y=1.5, max_y=106.125, height=104.625, points=4
2025-09-08 09:49:45 - DEBUG - Elevation 17: min_y=1.5, max_y=106.125, height=104.625, points=4
2025-09-08 09:49:45 - DEBUG - Elevation 18: min_y=1.5, max_y=106.125, height=104.625, points=4
2025-09-08 09:49:45 - DEBUG - Elevation 19: min_y=1.5, max_y=106.125, height=104.625, points=4
2025-09-08 09:49:45 - DEBUG - Elevation 20: min_y=1.5, max_y=106.125, height=104.625, points=4
2025-09-08 09:49:45 - DEBUG - Elevation 21: min_y=1.5, max_y=106.125, height=104.625, points=4
2025-09-08 09:49:45 - DEBUG - Elevation 22: min_y=107.625, max_y=109.125, height=1.5, points=4
2025-09-08 09:49:45 - DEBUG - SubAssembly found - Family: 'Critical Stud', Label: '', Name: 'Critical Stud'
2025-09-08 09:49:45 - DEBUG - SubAssembly found - Family: 'LType', Label: '', Name: 'LType'
2025-09-08 09:49:45 - DEBUG - Calculated squaring for panel 0fce9dd3-2958-4d67-a304-e9711a67a31b: 169.369 inches -> 14'-1-3/8"
2025-09-08 09:49:45 - DEBUG - Panel 0fce9dd3-2958-4d67-a304-e9711a67a31b has 17 elevation views
2025-09-08 09:49:45 - DEBUG - Elevation 0: min_y=0.0, max_y=0.0, height=0.0, points=4
2025-09-08 09:49:45 - DEBUG - Elevation 1: min_y=0.0, max_y=1.5, height=1.5, points=4
2025-09-08 09:49:45 - DEBUG - Elevation 2: min_y=106.125, max_y=107.625, height=1.5, points=4
2025-09-08 09:49:45 - DEBUG - Elevation 3: min_y=1.5, max_y=106.125, height=104.625, points=4
2025-09-08 09:49:45 - DEBUG - Elevation 4: min_y=107.625, max_y=109.125, height=1.5, points=4
2025-09-08 09:49:45 - DEBUG - Elevation 5: min_y=1.5, max_y=106.125, height=104.625, points=4
2025-09-08 09:49:45 - DEBUG - Elevation 6: min_y=1.5, max_y=106.125, height=104.625, points=4
2025-09-08 09:49:45 - DEBUG - Elevation 7: min_y=1.5, max_y=106.125, height=104.625, points=4
2025-09-08 09:49:45 - DEBUG - Elevation 8: min_y=1.5, max_y=106.125, height=104.625, points=4
2025-09-08 09:49:45 - DEBUG - Elevation 9: min_y=1.5, max_y=106.125, height=104.625, points=4
2025-09-08 09:49:45 - DEBUG - Elevation 10: min_y=1.5, max_y=106.125, height=104.625, points=4
2025-09-08 09:49:45 - DEBUG - Elevation 11: min_y=1.5, max_y=106.125, height=104.625, points=4
2025-09-08 09:49:45 - DEBUG - Elevation 12: min_y=48.0, max_y=60.0, height=12.0, points=4
2025-09-08 09:49:45 - DEBUG - Elevation 13: min_y=48.0, max_y=60.0, height=12.0, points=4
2025-09-08 09:49:45 - DEBUG - Elevation 14: min_y=1.5, max_y=106.125, height=104.625, points=4
2025-09-08 09:49:45 - DEBUG - Elevation 15: min_y=1.5, max_y=106.125, height=104.625, points=4
2025-09-08 09:49:45 - DEBUG - Elevation 16: min_y=107.625, max_y=109.125, height=1.5, points=4
2025-09-08 09:49:45 - DEBUG - SubAssembly found - Family: 'LType', Label: '', Name: 'LType'
2025-09-08 09:49:45 - DEBUG - Calculated squaring for panel be629001-e0f0-4496-a352-a76db2920b31: 166.337 inches -> 13'-10-1/4"
2025-09-08 09:49:45 - DEBUG - Panel be629001-e0f0-4496-a352-a76db2920b31 has 18 elevation views
2025-09-08 09:49:45 - DEBUG - Elevation 0: min_y=0.0, max_y=0.0, height=0.0, points=4
2025-09-08 09:49:45 - DEBUG - Elevation 1: min_y=-0.294, max_y=109.419, height=109.713, points=4
2025-09-08 09:49:45 - DEBUG - Elevation 2: min_y=0.0, max_y=1.5, height=1.5, points=4
2025-09-08 09:49:45 - DEBUG - Elevation 3: min_y=1.5, max_y=106.125, height=104.625, points=4
2025-09-08 09:49:45 - DEBUG - Elevation 4: min_y=106.125, max_y=107.625, height=1.5, points=4
2025-09-08 09:49:45 - DEBUG - Elevation 5: min_y=1.5, max_y=106.125, height=104.625, points=4
2025-09-08 09:49:45 - DEBUG - Elevation 6: min_y=107.625, max_y=109.125, height=1.5, points=4
2025-09-08 09:49:45 - DEBUG - Elevation 7: min_y=1.5, max_y=106.125, height=104.625, points=4
2025-09-08 09:49:45 - DEBUG - Elevation 8: min_y=1.5, max_y=106.125, height=104.625, points=4
2025-09-08 09:49:45 - DEBUG - Elevation 9: min_y=1.5, max_y=106.125, height=104.625, points=4
2025-09-08 09:49:45 - DEBUG - Elevation 10: min_y=1.5, max_y=106.125, height=104.625, points=4
2025-09-08 09:49:45 - DEBUG - Elevation 11: min_y=1.5, max_y=106.125, height=104.625, points=4
2025-09-08 09:49:45 - DEBUG - Elevation 12: min_y=1.5, max_y=106.125, height=104.625, points=4
2025-09-08 09:49:45 - DEBUG - Elevation 13: min_y=48.0, max_y=60.0, height=12.0, points=4
2025-09-08 09:49:45 - DEBUG - Elevation 14: min_y=48.0, max_y=60.0, height=12.0, points=4
2025-09-08 09:49:45 - DEBUG - Elevation 15: min_y=1.5, max_y=106.125, height=104.625, points=4
2025-09-08 09:49:45 - DEBUG - Elevation 16: min_y=1.5, max_y=106.125, height=104.625, points=4
2025-09-08 09:49:45 - DEBUG - Elevation 17: min_y=1.5, max_y=106.125, height=104.625, points=4
2025-09-08 09:49:45 - DEBUG - SubAssembly found - Family: '2S LType', Label: '', Name: '2S LType'
2025-09-08 09:49:45 - DEBUG - Calculated squaring for panel 5404fdf9-e733-4e1a-8c44-51fa22cb97ff: 122.973 inches -> 10'-3"
2025-09-08 09:49:45 - DEBUG - Panel 5404fdf9-e733-4e1a-8c44-51fa22cb97ff has 16 elevation views
2025-09-08 09:49:45 - DEBUG - Elevation 0: min_y=0.0, max_y=0.0, height=0.0, points=4
2025-09-08 09:49:45 - DEBUG - Elevation 1: min_y=107.625, max_y=109.125, height=1.5, points=4
2025-09-08 09:49:45 - DEBUG - Elevation 2: min_y=0.0, max_y=1.5, height=1.5, points=4
2025-09-08 09:49:45 - DEBUG - Elevation 3: min_y=1.5, max_y=106.125, height=104.625, points=4
2025-09-08 09:49:45 - DEBUG - Elevation 4: min_y=106.125, max_y=107.625, height=1.5, points=4
2025-09-08 09:49:45 - DEBUG - Elevation 5: min_y=1.5, max_y=106.125, height=104.625, points=4
2025-09-08 09:49:45 - DEBUG - Elevation 6: min_y=1.5, max_y=106.125, height=104.625, points=4
2025-09-08 09:49:45 - DEBUG - Elevation 7: min_y=1.5, max_y=106.125, height=104.625, points=4
2025-09-08 09:49:45 - DEBUG - Elevation 8: min_y=48.5, max_y=60.5, height=12.0, points=4
2025-09-08 09:49:45 - DEBUG - Elevation 9: min_y=1.5, max_y=106.125, height=104.625, points=4
2025-09-08 09:49:45 - DEBUG - Elevation 10: min_y=1.5, max_y=106.125, height=104.625, points=4
2025-09-08 09:49:45 - DEBUG - Elevation 11: min_y=1.5, max_y=106.125, height=104.625, points=4
2025-09-08 09:49:45 - DEBUG - Elevation 12: min_y=1.5, max_y=106.125, height=104.625, points=4
2025-09-08 09:49:45 - DEBUG - Elevation 13: min_y=1.5, max_y=106.125, height=104.625, points=4
2025-09-08 09:49:45 - DEBUG - Elevation 14: min_y=1.5, max_y=106.125, height=104.625, points=4
2025-09-08 09:49:45 - DEBUG - Elevation 15: min_y=107.625, max_y=109.125, height=1.5, points=4
2025-09-08 09:49:45 - DEBUG - SubAssembly found - Family: 'Critical Stud', Label: '', Name: 'Critical Stud'
2025-09-08 09:49:45 - DEBUG - SubAssembly found - Family: 'LType', Label: '', Name: 'LType'
2025-09-08 09:49:45 - DEBUG - Calculated squaring for panel 0e8f68f7-008b-44b9-b980-93bb676d2f21: 128.944 inches -> 10'-9"
2025-09-08 09:49:45 - DEBUG - Panel 0e8f68f7-008b-44b9-b980-93bb676d2f21 has 22 elevation views
2025-09-08 09:49:45 - DEBUG - Elevation 0: min_y=0.0, max_y=0.0, height=0.0, points=4
2025-09-08 09:49:45 - DEBUG - Elevation 1: min_y=0.0, max_y=0.0, height=0.0, points=4
2025-09-08 09:49:45 - DEBUG - Elevation 2: min_y=-0.271, max_y=109.396, height=109.667, points=4
2025-09-08 09:49:45 - DEBUG - Elevation 3: min_y=0.0, max_y=1.5, height=1.5, points=4
2025-09-08 09:49:45 - DEBUG - Elevation 4: min_y=106.125, max_y=107.625, height=1.5, points=4
2025-09-08 09:49:45 - DEBUG - Elevation 5: min_y=107.625, max_y=109.125, height=1.5, points=4
2025-09-08 09:49:45 - DEBUG - Elevation 6: min_y=1.5, max_y=106.125, height=104.625, points=4
2025-09-08 09:49:45 - DEBUG - Elevation 7: min_y=1.5, max_y=106.125, height=104.625, points=4
2025-09-08 09:49:45 - DEBUG - Elevation 8: min_y=1.5, max_y=106.125, height=104.625, points=4
2025-09-08 09:49:45 - DEBUG - Elevation 9: min_y=0.0, max_y=96.0, height=96.0, points=4
2025-09-08 09:49:45 - DEBUG - Elevation 10: min_y=96.0, max_y=109.125, height=13.125, points=4
2025-09-08 09:49:45 - DEBUG - Elevation 11: min_y=48.5, max_y=60.5, height=12.0, points=4
2025-09-08 09:49:45 - DEBUG - Elevation 12: min_y=1.5, max_y=106.125, height=104.625, points=4
2025-09-08 09:49:45 - DEBUG - Elevation 13: min_y=1.5, max_y=106.125, height=104.625, points=4
2025-09-08 09:49:45 - DEBUG - Elevation 14: min_y=1.5, max_y=106.125, height=104.625, points=4
2025-09-08 09:49:45 - DEBUG - Elevation 15: min_y=1.5, max_y=106.125, height=104.625, points=4
2025-09-08 09:49:45 - DEBUG - Elevation 16: min_y=1.5, max_y=106.125, height=104.625, points=4
2025-09-08 09:49:45 - DEBUG - Elevation 17: min_y=1.5, max_y=106.125, height=104.625, points=4
2025-09-08 09:49:45 - DEBUG - Elevation 18: min_y=1.5, max_y=106.125, height=104.625, points=4
2025-09-08 09:49:45 - DEBUG - Elevation 19: min_y=1.5, max_y=106.125, height=104.625, points=4
2025-09-08 09:49:45 - DEBUG - Elevation 20: min_y=1.5, max_y=106.125, height=104.625, points=4
2025-09-08 09:49:45 - DEBUG - Elevation 21: min_y=1.5, max_y=106.125, height=104.625, points=4
2025-09-08 09:49:45 - DEBUG - SubAssembly found - Family: 'LType', Label: '', Name: 'LType'
2025-09-08 09:49:45 - DEBUG - SubAssembly found - Family: 'Critical Stud', Label: '', Name: 'Critical Stud'
2025-09-08 09:49:45 - DEBUG - SubAssembly found - Family: 'LType', Label: '', Name: 'LType'
2025-09-08 09:49:45 - DEBUG - Calculated squaring for panel 98367efe-5c6e-46df-93ec-642812125aed: 124.562 inches -> 10'-4-1/2"
2025-09-08 09:49:45 - DEBUG - Panel 98367efe-5c6e-46df-93ec-642812125aed has 11 elevation views
2025-09-08 09:49:45 - DEBUG - Elevation 0: min_y=0.0, max_y=0.0, height=0.0, points=4
2025-09-08 09:49:45 - DEBUG - Elevation 1: min_y=0.0, max_y=1.5, height=1.5, points=4
2025-09-08 09:49:45 - DEBUG - Elevation 2: min_y=106.125, max_y=107.625, height=1.5, points=4
2025-09-08 09:49:45 - DEBUG - Elevation 3: min_y=107.625, max_y=109.125, height=1.5, points=4
2025-09-08 09:49:45 - DEBUG - Elevation 4: min_y=1.5, max_y=106.125, height=104.625, points=4
2025-09-08 09:49:45 - DEBUG - Elevation 5: min_y=1.5, max_y=106.125, height=104.625, points=4
2025-09-08 09:49:45 - DEBUG - Elevation 6: min_y=1.5, max_y=106.125, height=104.625, points=4
2025-09-08 09:49:45 - DEBUG - Elevation 7: min_y=1.5, max_y=106.125, height=104.625, points=4
2025-09-08 09:49:45 - DEBUG - Elevation 8: min_y=0.0, max_y=109.125, height=109.125, points=4
2025-09-08 09:49:45 - DEBUG - Elevation 9: min_y=1.5, max_y=106.125, height=104.625, points=4
2025-09-08 09:49:45 - DEBUG - Elevation 10: min_y=1.5, max_y=106.125, height=104.625, points=4
2025-09-08 09:49:45 - DEBUG - SubAssembly found - Family: 'End Stud Assembly', Label: '', Name: 'End Stud Assembly'
2025-09-08 09:49:45 - DEBUG - SubAssembly found - Family: 'LType', Label: '', Name: 'LType'
2025-09-08 09:49:45 - DEBUG - Calculated squaring for panel 0c147c30-ab6c-4da8-8a00-35cf4882d097: 109.468 inches -> 9'-1-1/2"
2025-09-08 09:49:45 - DEBUG - Panel 0c147c30-ab6c-4da8-8a00-35cf4882d097 has 9 elevation views
2025-09-08 09:49:45 - DEBUG - Elevation 0: min_y=0.0, max_y=1.5, height=1.5, points=4
2025-09-08 09:49:45 - DEBUG - Elevation 1: min_y=106.125, max_y=107.625, height=1.5, points=4
2025-09-08 09:49:45 - DEBUG - Elevation 2: min_y=107.625, max_y=109.125, height=1.5, points=4
2025-09-08 09:49:45 - DEBUG - Elevation 3: min_y=1.5, max_y=106.125, height=104.625, points=4
2025-09-08 09:49:45 - DEBUG - Elevation 4: min_y=1.5, max_y=106.125, height=104.625, points=4
2025-09-08 09:49:45 - DEBUG - Elevation 5: min_y=1.5, max_y=106.125, height=104.625, points=4
2025-09-08 09:49:45 - DEBUG - Elevation 6: min_y=1.5, max_y=106.125, height=104.625, points=4
2025-09-08 09:49:45 - DEBUG - Elevation 7: min_y=1.5, max_y=106.125, height=104.625, points=4
2025-09-08 09:49:45 - DEBUG - Elevation 8: min_y=1.5, max_y=106.125, height=104.625, points=4
2025-09-08 09:49:45 - DEBUG - SubAssembly found - Family: 'End Stud Assembly', Label: '', Name: 'End Stud Assembly'
2025-09-08 09:49:45 - DEBUG - SubAssembly found - Family: 'End Stud Assembly', Label: '', Name: 'End Stud Assembly'
2025-09-08 09:49:45 - DEBUG - Calculated squaring for panel ea801360-7240-4aa0-becf-bf31ed54f983: 122.837 inches -> 10'-2-3/4"
2025-09-08 09:49:45 - DEBUG - Panel ea801360-7240-4aa0-becf-bf31ed54f983 has 9 elevation views
2025-09-08 09:49:45 - DEBUG - Elevation 0: min_y=0.0, max_y=1.5, height=1.5, points=4
2025-09-08 09:49:45 - DEBUG - Elevation 1: min_y=1.5, max_y=106.125, height=104.625, points=4
2025-09-08 09:49:45 - DEBUG - Elevation 2: min_y=106.125, max_y=107.625, height=1.5, points=4
2025-09-08 09:49:45 - DEBUG - Elevation 3: min_y=107.625, max_y=109.125, height=1.5, points=4
2025-09-08 09:49:45 - DEBUG - Elevation 4: min_y=1.5, max_y=106.125, height=104.625, points=4
2025-09-08 09:49:45 - DEBUG - Elevation 5: min_y=1.5, max_y=106.125, height=104.625, points=4
2025-09-08 09:49:45 - DEBUG - Elevation 6: min_y=1.5, max_y=106.125, height=104.625, points=4
2025-09-08 09:49:45 - DEBUG - Elevation 7: min_y=1.5, max_y=106.125, height=104.625, points=4
2025-09-08 09:49:45 - DEBUG - Elevation 8: min_y=0.0, max_y=109.125, height=109.125, points=4
2025-09-08 09:49:45 - DEBUG - SubAssembly found - Family: 'End Stud Assembly', Label: '', Name: 'End Stud Assembly'
2025-09-08 09:49:45 - DEBUG - Calculated squaring for panel 27932e46-9aad-4cae-ba50-41dee7c26b28: 113.160 inches -> 9'-5-1/4"
2025-09-08 09:49:45 - DEBUG - Panel 27932e46-9aad-4cae-ba50-41dee7c26b28 has 9 elevation views
2025-09-08 09:49:45 - DEBUG - Elevation 0: min_y=0.0, max_y=0.0, height=0.0, points=4
2025-09-08 09:49:45 - DEBUG - Elevation 1: min_y=0.0, max_y=1.5, height=1.5, points=4
2025-09-08 09:49:45 - DEBUG - Elevation 2: min_y=106.125, max_y=107.625, height=1.5, points=4
2025-09-08 09:49:45 - DEBUG - Elevation 3: min_y=107.625, max_y=109.125, height=1.5, points=4
2025-09-08 09:49:45 - DEBUG - Elevation 4: min_y=1.5, max_y=106.125, height=104.625, points=4
2025-09-08 09:49:45 - DEBUG - Elevation 5: min_y=1.5, max_y=106.125, height=104.625, points=4
2025-09-08 09:49:45 - DEBUG - Elevation 6: min_y=1.5, max_y=106.125, height=104.625, points=4
2025-09-08 09:49:45 - DEBUG - Elevation 7: min_y=1.5, max_y=106.125, height=104.625, points=4
2025-09-08 09:49:45 - DEBUG - Elevation 8: min_y=1.5, max_y=106.125, height=104.625, points=4
2025-09-08 09:49:45 - DEBUG - SubAssembly found - Family: 'LType', Label: '', Name: 'LType'
2025-09-08 09:49:45 - DEBUG - Calculated squaring for panel ba20a248-6440-4900-bb42-da72bc2dbb0d: 115.849 inches -> 9'-7-7/8"
2025-09-08 09:49:45 - DEBUG - Panel ba20a248-6440-4900-bb42-da72bc2dbb0d has 13 elevation views
2025-09-08 09:49:45 - DEBUG - Elevation 0: min_y=0.0, max_y=1.5, height=1.5, points=4
2025-09-08 09:49:45 - DEBUG - Elevation 1: min_y=106.125, max_y=107.625, height=1.5, points=4
2025-09-08 09:49:45 - DEBUG - Elevation 2: min_y=107.625, max_y=109.125, height=1.5, points=4
2025-09-08 09:49:45 - DEBUG - Elevation 3: min_y=1.5, max_y=106.125, height=104.625, points=4
2025-09-08 09:49:45 - DEBUG - Elevation 4: min_y=1.5, max_y=106.125, height=104.625, points=4
2025-09-08 09:49:45 - DEBUG - Elevation 5: min_y=0.0, max_y=99.0, height=99.0, points=4
2025-09-08 09:49:45 - DEBUG - Elevation 6: min_y=99.0, max_y=100.5, height=1.5, points=4
2025-09-08 09:49:45 - DEBUG - Elevation 7: min_y=100.5, max_y=106.125, height=5.625, points=4
2025-09-08 09:49:45 - DEBUG - Elevation 8: min_y=100.5, max_y=106.125, height=5.625, points=4
2025-09-08 09:49:45 - DEBUG - Elevation 9: min_y=100.5, max_y=106.125, height=5.625, points=4
2025-09-08 09:49:45 - DEBUG - Elevation 10: min_y=100.5, max_y=106.125, height=5.625, points=4
2025-09-08 09:49:45 - DEBUG - Elevation 11: min_y=1.5, max_y=106.125, height=104.625, points=4
2025-09-08 09:49:45 - DEBUG - Elevation 12: min_y=1.5, max_y=106.125, height=104.625, points=4
2025-09-08 09:49:45 - DEBUG - SubAssembly found - Family: 'DR-8', Label: '', Name: 'DR-8'
2025-09-08 09:49:45 - DEBUG - Calculated squaring for panel c281fe24-390f-4de4-8971-f99dc249a9b3: 111.835 inches -> 9'-3-3/4"
2025-09-08 09:49:45 - DEBUG - Panel c281fe24-390f-4de4-8971-f99dc249a9b3 has 10 elevation views
2025-09-08 09:49:45 - DEBUG - Elevation 0: min_y=0.0, max_y=0.0, height=0.0, points=4
2025-09-08 09:49:45 - DEBUG - Elevation 1: min_y=107.625, max_y=109.125, height=1.5, points=4
2025-09-08 09:49:45 - DEBUG - Elevation 2: min_y=0.0, max_y=1.5, height=1.5, points=4
2025-09-08 09:49:45 - DEBUG - Elevation 3: min_y=106.125, max_y=107.625, height=1.5, points=4
2025-09-08 09:49:45 - DEBUG - Elevation 4: min_y=107.625, max_y=109.125, height=1.5, points=4
2025-09-08 09:49:45 - DEBUG - Elevation 5: min_y=1.5, max_y=106.125, height=104.625, points=4
2025-09-08 09:49:45 - DEBUG - Elevation 6: min_y=0.0, max_y=109.125, height=109.125, points=4
2025-09-08 09:49:45 - DEBUG - Elevation 7: min_y=1.5, max_y=106.125, height=104.625, points=4
2025-09-08 09:49:45 - DEBUG - Elevation 8: min_y=1.5, max_y=106.125, height=104.625, points=4
2025-09-08 09:49:45 - DEBUG - Elevation 9: min_y=1.5, max_y=106.125, height=104.625, points=4
2025-09-08 09:49:45 - DEBUG - SubAssembly found - Family: 'End Stud Assembly', Label: '', Name: 'End Stud Assembly'
2025-09-08 09:49:45 - DEBUG - SubAssembly found - Family: 'LType', Label: '', Name: 'LType'
2025-09-08 09:49:45 - DEBUG - Calculated squaring for panel ba90aace-dab8-42dd-8184-1352ff6e0ee2: 112.637 inches -> 9'-4-5/8"
2025-09-08 09:49:45 - DEBUG - Panel ba90aace-dab8-42dd-8184-1352ff6e0ee2 has 8 elevation views
2025-09-08 09:49:45 - DEBUG - Elevation 0: min_y=0.0, max_y=1.5, height=1.5, points=4
2025-09-08 09:49:45 - DEBUG - Elevation 1: min_y=106.125, max_y=107.625, height=1.5, points=4
2025-09-08 09:49:45 - DEBUG - Elevation 2: min_y=107.625, max_y=109.125, height=1.5, points=4
2025-09-08 09:49:45 - DEBUG - Elevation 3: min_y=1.5, max_y=106.125, height=104.625, points=4
2025-09-08 09:49:45 - DEBUG - Elevation 4: min_y=0.0, max_y=109.125, height=109.125, points=4
2025-09-08 09:49:45 - DEBUG - Elevation 5: min_y=1.5, max_y=106.125, height=104.625, points=4
2025-09-08 09:49:45 - DEBUG - Elevation 6: min_y=1.5, max_y=106.125, height=104.625, points=4
2025-09-08 09:49:45 - DEBUG - Elevation 7: min_y=1.5, max_y=106.125, height=104.625, points=4
2025-09-08 09:49:45 - DEBUG - SubAssembly found - Family: 'End Stud Assembly', Label: '', Name: 'End Stud Assembly'
2025-09-08 09:49:45 - DEBUG - SubAssembly found - Family: 'End Stud Assembly', Label: '', Name: 'End Stud Assembly'
2025-09-08 09:49:45 - DEBUG - Calculated squaring for panel 1c8f26b0-90d5-45fd-b29c-6989d786d780: 123.957 inches -> 10'-4"
2025-09-08 09:49:45 - DEBUG - Panel 1c8f26b0-90d5-45fd-b29c-6989d786d780 has 11 elevation views
2025-09-08 09:49:45 - DEBUG - Elevation 0: min_y=0.0, max_y=1.5, height=1.5, points=4
2025-09-08 09:49:45 - DEBUG - Elevation 1: min_y=106.125, max_y=107.625, height=1.5, points=4
2025-09-08 09:49:45 - DEBUG - Elevation 2: min_y=107.625, max_y=109.125, height=1.5, points=4
2025-09-08 09:49:45 - DEBUG - Elevation 3: min_y=1.5, max_y=106.125, height=104.625, points=4
2025-09-08 09:49:45 - DEBUG - Elevation 4: min_y=1.5, max_y=106.125, height=104.625, points=4
2025-09-08 09:49:45 - DEBUG - Elevation 5: min_y=1.5, max_y=106.125, height=104.625, points=4
2025-09-08 09:49:45 - DEBUG - Elevation 6: min_y=0.0, max_y=109.125, height=109.125, points=4
2025-09-08 09:49:45 - DEBUG - Elevation 7: min_y=1.5, max_y=106.125, height=104.625, points=4
2025-09-08 09:49:45 - DEBUG - Elevation 8: min_y=1.5, max_y=106.125, height=104.625, points=4
2025-09-08 09:49:45 - DEBUG - Elevation 9: min_y=1.5, max_y=106.125, height=104.625, points=4
2025-09-08 09:49:45 - DEBUG - Elevation 10: min_y=1.5, max_y=106.125, height=104.625, points=4
2025-09-08 09:49:45 - DEBUG - SubAssembly found - Family: 'End Stud Assembly', Label: '', Name: 'End Stud Assembly'
2025-09-08 09:49:45 - DEBUG - SubAssembly found - Family: 'Critical Stud', Label: '', Name: 'Critical Stud'
2025-09-08 09:49:45 - DEBUG - SubAssembly found - Family: 'LType', Label: '', Name: 'LType'
2025-09-08 09:49:45 - DEBUG - Calculated squaring for panel 4bbb9d1d-addd-4589-937c-8a2b4b7da97f: 124.215 inches -> 10'-4-1/4"
2025-09-08 09:49:45 - DEBUG - Panel 4bbb9d1d-addd-4589-937c-8a2b4b7da97f has 17 elevation views
2025-09-08 09:49:45 - DEBUG - Elevation 0: min_y=0.0, max_y=0.0, height=0.0, points=4
2025-09-08 09:49:45 - DEBUG - Elevation 1: min_y=0.0, max_y=1.5, height=1.5, points=4
2025-09-08 09:49:45 - DEBUG - Elevation 2: min_y=106.125, max_y=107.625, height=1.5, points=4
2025-09-08 09:49:45 - DEBUG - Elevation 3: min_y=107.625, max_y=109.125, height=1.5, points=4
2025-09-08 09:49:45 - DEBUG - Elevation 4: min_y=1.5, max_y=106.125, height=104.625, points=4
2025-09-08 09:49:45 - DEBUG - Elevation 5: min_y=1.5, max_y=106.125, height=104.625, points=4
2025-09-08 09:49:45 - DEBUG - Elevation 6: min_y=1.5, max_y=106.125, height=104.625, points=4
2025-09-08 09:49:45 - DEBUG - Elevation 7: min_y=0.0, max_y=99.0, height=99.0, points=4
2025-09-08 09:49:45 - DEBUG - Elevation 8: min_y=99.0, max_y=100.5, height=1.5, points=4
2025-09-08 09:49:45 - DEBUG - Elevation 9: min_y=100.5, max_y=106.125, height=5.625, points=4
2025-09-08 09:49:45 - DEBUG - Elevation 10: min_y=100.5, max_y=106.125, height=5.625, points=4
2025-09-08 09:49:45 - DEBUG - Elevation 11: min_y=100.5, max_y=106.125, height=5.625, points=4
2025-09-08 09:49:45 - DEBUG - Elevation 12: min_y=100.5, max_y=106.125, height=5.625, points=4
2025-09-08 09:49:45 - DEBUG - Elevation 13: min_y=1.5, max_y=106.125, height=104.625, points=4
2025-09-08 09:49:45 - DEBUG - Elevation 14: min_y=1.5, max_y=106.125, height=104.625, points=4
2025-09-08 09:49:45 - DEBUG - Elevation 15: min_y=1.5, max_y=106.125, height=104.625, points=4
2025-09-08 09:49:45 - DEBUG - Elevation 16: min_y=1.5, max_y=106.125, height=104.625, points=4
2025-09-08 09:49:45 - DEBUG - SubAssembly found - Family: 'DR-3', Label: '', Name: 'DR-3'
2025-09-08 09:49:45 - DEBUG - SubAssembly found - Family: 'LType', Label: '', Name: 'LType'
2025-09-08 09:49:45 - DEBUG - Calculated squaring for panel 4312fd7a-9b91-470f-bd4c-d74edf61131e: 147.070 inches -> 12'-3"
2025-09-08 09:49:45 - DEBUG - Panel 4312fd7a-9b91-470f-bd4c-d74edf61131e has 27 elevation views
2025-09-08 09:49:45 - DEBUG - Elevation 0: min_y=0.0, max_y=0.0, height=0.0, points=4
2025-09-08 09:49:45 - DEBUG - Elevation 1: min_y=32.0, max_y=33.5, height=1.5, points=4
2025-09-08 09:49:45 - DEBUG - Elevation 2: min_y=106.125, max_y=107.625, height=1.5, points=4
2025-09-08 09:49:45 - DEBUG - Elevation 3: min_y=107.625, max_y=109.125, height=1.5, points=4
2025-09-08 09:49:45 - DEBUG - Elevation 4: min_y=49.75, max_y=97.75, height=48.0, points=4
2025-09-08 09:49:45 - DEBUG - Elevation 5: min_y=54.75, max_y=97.75, height=43.0, points=4
2025-09-08 09:49:45 - DEBUG - Elevation 6: min_y=49.75, max_y=97.75, height=48.0, points=4
2025-09-08 09:49:45 - DEBUG - Elevation 7: min_y=33.5, max_y=106.125, height=72.625, points=4
2025-09-08 09:49:45 - DEBUG - Elevation 8: min_y=33.5, max_y=106.125, height=72.625, points=4
2025-09-08 09:49:45 - DEBUG - Elevation 9: min_y=33.5, max_y=106.125, height=72.625, points=4
2025-09-08 09:49:45 - DEBUG - Elevation 10: min_y=33.5, max_y=106.125, height=72.625, points=4
2025-09-08 09:49:45 - DEBUG - Elevation 11: min_y=32.0, max_y=54.75, height=22.75, points=4
2025-09-08 09:49:45 - DEBUG - Elevation 12: min_y=54.75, max_y=56.25, height=1.5, points=4
2025-09-08 09:49:45 - DEBUG - Elevation 13: min_y=56.25, max_y=57.75, height=1.5, points=4
2025-09-08 09:49:45 - DEBUG - Elevation 14: min_y=57.75, max_y=106.125, height=48.375, points=4
2025-09-08 09:49:45 - DEBUG - Elevation 15: min_y=57.75, max_y=106.125, height=48.375, points=4
2025-09-08 09:49:45 - DEBUG - Elevation 16: min_y=57.75, max_y=106.125, height=48.375, points=4
2025-09-08 09:49:45 - DEBUG - Elevation 17: min_y=57.75, max_y=106.125, height=48.375, points=4
2025-09-08 09:49:45 - DEBUG - Elevation 18: min_y=57.75, max_y=106.125, height=48.375, points=4
2025-09-08 09:49:45 - DEBUG - Elevation 19: min_y=57.75, max_y=106.125, height=48.375, points=4
2025-09-08 09:49:45 - DEBUG - Elevation 20: min_y=57.75, max_y=106.125, height=48.375, points=4
2025-09-08 09:49:45 - DEBUG - Elevation 21: min_y=57.75, max_y=106.125, height=48.375, points=4
2025-09-08 09:49:45 - DEBUG - Elevation 22: min_y=33.5, max_y=106.125, height=72.625, points=4
2025-09-08 09:49:45 - DEBUG - Elevation 23: min_y=33.5, max_y=106.125, height=72.625, points=4
2025-09-08 09:49:45 - DEBUG - Elevation 24: min_y=33.5, max_y=106.125, height=72.625, points=4
2025-09-08 09:49:45 - DEBUG - Elevation 25: min_y=33.5, max_y=106.125, height=72.625, points=4
2025-09-08 09:49:45 - DEBUG - Elevation 26: min_y=33.5, max_y=106.125, height=72.625, points=4
2025-09-08 09:49:45 - DEBUG - SubAssembly found - Family: 'End Stud Assembly', Label: '', Name: 'End Stud Assembly'
2025-09-08 09:49:45 - DEBUG - SubAssembly found - Family: 'GARAGE', Label: '', Name: 'GARAGE'
2025-09-08 09:49:45 - DEBUG - SubAssembly found - Family: '2S LType', Label: '', Name: '2S LType'
2025-09-08 09:49:45 - DEBUG - Calculated squaring for panel bab4b9e0-a3fc-4c79-9285-3353c6860c3c: 84.543 inches -> 7'-1/2"
2025-09-08 09:49:45 - DEBUG - Panel bab4b9e0-a3fc-4c79-9285-3353c6860c3c has 9 elevation views
2025-09-08 09:49:45 - DEBUG - Elevation 0: min_y=32.0, max_y=33.5, height=1.5, points=4
2025-09-08 09:49:45 - DEBUG - Elevation 1: min_y=33.5, max_y=106.125, height=72.625, points=4
2025-09-08 09:49:45 - DEBUG - Elevation 2: min_y=106.125, max_y=107.625, height=1.5, points=4
2025-09-08 09:49:45 - DEBUG - Elevation 3: min_y=107.625, max_y=109.125, height=1.5, points=4
2025-09-08 09:49:45 - DEBUG - Elevation 4: min_y=33.5, max_y=106.125, height=72.625, points=4
2025-09-08 09:49:45 - DEBUG - Elevation 5: min_y=33.5, max_y=106.125, height=72.625, points=4
2025-09-08 09:49:45 - DEBUG - Elevation 6: min_y=49.75, max_y=97.75, height=48.0, points=4
2025-09-08 09:49:45 - DEBUG - Elevation 7: min_y=33.5, max_y=106.125, height=72.625, points=4
2025-09-08 09:49:45 - DEBUG - Elevation 8: min_y=33.5, max_y=106.125, height=72.625, points=4
2025-09-08 09:49:45 - DEBUG - SubAssembly found - Family: 'LType', Label: '', Name: 'LType'
2025-09-08 09:49:45 - DEBUG - Calculated squaring for panel aaaaafa3-c16e-4996-8667-dd3e7812ce15: 76.235 inches -> 6'-4-1/4"
2025-09-08 09:49:45 - DEBUG - Panel aaaaafa3-c16e-4996-8667-dd3e7812ce15 has 9 elevation views
2025-09-08 09:49:45 - DEBUG - Elevation 0: min_y=0.0, max_y=0.0, height=0.0, points=4
2025-09-08 09:49:45 - DEBUG - Elevation 1: min_y=32.0, max_y=33.5, height=1.5, points=4
2025-09-08 09:49:45 - DEBUG - Elevation 2: min_y=106.125, max_y=107.625, height=1.5, points=4
2025-09-08 09:49:45 - DEBUG - Elevation 3: min_y=107.625, max_y=109.125, height=1.5, points=4
2025-09-08 09:49:45 - DEBUG - Elevation 4: min_y=49.75, max_y=97.75, height=48.0, points=4
2025-09-08 09:49:45 - DEBUG - Elevation 5: min_y=33.5, max_y=106.125, height=72.625, points=4
2025-09-08 09:49:45 - DEBUG - Elevation 6: min_y=33.5, max_y=106.125, height=72.625, points=4
2025-09-08 09:49:45 - DEBUG - Elevation 7: min_y=33.5, max_y=106.125, height=72.625, points=4
2025-09-08 09:49:45 - DEBUG - Elevation 8: min_y=33.5, max_y=106.125, height=72.625, points=4
2025-09-08 09:49:45 - DEBUG - SubAssembly found - Family: 'End Stud Assembly', Label: '', Name: 'End Stud Assembly'
2025-09-08 09:49:45 - DEBUG - SubAssembly found - Family: 'LType', Label: '', Name: 'LType'
2025-09-08 09:49:45 - DEBUG - Calculated squaring for panel 6addd767-104d-4a5e-a202-72e5a84d70e4: 136.559 inches -> 11'-4-1/2"
2025-09-08 09:49:45 - DEBUG - Panel 6addd767-104d-4a5e-a202-72e5a84d70e4 has 27 elevation views
2025-09-08 09:49:45 - DEBUG - Elevation 0: min_y=107.625, max_y=109.125, height=1.5, points=4
2025-09-08 09:49:45 - DEBUG - Elevation 1: min_y=32.0, max_y=33.5, height=1.5, points=4
2025-09-08 09:49:45 - DEBUG - Elevation 2: min_y=106.125, max_y=107.625, height=1.5, points=4
2025-09-08 09:49:45 - DEBUG - Elevation 3: min_y=33.5, max_y=106.125, height=72.625, points=4
2025-09-08 09:49:45 - DEBUG - Elevation 4: min_y=49.75, max_y=97.75, height=48.0, points=4
2025-09-08 09:49:45 - DEBUG - Elevation 5: min_y=92.375, max_y=97.75, height=5.375, points=4
2025-09-08 09:49:45 - DEBUG - Elevation 6: min_y=49.75, max_y=97.75, height=48.0, points=4
2025-09-08 09:49:45 - DEBUG - Elevation 7: min_y=33.5, max_y=106.125, height=72.625, points=4
2025-09-08 09:49:45 - DEBUG - Elevation 8: min_y=73.75, max_y=75.25, height=1.5, points=4
2025-09-08 09:49:45 - DEBUG - Elevation 9: min_y=33.5, max_y=106.125, height=72.625, points=4
2025-09-08 09:49:45 - DEBUG - Elevation 10: min_y=33.5, max_y=106.125, height=72.625, points=4
2025-09-08 09:49:45 - DEBUG - Elevation 11: min_y=33.5, max_y=106.125, height=72.625, points=4
2025-09-08 09:49:45 - DEBUG - Elevation 12: min_y=32.0, max_y=92.375, height=60.375, points=4
2025-09-08 09:49:45 - DEBUG - Elevation 13: min_y=92.375, max_y=93.875, height=1.5, points=4
2025-09-08 09:49:45 - DEBUG - Elevation 14: min_y=93.875, max_y=95.375, height=1.5, points=4
2025-09-08 09:49:45 - DEBUG - Elevation 15: min_y=95.375, max_y=106.125, height=10.75, points=4
2025-09-08 09:49:45 - DEBUG - Elevation 16: min_y=95.375, max_y=106.125, height=10.75, points=4
2025-09-08 09:49:45 - DEBUG - Elevation 17: min_y=95.375, max_y=106.125, height=10.75, points=4
2025-09-08 09:49:45 - DEBUG - Elevation 18: min_y=95.375, max_y=106.125, height=10.75, points=4
2025-09-08 09:49:45 - DEBUG - Elevation 19: min_y=95.375, max_y=106.125, height=10.75, points=4
2025-09-08 09:49:45 - DEBUG - Elevation 20: min_y=33.5, max_y=106.125, height=72.625, points=4
2025-09-08 09:49:45 - DEBUG - Elevation 21: min_y=33.5, max_y=106.125, height=72.625, points=4
2025-09-08 09:49:45 - DEBUG - Elevation 22: min_y=33.5, max_y=106.125, height=72.625, points=4
2025-09-08 09:49:45 - DEBUG - Elevation 23: min_y=73.75, max_y=75.25, height=1.5, points=4
2025-09-08 09:49:45 - DEBUG - Elevation 24: min_y=33.5, max_y=106.125, height=72.625, points=4
2025-09-08 09:49:45 - DEBUG - Elevation 25: min_y=33.5, max_y=106.125, height=72.625, points=4
2025-09-08 09:49:45 - DEBUG - Elevation 26: min_y=33.5, max_y=106.125, height=72.625, points=4
2025-09-08 09:49:45 - DEBUG - SubAssembly found - Family: 'Beampocket', Label: '', Name: 'Beampocket'
2025-09-08 09:49:45 - DEBUG - Found rough opening or beam pocket SubAssembly: Beampocket
2025-09-08 09:49:45 - DEBUG - SubAssembly found - Family: 'DR-9-ENT', Label: '', Name: 'DR-9-ENT'
2025-09-08 09:49:45 - DEBUG - SubAssembly found - Family: 'Beampocket', Label: '', Name: 'Beampocket'
2025-09-08 09:49:45 - DEBUG - Found rough opening or beam pocket SubAssembly: Beampocket
2025-09-08 09:49:45 - DEBUG - SubAssembly found - Family: 'End Stud Assembly', Label: '', Name: 'End Stud Assembly'
2025-09-08 09:49:45 - DEBUG - Calculated squaring for panel ed0fd0a0-2c5d-4c0e-bfd7-5c71c6d0f83b: 108.265 inches -> 9'-1/4"
2025-09-08 09:49:45 - DEBUG - Panel ed0fd0a0-2c5d-4c0e-bfd7-5c71c6d0f83b has 8 elevation views
2025-09-08 09:49:45 - DEBUG - Elevation 0: min_y=0.0, max_y=1.5, height=1.5, points=4
2025-09-08 09:49:45 - DEBUG - Elevation 1: min_y=106.125, max_y=107.625, height=1.5, points=4
2025-09-08 09:49:45 - DEBUG - Elevation 2: min_y=107.625, max_y=109.125, height=1.5, points=4
2025-09-08 09:49:45 - DEBUG - Elevation 3: min_y=1.5, max_y=106.125, height=104.625, points=4
2025-09-08 09:49:45 - DEBUG - Elevation 4: min_y=0.0, max_y=96.0, height=96.0, points=4
2025-09-08 09:49:45 - DEBUG - Elevation 5: min_y=96.0, max_y=108.0, height=12.0, points=4
2025-09-08 09:49:45 - DEBUG - Elevation 6: min_y=1.5, max_y=106.125, height=104.625, points=4
2025-09-08 09:49:45 - DEBUG - Elevation 7: min_y=1.5, max_y=106.125, height=104.625, points=4
2025-09-08 09:49:45 - DEBUG - SubAssembly found - Family: 'End Stud Assembly', Label: '', Name: 'End Stud Assembly'
2025-09-08 09:49:45 - DEBUG - Writing expected.log with 37 panels
2025-09-08 09:49:45 - DEBUG - write_expected_and_materials_logs called with 37 panels
2025-09-08 09:49:45 - DEBUG - Beam pocket extraction complete. Found 2 unique beam pockets
2025-09-08 09:49:45 - DEBUG - Beam pocket extraction complete. Found 0 unique beam pockets
2025-09-08 09:49:45 - DEBUG - Beam pocket extraction complete. Found 0 unique beam pockets
2025-09-08 09:49:45 - DEBUG - Beam pocket extraction complete. Found 0 unique beam pockets
2025-09-08 09:49:45 - DEBUG - Beam pocket extraction complete. Found 0 unique beam pockets
2025-09-08 09:49:45 - DEBUG - Beam pocket extraction complete. Found 0 unique beam pockets
2025-09-08 09:49:46 - DEBUG - Beam pocket extraction complete. Found 0 unique beam pockets
2025-09-08 09:49:46 - DEBUG - Beam pocket extraction complete. Found 0 unique beam pockets
2025-09-08 09:49:46 - DEBUG - Beam pocket extraction complete. Found 0 unique beam pockets
2025-09-08 09:49:46 - DEBUG - Beam pocket extraction complete. Found 0 unique beam pockets
2025-09-08 09:49:46 - DEBUG - Beam pocket extraction complete. Found 0 unique beam pockets
2025-09-08 09:49:46 - DEBUG - Beam pocket extraction complete. Found 0 unique beam pockets
2025-09-08 09:49:46 - DEBUG - Beam pocket extraction complete. Found 0 unique beam pockets
2025-09-08 09:49:46 - DEBUG - Beam pocket extraction complete. Found 0 unique beam pockets
2025-09-08 09:49:46 - DEBUG - Beam pocket extraction complete. Found 0 unique beam pockets
2025-09-08 09:49:46 - DEBUG - Beam pocket extraction complete. Found 0 unique beam pockets
2025-09-08 09:49:46 - DEBUG - Beam pocket extraction complete. Found 0 unique beam pockets
2025-09-08 09:49:46 - DEBUG - Beam pocket extraction complete. Found 0 unique beam pockets
2025-09-08 09:49:46 - DEBUG - Beam pocket extraction complete. Found 0 unique beam pockets
2025-09-08 09:49:46 - DEBUG - Beam pocket extraction complete. Found 0 unique beam pockets
2025-09-08 09:49:47 - DEBUG - Beam pocket extraction complete. Found 0 unique beam pockets
2025-09-08 09:49:47 - DEBUG - Beam pocket extraction complete. Found 0 unique beam pockets
2025-09-08 09:49:47 - DEBUG - Beam pocket extraction complete. Found 0 unique beam pockets
2025-09-08 09:49:47 - DEBUG - Beam pocket extraction complete. Found 0 unique beam pockets
2025-09-08 09:49:47 - DEBUG - Beam pocket extraction complete. Found 0 unique beam pockets
2025-09-08 09:49:47 - DEBUG - Beam pocket extraction complete. Found 0 unique beam pockets
2025-09-08 09:49:47 - DEBUG - Beam pocket extraction complete. Found 0 unique beam pockets
2025-09-08 09:49:47 - DEBUG - Beam pocket extraction complete. Found 0 unique beam pockets
2025-09-08 09:49:47 - DEBUG - Beam pocket extraction complete. Found 0 unique beam pockets
2025-09-08 09:49:47 - DEBUG - Beam pocket extraction complete. Found 0 unique beam pockets
2025-09-08 09:49:47 - DEBUG - Beam pocket extraction complete. Found 0 unique beam pockets
2025-09-08 09:49:47 - DEBUG - Beam pocket extraction complete. Found 0 unique beam pockets
2025-09-08 09:49:47 - DEBUG - Beam pocket extraction complete. Found 0 unique beam pockets
2025-09-08 09:49:47 - DEBUG - Beam pocket extraction complete. Found 1 unique beam pockets
2025-09-08 09:49:48 - DEBUG - Beam pocket extraction complete. Found 0 unique beam pockets
2025-09-08 09:49:48 - DEBUG - Beam pocket extraction complete. Found 0 unique beam pockets
2025-09-08 09:49:48 - DEBUG - Beam pocket extraction complete. Found 0 unique beam pockets
2025-09-08 09:49:48 - DEBUG - Beam pocket extraction complete. Found 2 unique beam pockets
2025-09-08 09:49:48 - DEBUG - Beam pocket extraction complete. Found 0 unique beam pockets
2025-09-08 09:49:48 - DEBUG - Beam pocket extraction complete. Found 0 unique beam pockets
2025-09-08 09:49:48 - DEBUG - Beam pocket extraction complete. Found 0 unique beam pockets
2025-09-08 09:49:48 - DEBUG - Beam pocket extraction complete. Found 0 unique beam pockets
2025-09-08 09:49:48 - DEBUG - Beam pocket extraction complete. Found 0 unique beam pockets
2025-09-08 09:49:48 - DEBUG - Beam pocket extraction complete. Found 0 unique beam pockets
2025-09-08 09:49:48 - DEBUG - Beam pocket extraction complete. Found 0 unique beam pockets
2025-09-08 09:49:48 - DEBUG - Beam pocket extraction complete. Found 0 unique beam pockets
2025-09-08 09:49:48 - DEBUG - Beam pocket extraction complete. Found 0 unique beam pockets
2025-09-08 09:49:48 - DEBUG - Beam pocket extraction complete. Found 0 unique beam pockets
2025-09-08 09:49:48 - DEBUG - Beam pocket extraction complete. Found 0 unique beam pockets
2025-09-08 09:49:48 - DEBUG - Beam pocket extraction complete. Found 0 unique beam pockets
2025-09-08 09:49:48 - DEBUG - Beam pocket extraction complete. Found 0 unique beam pockets
2025-09-08 09:49:48 - DEBUG - Beam pocket extraction complete. Found 0 unique beam pockets
2025-09-08 09:49:48 - DEBUG - Beam pocket extraction complete. Found 0 unique beam pockets
2025-09-08 09:49:48 - DEBUG - Beam pocket extraction complete. Found 0 unique beam pockets
2025-09-08 09:49:48 - DEBUG - Beam pocket extraction complete. Found 0 unique beam pockets
2025-09-08 09:49:48 - DEBUG - Beam pocket extraction complete. Found 0 unique beam pockets
2025-09-08 09:49:48 - DEBUG - Beam pocket extraction complete. Found 0 unique beam pockets
2025-09-08 09:49:48 - DEBUG - Beam pocket extraction complete. Found 0 unique beam pockets
2025-09-08 09:49:48 - DEBUG - Beam pocket extraction complete. Found 0 unique beam pockets
2025-09-08 09:49:48 - DEBUG - Beam pocket extraction complete. Found 0 unique beam pockets
2025-09-08 09:49:48 - DEBUG - Beam pocket extraction complete. Found 0 unique beam pockets
2025-09-08 09:49:48 - DEBUG - Beam pocket extraction complete. Found 0 unique beam pockets
2025-09-08 09:49:48 - DEBUG - Beam pocket extraction complete. Found 0 unique beam pockets
2025-09-08 09:49:48 - DEBUG - Beam pocket extraction complete. Found 0 unique beam pockets
2025-09-08 09:49:48 - DEBUG - Beam pocket extraction complete. Found 0 unique beam pockets
2025-09-08 09:49:48 - DEBUG - Beam pocket extraction complete. Found 0 unique beam pockets
2025-09-08 09:49:48 - DEBUG - Beam pocket extraction complete. Found 0 unique beam pockets
2025-09-08 09:49:48 - DEBUG - Beam pocket extraction complete. Found 0 unique beam pockets
2025-09-08 09:49:48 - DEBUG - Beam pocket extraction complete. Found 0 unique beam pockets
2025-09-08 09:49:48 - DEBUG - Beam pocket extraction complete. Found 0 unique beam pockets
2025-09-08 09:49:48 - DEBUG - Beam pocket extraction complete. Found 1 unique beam pockets
2025-09-08 09:49:48 - DEBUG - Beam pocket extraction complete. Found 0 unique beam pockets
2025-09-08 09:49:48 - DEBUG - Beam pocket extraction complete. Found 0 unique beam pockets
2025-09-08 09:49:48 - DEBUG - Beam pocket extraction complete. Found 0 unique beam pockets
2025-09-08 09:49:48 - DEBUG - Finished writing expected.log
2025-09-08 09:49:48 - DEBUG - write_expected_and_materials_logs called with 37 panels
2025-09-08 09:49:48 - DEBUG - Beam pocket extraction complete. Found 2 unique beam pockets
2025-09-08 09:49:48 - DEBUG - Beam pocket extraction complete. Found 0 unique beam pockets
2025-09-08 09:49:48 - DEBUG - Beam pocket extraction complete. Found 0 unique beam pockets
2025-09-08 09:49:48 - DEBUG - Beam pocket extraction complete. Found 0 unique beam pockets
2025-09-08 09:49:48 - DEBUG - Beam pocket extraction complete. Found 0 unique beam pockets
2025-09-08 09:49:48 - DEBUG - Beam pocket extraction complete. Found 0 unique beam pockets
2025-09-08 09:49:49 - DEBUG - Beam pocket extraction complete. Found 0 unique beam pockets
2025-09-08 09:49:49 - DEBUG - Beam pocket extraction complete. Found 0 unique beam pockets
2025-09-08 09:49:49 - DEBUG - Beam pocket extraction complete. Found 0 unique beam pockets
2025-09-08 09:49:49 - DEBUG - Beam pocket extraction complete. Found 0 unique beam pockets
2025-09-08 09:49:49 - DEBUG - Beam pocket extraction complete. Found 0 unique beam pockets
2025-09-08 09:49:49 - DEBUG - Beam pocket extraction complete. Found 0 unique beam pockets
2025-09-08 09:49:49 - DEBUG - Beam pocket extraction complete. Found 0 unique beam pockets
2025-09-08 09:49:49 - DEBUG - Beam pocket extraction complete. Found 0 unique beam pockets
2025-09-08 09:49:49 - DEBUG - Beam pocket extraction complete. Found 0 unique beam pockets
2025-09-08 09:49:49 - DEBUG - Beam pocket extraction complete. Found 0 unique beam pockets
2025-09-08 09:49:49 - DEBUG - Beam pocket extraction complete. Found 0 unique beam pockets
2025-09-08 09:49:49 - DEBUG - Beam pocket extraction complete. Found 0 unique beam pockets
2025-09-08 09:49:50 - DEBUG - Beam pocket extraction complete. Found 0 unique beam pockets
2025-09-08 09:49:50 - DEBUG - Beam pocket extraction complete. Found 0 unique beam pockets
2025-09-08 09:49:50 - DEBUG - Beam pocket extraction complete. Found 0 unique beam pockets
2025-09-08 09:49:50 - DEBUG - Beam pocket extraction complete. Found 0 unique beam pockets
2025-09-08 09:49:50 - DEBUG - Beam pocket extraction complete. Found 0 unique beam pockets
2025-09-08 09:49:50 - DEBUG - Beam pocket extraction complete. Found 0 unique beam pockets
2025-09-08 09:49:50 - DEBUG - Beam pocket extraction complete. Found 0 unique beam pockets
2025-09-08 09:49:50 - DEBUG - Beam pocket extraction complete. Found 0 unique beam pockets
2025-09-08 09:49:50 - DEBUG - Beam pocket extraction complete. Found 0 unique beam pockets
2025-09-08 09:49:50 - DEBUG - Beam pocket extraction complete. Found 0 unique beam pockets
2025-09-08 09:49:50 - DEBUG - Beam pocket extraction complete. Found 0 unique beam pockets
2025-09-08 09:49:50 - DEBUG - Beam pocket extraction complete. Found 0 unique beam pockets
2025-09-08 09:49:50 - DEBUG - Beam pocket extraction complete. Found 0 unique beam pockets
2025-09-08 09:49:50 - DEBUG - Beam pocket extraction complete. Found 0 unique beam pockets
2025-09-08 09:49:50 - DEBUG - Beam pocket extraction complete. Found 0 unique beam pockets
2025-09-08 09:49:51 - DEBUG - Beam pocket extraction complete. Found 1 unique beam pockets
2025-09-08 09:49:51 - DEBUG - Beam pocket extraction complete. Found 0 unique beam pockets
2025-09-08 09:49:51 - DEBUG - Beam pocket extraction complete. Found 0 unique beam pockets
2025-09-08 09:49:51 - DEBUG - Beam pocket extraction complete. Found 0 unique beam pockets
2025-09-08 09:49:51 - DEBUG - Beam pocket extraction complete. Found 2 unique beam pockets
2025-09-08 09:49:51 - DEBUG - Beam pocket extraction complete. Found 0 unique beam pockets
2025-09-08 09:49:51 - DEBUG - Beam pocket extraction complete. Found 0 unique beam pockets
2025-09-08 09:49:51 - DEBUG - Beam pocket extraction complete. Found 0 unique beam pockets
2025-09-08 09:49:51 - DEBUG - Beam pocket extraction complete. Found 0 unique beam pockets
2025-09-08 09:49:51 - DEBUG - Beam pocket extraction complete. Found 0 unique beam pockets
2025-09-08 09:49:51 - DEBUG - Beam pocket extraction complete. Found 0 unique beam pockets
2025-09-08 09:49:51 - DEBUG - Beam pocket extraction complete. Found 0 unique beam pockets
2025-09-08 09:49:51 - DEBUG - Beam pocket extraction complete. Found 0 unique beam pockets
2025-09-08 09:49:51 - DEBUG - Beam pocket extraction complete. Found 0 unique beam pockets
2025-09-08 09:49:51 - DEBUG - Beam pocket extraction complete. Found 0 unique beam pockets
2025-09-08 09:49:51 - DEBUG - Beam pocket extraction complete. Found 0 unique beam pockets
2025-09-08 09:49:51 - DEBUG - Beam pocket extraction complete. Found 0 unique beam pockets
2025-09-08 09:49:51 - DEBUG - Beam pocket extraction complete. Found 0 unique beam pockets
2025-09-08 09:49:51 - DEBUG - Beam pocket extraction complete. Found 0 unique beam pockets
2025-09-08 09:49:51 - DEBUG - Beam pocket extraction complete. Found 0 unique beam pockets
2025-09-08 09:49:51 - DEBUG - Beam pocket extraction complete. Found 0 unique beam pockets
2025-09-08 09:49:51 - DEBUG - Beam pocket extraction complete. Found 0 unique beam pockets
2025-09-08 09:49:51 - DEBUG - Beam pocket extraction complete. Found 0 unique beam pockets
2025-09-08 09:49:51 - DEBUG - Beam pocket extraction complete. Found 0 unique beam pockets
2025-09-08 09:49:51 - DEBUG - Beam pocket extraction complete. Found 0 unique beam pockets
2025-09-08 09:49:51 - DEBUG - Beam pocket extraction complete. Found 0 unique beam pockets
2025-09-08 09:49:51 - DEBUG - Beam pocket extraction complete. Found 0 unique beam pockets
2025-09-08 09:49:51 - DEBUG - Beam pocket extraction complete. Found 0 unique beam pockets
2025-09-08 09:49:51 - DEBUG - Beam pocket extraction complete. Found 0 unique beam pockets
2025-09-08 09:49:51 - DEBUG - Beam pocket extraction complete. Found 0 unique beam pockets
2025-09-08 09:49:51 - DEBUG - Beam pocket extraction complete. Found 0 unique beam pockets
2025-09-08 09:49:51 - DEBUG - Beam pocket extraction complete. Found 0 unique beam pockets
2025-09-08 09:49:51 - DEBUG - Beam pocket extraction complete. Found 0 unique beam pockets
2025-09-08 09:49:51 - DEBUG - Beam pocket extraction complete. Found 0 unique beam pockets
2025-09-08 09:49:51 - DEBUG - Beam pocket extraction complete. Found 0 unique beam pockets
2025-09-08 09:49:51 - DEBUG - Beam pocket extraction complete. Found 0 unique beam pockets
2025-09-08 09:49:51 - DEBUG - Beam pocket extraction complete. Found 0 unique beam pockets
2025-09-08 09:49:51 - DEBUG - Beam pocket extraction complete. Found 1 unique beam pockets
2025-09-08 09:49:51 - DEBUG - Beam pocket extraction complete. Found 0 unique beam pockets
2025-09-08 09:49:51 - DEBUG - Beam pocket extraction complete. Found 0 unique beam pockets
2025-09-08 09:49:51 - DEBUG - Beam pocket extraction complete. Found 0 unique beam pockets
2025-09-08 09:50:28 - DEBUG - Checking 34 materials for rough openings
2025-09-08 09:50:28 - DEBUG - Found 38 elevation views
2025-09-08 09:50:28 - DEBUG - Found rough opening: ['Rough Opening: DR-9-ENT-L1', 'Size: 92.75 x 50.875', 'AFF: 92.75 (7\'-8-3/4")', 'Reference: G - Header']
2025-09-08 09:50:28 - DEBUG - Total rough openings found: 1
2025-09-08 09:50:28 - DEBUG - Added to GUI: ['Rough Opening: DR-9-ENT-L1', 'Size: 92.75 x 50.875', 'AFF: 92.75 (7\'-8-3/4")', 'Reference: G - Header']
2025-09-08 09:50:28 - DEBUG - Beam pocket extraction complete. Found 2 unique beam pockets
2025-09-08 09:50:28 - DEBUG - Extracted 2 beam pockets for panel fcf85cb8-ad17-402c-b4e6-93c552d34341
2025-09-08 09:50:28 - DEBUG - Displaying beam pockets: [{'panel_id': '', 'aff': 73.75, 'opening_width': 3.0, 'materials': {'D': 3, 'E': 2}, 'count': 1}, {'panel_id': '', 'aff': 73.75, 'opening_width': 3.0, 'materials': {'D': 2, 'E': 2}, 'count': 1}]
