
=== 712et.log updated at 2025-09-18 19:58:10 for 07_112.EHX ===
File Location: EHX

=== V2.0 DIAGNOSTIC INFO ===
Junctions found: 1
Bundles found: 1
Total panels: 1
Panels assigned: 1
Panels unassigned: 0
Junction mappings: 2
Bundle layer mappings: {2: 'B2 (2x6 Ext-B)'}
========================

Panel: 07_112
Level: 1
Description: 1FW 2FD
Bundle: B2 (2x6 Ext-B)
Panel Details:
• Category: Exterior
• Load Bearing: YES
• Length: 137.484 (11'-5-1/2")
• Height: 109.125 (9'-1-1/8")
• Squaring: 14'-6-5/8"
• Thickness: 5.5
• Stud Spacing: 16
• Sheathing Layer 1: 1/2" BP R1.5 4x9
• Weight: 434 Lbs
• Production Notes: Typar

SubAssembly Details:
• BSMT-HDR
   Materials:
    ├── BSMT-HDR (1)
    ├── D (2)
    ├── G (2)
    ├── J (3)
    ├── T (1)
   Rough Openings:
    ├── Rough Opening: BSMT-HDR
    ├── AFF: 1.5 (1-1/2")
• 49x63-L2
   Materials:
    ├── 49x63-L2 (1)
    ├── D (2)
    ├── E (4)
    ├── F (3)
    ├── H (1)
    ├── I (5)
    ├── R (5)
    ├── S (1)
   Rough Openings:
    ├── Rough Opening: 49x63-L2
    ├── AFF: 92.5 (7'-8-1/2")
• LType
   Materials:
    ├── K (1)
    ├── L (1)


🔧 CRITICAL STUD DETAILS:
------------------------------

FM32 SUBASSEMBLY CRITICAL STUD:
  • Position: 130.61 inches (10'-10-5/8")
  • Type: SubAssembly critical stud
  • Count: 2 stud(s)

---
Panel Material Breakdown:
A - BottomPlate - 2x6 SPF PM No.2 - (1) - 11'-5-3/8"
B - TopPlate - 2x6 SPF PM No.2 - (1) - 11'-5-3/8"
C - VeryTopPlate - 2x6 SPF PM No.2 - (1) - 9'
D - KingStud - 2x6 SPF Stud - (4) - 8'-8-5/8"
E - Trimmer - 2x6 SPF Stud - (4) - 8'-1-3/8"
F - Header - 2x8 SPF No.2 - (3) - 4'-7"
G - Header - 2x8 SPF No.2 - (2) - 4'-6-5/8"
H - WindowSill - 2x6 SPF Stud - (1) - 4'-1"
I - SillCripple - 2x6 SPF Stud - (5) - 2'-2-1/2"
J - HeaderCripple - 2x6 SPF Stud - (3) - 7'-11-7/8"
K - Stud - 2x6 SPF Stud - (1) - 8'-8-5/8"
L - FlatStud - 2x6 SPF Stud - (1) - 8'-8-5/8"
M - Sheathing - 1/2" BP R1.5 4x9 - (1) - 9' x 1'-2-7/8"
R - FillerCripple - 2x6 SPF Stud - (2) - 4-7/8"
R - FillerCripple - 2x6 SPF Stud - (3) - 4-7/8"
S - FillerBtmNailer - 2x6 SPF Stud - (1) - 4'-1"
T - HeaderCap - 2x6 SPF Stud - (1) - 4'-6-5/8"
---
