
=== Blk7-Unit 35 - Remington JG -1520 - El.log updated at 2025-09-17 20:00:57 for L1-Blk7-Unit 35 - Remington JG -1520 - El.EHX ===
File Location: Z:/Hornet Jobs/Remington - Juniper/L1-Blk7-Unit 35 - Remington JG -1520 - El

⚠️  WARNING: 16 panel(s) not assigned to any bundle:
   • 35_137 (Level: Unknown)
   • 35_108 (Level: Unknown)
   • 35_122 (Level: Unknown)
   • 35_121 (Level: Unknown)
   • 35_136 (Level: Unknown)
   • 35_120 (Level: Unknown)
   • 35_124 (Level: Unknown)
   • 35_125 (Level: Unknown)
   • 35_126 (Level: Unknown)
   • 35_127 (Level: Unknown)
   • 35_131 (Level: Unknown)
   • 35_135 (Level: Unknown)
   • 35_117 (Level: Unknown)
   • 35_130 (Level: Unknown)
   • 35_128 (Level: Unknown)
   • 35_129 (Level: Unknown)

Panel: 35_108
Panel Details:
• Category: Interior
• Load Bearing: YES
• Length: 49.5 (4'-1-1/2")
• Height: 119.375 (9'-11-3/8")
• Squaring: 10'-7-7/8"
• Thickness: 5.5
• Stud Spacing: 16
• Sheathing Layer 1: 7/16 IN 4x9 OSB
• Sheathing Layer 2: 5/8 IN Dens-Glass
• Weight: 170 Lbs


🔧 CRITICAL STUD DETAILS:
------------------------------

