
=== L2-LOT 6-Tribute-CTC-005770.log updated at 2025-09-12 19:16:31 for L2-LOT 6-Tribute-CTC-005770.EHX ===
File Location: Z:/Hornet Jobs/Tribute-Courtice

=== V2.0 DIAGNOSTIC INFO ===
Junctions found: 65
Bundles found: 5
Total panels: 70
Panels assigned: 70
Panels unassigned: 0
Junction mappings: 67
Bundle layer mappings: {}
========================

Panel: 06_200
Level: 2
Description: 2FW 3FD
Bundle: -B1 (2x6 Ext-F)
Panel Details:
• Category: Exterior
• Load Bearing: YES
• Length: 129.931 (10'-10")
• Height: 109.125 (9'-1-1/8")
• Squaring: 14'-3/4"
• Thickness: 5.5
• Stud Spacing: 16
• Sheathing Layer 1: 1/2" BP R1.5 4x9
• Weight: 326 Lbs

Panel Material Breakdown:
A - BottomPlate - 2x6 SPF PM No.2 - (1) - 10'-10"
B - TopPlate - 2x6 SPF PM No.2 - (1) - 10'-10"
C - VeryTopPlate - 2x6 SPF PM No.2 - (1) - 9'-3-1/4"
D - KingStud - 2x6 SPF Stud - (2) - 8'-8-5/8"
E - Trimmer - 2x6 SPF Stud - (4) - 8'-1-3/8"
F - Header - 2x8 SPF No.2 - (2) - 8'-1"
G - WindowSill - 2x6 SPF Stud - (1) - 7'-7"
H - SillCripple - 2x6 SPF Stud - (7) - 1'-10"
I - Stud - 2x6 SPF Stud - (2) - 8'-8-5/8"
J - Sheathing - 1/2" BP R1.5 4x9 - (1) - 9' x 3'-4-1/2"
N - FillerCripple - 2x6 SPF Stud - (7) - 3-3/8"
O - FillerBtmNailer - 2x6 SPF Stud - (1) - 7'-7"
---
Panel: 06_201
Level: 2
Description: 2FW 3FD
Bundle: -B1 (2x6 Ext-F)
Panel Details:
• Category: Exterior
• Load Bearing: YES
• Length: 29.373 (2'-5-3/8")
• Height: 109.125 (9'-1-1/8")
• Squaring: 9'-3-1/2"
• Thickness: 5.5
• Stud Spacing: 16
• Sheathing Layer 1: 1/2" BP R1.5 4x9
• Weight: 84 Lbs

Panel Material Breakdown:
A - BottomPlate - 2x6 SPF PM No.2 - (1) - 2'-5-3/8"
B - TopPlate - 2x6 SPF PM No.2 - (1) - 2'-5-3/8"
C - VeryTopPlate - 2x6 SPF PM No.2 - (1) - 10-7/8"
D - Stud - 2x6 SPF Stud - (3) - 8'-8-5/8"
E - Sheathing - 1/2" BP R1.5 4x9 - (1) - 9' x 2'-11-3/8"
---
Panel: 06_202
Level: 2
Description: 2FW 3FD
Bundle: -B1 (2x6 Ext-F)
Panel Details:
• Category: Exterior
• Load Bearing: YES
• Length: 46.04 (3'-10")
• Height: 109.125 (9'-1-1/8")
• Squaring: 9'-9"
• Thickness: 5.5
• Stud Spacing: 16
• Sheathing Layer 1: 1/2" BP R1.5 4x9
• Weight: 174 Lbs

Panel Material Breakdown:
A - BottomPlate - 2x6 SPF PM No.2 - (1) - 3'-10"
B - TopPlate - 2x6 SPF PM No.2 - (1) - 3'-10"
C - VeryTopPlate - 2x6 SPF PM No.2 - (1) - 3'-4-1/2"
D - Stud - 2x6 SPF Stud - (6) - 8'-8-5/8"
E - FlatStud - 2x6 SPF Stud - (2) - 8'-8-5/8"
F - Sheathing - 1/2" BP R1.5 4x9 - (1) - 9' x 3'-3"
---
Panel: 06_203
Level: 2
Description: 2FW 3FD
Bundle: -B1 (2x6 Ext-F)
Panel Details:
• Category: Exterior
• Load Bearing: YES
• Length: 86.365 (7'-2-3/8")
• Height: 101 (8'-5")
• Squaring: 10'-11-3/4"
• Thickness: 5.5
• Stud Spacing: 16
• Sheathing Layer 1: 1/2" BP R1.5 4x9
• Weight: 248 Lbs

SubAssembly Details:
• Ladder - Flat (Fixed)
   Materials:
    ├── D (2)
    ├── F (3)

Panel Material Breakdown:
A - BottomPlate - 2x6 SPF PM No.2 - (1) - 7'-2-1/4"
B - TopPlate - 2x6 SPF PM No.2 - (1) - 7'-2-1/4"
C - VeryTopPlate - 2x6 SPF PM No.2 - (1) - 7'-2-1/4"
D - Stud - 2x6 SPF Stud - (7) - 8'-1/2"
E - FlatStud - 2x6 SPF Stud - (2) - 8'-1/2"
F - Rung - 2x6 SPF Stud - (3) - 1'-2-1/2"
G - Sheathing - 1/2" BP R1.5 4x9 - (1) - 8'-3-7/8" x 3'-11-1/4"
---
Panel: 06_204
Level: 2
Description: 2FW 3FD
Bundle: -B1 (2x6 Ext-F)
Panel Details:
• Category: Exterior
• Load Bearing: YES
• Length: 17.311 (1'-5-1/4")
• Height: 109.125 (9'-1-1/8")
• Squaring: 9'-1"
• Thickness: 5.5
• Stud Spacing: 16
• Sheathing Layer 1: 1/2" BP R1.5 4x9
• Weight: 108 Lbs

Panel Material Breakdown:
A - BottomPlate - 2x6 SPF PM No.2 - (1) - 1'-5-1/4"
B - TopPlate - 2x6 SPF PM No.2 - (1) - 1'-5-1/4"
C - VeryTopPlate - 2x6 SPF PM No.2 - (1) - 11-3/4"
D - Stud - 2x6 SPF Stud - (4) - 8'-8-5/8"
E - FlatStud - 2x6 SPF Stud - (2) - 8'-8-5/8"
F - Sheathing - 1/2" BP R1.5 4x9 - (1) - 9' x 10-1/4"
---
Panel: 06_205
Level: 2
Description: 2FW 3FD
Bundle: -B1 (2x6 Ext-F)
Panel Details:
• Category: Exterior
• Load Bearing: YES
• Length: 127.626 (10'-7-5/8")
• Height: 109.125 (9'-1-1/8")
• Squaring: 13'-11"
• Thickness: 5.5
• Stud Spacing: 16
• Sheathing Layer 1: 1/2" BP R1.5 4x9
• Weight: 360 Lbs

Panel Material Breakdown:
A - BottomPlate - 2x6 SPF PM No.2 - (1) - 10'-6-7/8"
B - TopPlate - 2x6 SPF PM No.2 - (1) - 10'-6-7/8"
C - VeryTopPlate - 2x6 SPF PM No.2 - (1) - 11'-1/2"
D - KingStud - 2x6 SPF Stud - (2) - 8'-8-5/8"
E - Trimmer - 2x6 SPF Stud - (4) - 8'-1-3/8"
F - Header - 2x8 SPF No.2 - (2) - 7'-1"
G - WindowSill - 2x6 SPF Stud - (1) - 6'-7"
H - SillCripple - 2x6 SPF Stud - (6) - 1'-10"
I - Stud - 2x6 SPF Stud - (4) - 8'-8-5/8"
J - Sheathing - 1/2" BP R1.5 4x9 - (1) - 9' x 2'-6-1/4"
N - FillerCripple - 2x6 SPF Stud - (6) - 3-3/8"
O - FillerBtmNailer - 2x6 SPF Stud - (1) - 6'-7"
P - EndPadding - 5/8" 2x6 Padding - (1) - 9'-1-1/8"
---
Panel: 06_206
Level: 2
Description: 2FW 3FD
Bundle: -B1 (2x6 Ext-F)
Panel Details:
• Category: Exterior
• Load Bearing: YES
• Length: 42.934 (3'-7")
• Height: 109.125 (9'-1-1/8")
• Squaring: 9'-7-7/8"
• Thickness: 5.5
• Stud Spacing: 16
• Sheathing Layer 1: 1/2" BP R1.5 4x9
• Weight: 126 Lbs

Panel Material Breakdown:
A - BottomPlate - 2x6 SPF PM No.2 - (1) - 3'-6-3/4"
B - TopPlate - 2x6 SPF PM No.2 - (1) - 3'-6-3/4"
C - VeryTopPlate - 2x6 SPF PM No.2 - (1) - 1'-7"
D - Stud - 2x6 SPF Stud - (4) - 8'-8-5/8"
E - FlatStud - 2x6 SPF Stud - (1) - 8'-8-5/8"
F - Sheathing - 1/2" BP R1.5 4x9 - (1) - 9' x 3'-6-3/4"
---
Panel: 06_207
Level: 2
Description: 2FW 3FD
Bundle: -B1 (2x6 Ext-F)
Panel Details:
• Category: Exterior
• Load Bearing: YES
• Length: 128.983 (10'-9")
• Height: 109.125 (9'-1-1/8")
• Squaring: 14'
• Thickness: 5.5
• Stud Spacing: 16
• Sheathing Layer 1: 1/2" BP R1.5 4x9
• Weight: 412 Lbs

SubAssembly Details:
• Critical Stud
   Materials:
    ├── F (4)
• Critical Stud
   Materials:
    ├── F (3)
• Ladder - Flat (Fixed)
   Materials:
    ├── D (4)
    ├── E (8)

Panel Material Breakdown:
A - BottomPlate - 2x6 SPF PM No.2 - (1) - 10'-2-7/8"
B - TopPlate - 2x6 SPF PM No.2 - (1) - 10'-2-7/8"
C - VeryTopPlate - 2x6 SPF PM No.2 - (1) - 8'-8-1/2"
D - Stud - 2x6 SPF Stud - (9) - 8'-8-5/8"
E - Rung - 2x6 SPF Stud - (8) - 1'-2-1/2"
F - CriticalStud - 2x6 SPF Stud - (7) - 8'-8-5/8"
G - Sheathing - 1/2" BP R1.5 4x9 - (1) - 9' x 3'-5-1/2"
J - Bracing -  (1)
---
Panel: 06_208
Level: 2
Description: 2FW 3FD
Bundle: -B1 (2x6 Ext-F)
Panel Details:
• Category: Exterior
• Load Bearing: YES
• Length: 9.499 (9-1/2")
• Height: 109.125 (9'-1-1/8")
• Squaring: 9'
• Thickness: 5.5
• Stud Spacing: 16
• Sheathing Layer 1: 1/2" BP R1.5 4x9
• Weight: 62 Lbs

Panel Material Breakdown:
A - BottomPlate - 2x6 SPF PM No.2 - (1) - 9-3/8"
B - TopPlate - 2x6 SPF PM No.2 - (1) - 9-3/8"
C - VeryTopPlate - 2x6 SPF PM No.2 - (1) - 4"
D - Stud - 2x6 SPF Stud - (3) - 8'-8-5/8"
E - FlatStud - 2x4 SPF Stud - (1) - 8'-8-5/8"
F - Sheathing - 1/2" BP R1.5 4x9 - (1) - 9' x 3"
---
Panel: 06_209
Level: 2
Description: 2FW 3FD
Bundle: -B1 (2x6 Ext-F)
Panel Details:
• Category: Exterior
• Load Bearing: YES
• Length: 94.135 (7'-10-1/8")
• Height: 109.125 (9'-1-1/8")
• Squaring: 11'-11"
• Thickness: 5.5
• Stud Spacing: 16
• Sheathing Layer 1: 1/2" BP R1.5 4x9
• Weight: 256 Lbs

SubAssembly Details:
• Ladder - Flat (Fixed)
   Materials:
    ├── D (2)
    ├── E (4)
• Ladder - Flat (Fixed)
   Materials:
    ├── D (2)
    ├── E (4)

Panel Material Breakdown:
A - BottomPlate - 2x6 SPF PM No.2 - (1) - 7'-10"
B - TopPlate - 2x6 SPF PM No.2 - (1) - 7'-10"
C - VeryTopPlate - 2x6 SPF PM No.2 - (1) - 5'-10"
D - Stud - 2x6 SPF Stud - (7) - 8'-8-5/8"
E - Rung - 2x6 SPF Stud - (8) - 1'-2-1/2"
F - Sheathing - 1/2" BP R1.5 4x9 - (1) - 9' x 3'
---
Panel: 06_220
Level: 2
Description: 2FW 3FD
Bundle: -B1 (2x6 Ext-F)
Panel Details:
• Category: Exterior
• Load Bearing: YES
• Length: 158.056 (13'-2")
• Height: 109.125 (9'-1-1/8")
• Squaring: 15'-11-1/4"
• Thickness: 5.5
• Stud Spacing: 16
• Sheathing Layer 1: 1/2" BP R1.5 4x9
• Weight: 486 Lbs

SubAssembly Details:
• Ladder - Flat (Fixed)
   Materials:
    ├── I (2)
    ├── K (4)

Panel Material Breakdown:
A - BottomPlate - 2x6 SPF PM No.2 - (1) - 13'-2"
B - TopPlate - 2x6 SPF PM No.2 - (1) - 13'-2"
C - VeryTopPlate - 2x6 SPF PM No.2 - (1) - 9'-2"
D - KingStud - 2x6 SPF Stud - (2) - 8'-8-5/8"
E - Trimmer - 2x6 SPF Stud - (2) - 8'-1-3/8"
F - Header - 2x8 SPF No.2 - (2) - 2'-4"
G - WindowSill - 2x6 SPF Stud - (1) - 2'-1"
H - SillCripple - 2x6 SPF Stud - (3) - 2'-10"
I - Stud - 2x6 SPF Stud - (10) - 8'-8-5/8"
J - FlatStud - 2x6 SPF Stud - (2) - 8'-8-5/8"
K - Rung - 2x6 SPF Stud - (4) - 1'-2-1/2"
L - Sheathing - 1/2" BP R1.5 4x9 - (1) - 9' x 3'-9-1/4"
X - FillerCripple - 2x6 SPF Stud - (3) - 3-3/8"
Y - FillerBtmNailer - 2x6 SPF Stud - (1) - 2'-1"
---
Panel: 06_221
Level: 2
Description: 2FW 3FD
Bundle: -B1 (2x6 Ext-F)
Panel Details:
• Category: Exterior
• Load Bearing: YES
• Length: 133.393 (11'-1-3/8")
• Height: 109.125 (9'-1-1/8")
• Squaring: 14'-3-3/8"
• Thickness: 5.5
• Stud Spacing: 16
• Sheathing Layer 1: 1/2" BP R1.5 4x9
• Weight: 466 Lbs

SubAssembly Details:
• Ladder - Flat (Fixed)
   Materials:
    ├── I (4)
    ├── J (8)

Panel Material Breakdown:
A - BottomPlate - 2x6 SPF PM No.2 - (1) - 11'-1-1/4"
B - TopPlate - 2x6 SPF PM No.2 - (1) - 11'-1-1/4"
C - VeryTopPlate - 2x6 SPF PM No.2 - (1) - 9'-1-3/8"
D - KingStud - 2x6 SPF Stud - (2) - 8'-8-5/8"
E - Trimmer - 2x6 SPF Stud - (4) - 8'-1-3/8"
F - Header - 2x8 SPF No.2 - (3) - 4'-7"
G - WindowSill - 2x6 SPF Stud - (1) - 4'-1"
H - SillCripple - 2x6 SPF Stud - (5) - 2'-10"
I - Stud - 2x6 SPF Stud - (8) - 8'-8-5/8"
J - Rung - 2x6 SPF Stud - (8) - 1'-2-1/2"
K - Sheathing - 1/2" BP R1.5 4x9 - (1) - 9' x 1'-11-1/4"
U - FillerCripple - 2x6 SPF Stud - (5) - 3-3/8"
V - FillerBtmNailer - 2x6 SPF Stud - (1) - 4'-1"
---
Panel: 06_222
Level: 2
Description: 2FW 3FD
Bundle: -B1 (2x6 Ext-F)
Panel Details:
• Category: Exterior
• Load Bearing: YES
• Length: 161.497 (13'-5-1/2")
• Height: 109.125 (9'-1-1/8")
• Squaring: 16'-2"
• Thickness: 5.5
• Stud Spacing: 16
• Sheathing Layer 1: 1/2" BP R1.5 4x9
• Weight: 460 Lbs

SubAssembly Details:
• Critical Stud
   Materials:
    ├── F (3)
• Critical Stud
   Materials:
    ├── F (3)

Panel Material Breakdown:
A - BottomPlate - 2x6 SPF PM No.2 - (1) - 13'-5-3/8"
B - TopPlate - 2x6 SPF PM No.2 - (1) - 13'-5-3/8"
C - VeryTopPlate - 2x6 SPF PM No.2 - (1) - 13'-2"
D - Stud - 2x6 SPF Stud - (10) - 8'-8-5/8"
E - FlatStud - 2x6 SPF Stud - (1) - 8'-8-5/8"
F - CriticalStud - 2x6 SPF Stud - (6) - 8'-8-5/8"
G - Sheathing - 1/2" BP R1.5 4x9 - (1) - 9' x 2'-8-1/4"
J - Bracing -  (1)
---
Panel: 06_210
Level: 2
Description: 2FW 3FD
Bundle: -B2 (2x6 Ext-B)
Panel Details:
• Category: Exterior
• Load Bearing: YES
• Length: 143.999 (12')
• Height: 109.125 (9'-1-1/8")
• Squaring: 14'-11-3/4"
• Thickness: 5.5
• Stud Spacing: 16
• Sheathing Layer 1: 1/2" BP R1.5 4x9
• Weight: 456 Lbs

SubAssembly Details:
• Ladder - Flat (Fixed)
   Materials:
    ├── I (4)
    ├── J (8)

Panel Material Breakdown:
A - BottomPlate - 2x6 SPF PM No.2 - (1) - 11'-11-7/8"
B - TopPlate - 2x6 SPF PM No.2 - (1) - 11'-11-7/8"
C - VeryTopPlate - 2x6 SPF PM No.2 - (1) - 8'
D - KingStud - 2x6 SPF Stud - (2) - 8'-8-5/8"
E - Trimmer - 2x6 SPF Stud - (4) - 8'-1-3/8"
F - Header - 2x8 SPF No.2 - (3) - 4'-7"
G - WindowSill - 2x6 SPF Stud - (1) - 4'-1"
H - SillCripple - 2x6 SPF Stud - (5) - 2'-9-3/4"
I - Stud - 2x6 SPF Stud - (7) - 8'-8-5/8"
J - Rung - 2x6 SPF Stud - (8) - 1'-2-1/2"
K - Sheathing - 1/2" BP R1.5 4x9 - (1) - 9' x 1'-8"
U - FillerCripple - 2x6 SPF Stud - (5) - 3-5/8"
V - FillerBtmNailer - 2x6 SPF Stud - (1) - 4'-1"
---
Panel: 06_211
Level: 2
Description: 2FW 3FD
Bundle: -B2 (2x6 Ext-B)
Panel Details:
• Category: Exterior
• Load Bearing: YES
• Length: 112.749 (9'-4-3/4")
• Height: 109.125 (9'-1-1/8")
• Squaring: 12'-11-7/8"
• Thickness: 5.5
• Stud Spacing: 16
• Sheathing Layer 1: 1/2" BP R1.5 4x9
• Weight: 312 Lbs

SubAssembly Details:
• Ladder - Flat (Fixed)
   Materials:
    ├── D (4)
    ├── E (8)
• Ladder - Flat (Fixed)
   Materials:
    ├── D (2)
    ├── E (4)

Panel Material Breakdown:
A - BottomPlate - 2x6 SPF PM No.2 - (1) - 9'-4-5/8"
B - TopPlate - 2x6 SPF PM No.2 - (1) - 9'-4-5/8"
C - VeryTopPlate - 2x6 SPF PM No.2 - (1) - 5'-4-3/4"
D - Stud - 2x6 SPF Stud - (9) - 8'-8-5/8"
E - Rung - 2x6 SPF Stud - (12) - 1'-2-1/2"
F - Sheathing - 1/2" BP R1.5 4x9 - (1) - 9' x 2'-8-5/8"
---
Panel: 06_212
Level: 2
Description: 2FW 3FD
Bundle: -B2 (2x6 Ext-B)
Panel Details:
• Category: Exterior
• Load Bearing: YES
• Length: 85.764 (7'-1-3/4")
• Height: 109.125 (9'-1-1/8")
• Squaring: 11'-5-5/8"
• Thickness: 5.5
• Stud Spacing: 16
• Sheathing Layer 1: 1/2" BP R1.5 4x9
• Weight: 268 Lbs

SubAssembly Details:
• Critical Stud
   Materials:
    ├── F (3)

Panel Material Breakdown:
A - BottomPlate - 2x6 SPF PM No.2 - (1) - 7'-1-5/8"
B - TopPlate - 2x6 SPF PM No.2 - (1) - 7'-1-5/8"
C - VeryTopPlate - 2x6 SPF PM No.2 - (1) - 5'-1-3/4"
D - Stud - 2x6 SPF Stud - (5) - 8'-8-5/8"
E - FlatStud - 2x6 SPF Stud - (1) - 8'-8-5/8"
F - CriticalStud - 2x6 SPF Stud - (4) - 8'-8-5/8"
G - Sheathing - 1/2" BP R1.5 4x9 - (1) - 9' x 3'-11-1/8"
---
Panel: 06_213
Level: 2
Description: 2FW 3FD
Bundle: -B2 (2x6 Ext-B)
Panel Details:
• Category: Exterior
• Load Bearing: YES
• Length: 70.935 (5'-11")
• Height: 109.125 (9'-1-1/8")
• Squaring: 10'-8-7/8"
• Thickness: 5.5
• Stud Spacing: 16
• Sheathing Layer 1: 1/2" BP R1.5 4x9
• Weight: 218 Lbs

Panel Material Breakdown:
A - BottomPlate - 2x6 SPF PM No.2 - (1) - 5'-10-1/4"
B - TopPlate - 2x6 SPF PM No.2 - (1) - 5'-10-1/4"
C - VeryTopPlate - 2x6 SPF PM No.2 - (1) - 3'-10-1/4"
D - KingStud - 2x6 SPF Stud - (2) - 8'-8-5/8"
E - Trimmer - 2x6 SPF Stud - (2) - 8'-1-3/8"
F - Header - 2x8 SPF No.2 - (2) - 4'-4"
G - WindowSill - 2x6 SPF Stud - (1) - 4'-1"
H - SillCripple - 2x6 SPF Stud - (4) - 3'-6"
I - Stud - 2x6 SPF Stud - (1) - 8'-8-5/8"
J - Sheathing - 1/2" BP R1.5 4x9 - (1) - 9' x 1'-6-1/4"
R - EndPadding - 5/8" 2x6 Padding - (1) - 9'-1-1/8"
S - FillerCripple - 2x6 SPF Stud - (4) - 3-3/8"
T - FillerBtmNailer - 2x6 SPF Stud - (1) - 4'-1"
---
Panel: 06_214
Level: 2
Description: 2FW 3FD
Bundle: -B2 (2x6 Ext-B)
Panel Details:
• Category: Exterior
• Load Bearing: YES
• Length: 116.649 (9'-8-5/8")
• Height: 109.125 (9'-1-1/8")
• Squaring: 13'-2-3/4"
• Thickness: 5.5
• Stud Spacing: 16
• Sheathing Layer 1: 1/2" BP R1.5 4x9
• Weight: 330 Lbs

SubAssembly Details:
• Ladder - Flat (Fixed)
   Materials:
    ├── D (2)
    ├── F (4)

Panel Material Breakdown:
A - BottomPlate - 2x6 SPF PM No.2 - (1) - 9'-8-1/2"
B - TopPlate - 2x6 SPF PM No.2 - (1) - 9'-8-1/2"
C - VeryTopPlate - 2x6 SPF PM No.2 - (1) - 5'-8-5/8"
D - Stud - 2x6 SPF Stud - (10) - 8'-8-5/8"
E - FlatStud - 2x6 SPF Stud - (1) - 8'-8-5/8"
F - Rung - 2x6 SPF Stud - (4) - 1'-2-1/2"
G - Sheathing - 1/2" BP R1.5 4x9 - (1) - 9' x 3'-5-1/4"
---
Panel: 06_215
Level: 2
Description: 2FW 3FD
Bundle: -B2 (2x6 Ext-B)
Panel Details:
• Category: Exterior
• Load Bearing: YES
• Length: 84.727 (7'-3/4")
• Height: 109.125 (9'-1-1/8")
• Squaring: 11'-5"
• Thickness: 5.5
• Stud Spacing: 16
• Sheathing Layer 1: 1/2" BP R1.5 4x9
• Weight: 234 Lbs

Panel Material Breakdown:
A - BottomPlate - 2x6 SPF PM No.2 - (1) - 7'-3/4"
B - TopPlate - 2x6 SPF PM No.2 - (1) - 7'-3/4"
C - VeryTopPlate - 2x6 SPF PM No.2 - (1) - 3'-3/4"
D - KingStud - 2x6 SPF Stud - (2) - 8'-8-5/8"
E - Trimmer - 2x6 SPF Stud - (2) - 8'-1-3/8"
F - Header - 2x8 SPF No.2 - (2) - 4'-4"
G - WindowSill - 2x6 SPF Stud - (1) - 4'-1"
H - SillCripple - 2x6 SPF Stud - (4) - 2'-10"
I - Stud - 2x6 SPF Stud - (2) - 8'-8-5/8"
J - Sheathing - 1/2" BP R1.5 4x9 - (1) - 9' x 3"
R - FillerCripple - 2x6 SPF Stud - (4) - 3-3/8"
S - FillerBtmNailer - 2x6 SPF Stud - (1) - 4'-1"
---
Panel: 06_216
Level: 2
Description: 2FW 3FD
Bundle: -B2 (2x6 Ext-B)
Panel Details:
• Category: Exterior
• Load Bearing: YES
• Length: 119.984 (10')
• Height: 109.125 (9'-1-1/8")
• Squaring: 13'-5-1/4"
• Thickness: 5.5
• Stud Spacing: 16
• Sheathing Layer 1: 1/2" BP R1.5 4x9
• Weight: 338 Lbs

Panel Material Breakdown:
A - BottomPlate - 2x6 SPF PM No.2 - (1) - 9'-11-7/8"
B - TopPlate - 2x6 SPF PM No.2 - (1) - 9'-11-7/8"
C - VeryTopPlate - 2x6 SPF PM No.2 - (1) - 8'-5-3/8"
D - KingStud - 2x6 SPF Stud - (2) - 8'-8-5/8"
E - Trimmer - 2x6 SPF Stud - (2) - 8'-1-3/8"
F - Header - 2x8 SPF No.2 - (2) - 4'-4"
G - WindowSill - 2x6 SPF Stud - (1) - 4'-1"
H - SillCripple - 2x6 SPF Stud - (4) - 2'-10"
I - Stud - 2x6 SPF Stud - (5) - 8'-8-5/8"
J - Sheathing - 1/2" BP R1.5 4x9 - (1) - 9' x 3'-11-7/8"
T - FillerCripple - 2x6 SPF Stud - (4) - 3-3/8"
U - FillerBtmNailer - 2x6 SPF Stud - (1) - 4'-1"
---
Panel: 06_217
Level: 2
Description: 2FW 3FD
Bundle: -B2 (2x6 Ext-B)
Panel Details:
• Category: Exterior
• Load Bearing: YES
• Length: 86.514 (7'-2-1/2")
• Height: 109.125 (9'-1-1/8")
• Squaring: 11'-6"
• Thickness: 5.5
• Stud Spacing: 16
• Sheathing Layer 1: 1/2" BP R1.5 4x9
• Weight: 268 Lbs

SubAssembly Details:
• Critical Stud
   Materials:
    ├── F (3)

Panel Material Breakdown:
A - BottomPlate - 2x6 SPF PM No.2 - (1) - 7'-2-3/8"
B - TopPlate - 2x6 SPF PM No.2 - (1) - 7'-2-3/8"
C - VeryTopPlate - 2x6 SPF PM No.2 - (1) - 4'-9"
D - Stud - 2x6 SPF Stud - (5) - 8'-8-5/8"
E - FlatStud - 2x6 SPF Stud - (1) - 8'-8-5/8"
F - CriticalStud - 2x6 SPF Stud - (4) - 8'-8-5/8"
G - Sheathing - 1/2" BP R1.5 4x9 - (1) - 9' x 3'-2-3/8"
---
Panel: 06_218
Level: 2
Description: 2FW 3FD
Bundle: -B2 (2x6 Ext-B)
Panel Details:
• Category: Exterior
• Load Bearing: YES
• Length: 91.842 (7'-7-3/4")
• Height: 109.125 (9'-1-1/8")
• Squaring: 11'-9-1/2"
• Thickness: 5.5
• Stud Spacing: 16
• Sheathing Layer 1: 1/2" BP R1.5 4x9
• Weight: 226 Lbs

Panel Material Breakdown:
A - BottomPlate - 2x6 SPF PM No.2 - (1) - 7'-7-3/4"
B - TopPlate - 2x6 SPF PM No.2 - (1) - 7'-7-3/4"
C - VeryTopPlate - 2x6 SPF PM No.2 - (1) - 3'-7-3/4"
D - Stud - 2x6 SPF Stud - (7) - 8'-8-5/8"
E - Sheathing - 1/2" BP R1.5 4x9 - (1) - 9' x 3'-11-7/8"
---
Panel: 06_219
Level: 2
Description: 2FW 3FD
Bundle: -B2 (2x6 Ext-B)
Panel Details:
• Category: Exterior
• Load Bearing: YES
• Length: 9.5 (9-1/2")
• Height: 109.125 (9'-1-1/8")
• Squaring: 9'
• Thickness: 5.5
• Stud Spacing: 16
• Sheathing Layer 1: 1/2" BP R1.5 4x9
• Weight: 64 Lbs

Panel Material Breakdown:
A - BottomPlate - 2x6 SPF PM No.2 - (1) - 9-3/8"
B - TopPlate - 2x6 SPF PM No.2 - (1) - 9-3/8"
C - VeryTopPlate - 2x6 SPF PM No.2 - (1) - 3-7/8"
D - Stud - 2x6 SPF Stud - (3) - 8'-8-5/8"
E - FlatStud - 2x4 SPF Stud - (1) - 8'-8-5/8"
F - Sheathing - 1/2" BP R1.5 4x9 - (1) - 9' x 3"
---
Panel: 06_224
Level: 2
Description: 2FW 3FD
Bundle: -B3 (2x4 Int)
Panel Details:
• Category: Interior
• Load Bearing: NO
• Length: 133.956 (11'-2")
• Height: 109.125 (9'-1-1/8")
• Squaring: 14'-3-3/4"
• Thickness: 3.5
• Stud Spacing: 16
• Weight: 184 Lbs
• Production Notes: Poly

Panel Material Breakdown:
A - BottomPlate - 2x4 SPF PM No.2 - (1) - 11'-1-3/4"
B - TopPlate - 2x4 SPF PM No.2 - (1) - 11'-1-3/4"
C - VeryTopPlate - 2x4 SPF PM No.2 - (1) - 11'-1-3/4"
D - KingStud - 2x4 SPF Stud - (4) - 8'-8-5/8"
E - HeaderCripple - 2x4 SPF Stud - (2) - 5-5/8"
F - Stud - 2x4 SPF Stud - (9) - 8'-8-5/8"
G - FlatStud - 2x4 SPF Stud - (1) - 8'-8-5/8"
H - FillerCripple - 2x4 SPF Stud - (2) - 5-5/8"
I - HeaderBtmNailer - 2x4 SPF Stud - (1) - 2'-8-1/2"
---
Panel: 06_225
Level: 2
Description: 2FW 3FD
Bundle: -B3 (2x4 Int)
Panel Details:
• Category: Interior
• Load Bearing: NO
• Length: 118.465 (9'-10-1/2")
• Height: 109.125 (9'-1-1/8")
• Squaring: 13'-4"
• Thickness: 3.5
• Stud Spacing: 16
• Weight: 158 Lbs
• Production Notes: Poly

Panel Material Breakdown:
A - BottomPlate - 2x4 SPF PM No.2 - (1) - 9'-10-1/2"
B - TopPlate - 2x4 SPF PM No.2 - (1) - 9'-10-1/2"
C - VeryTopPlate - 2x4 SPF PM No.2 - (1) - 9'-10-1/2"
D - KingStud - 2x4 SPF Stud - (8) - 8'-8-5/8"
E - HeaderCripple - 2x4 SPF Stud - (4) - 5-5/8"
F - Stud - 2x4 SPF Stud - (2) - 8'-8-5/8"
G - FlatStud - 2x4 SPF Stud - (1) - 8'-8-5/8"
H - FillerCripple - 2x4 SPF Stud - (6) - 5-5/8"
I - HeaderBtmNailer - 2x4 SPF Stud - (1) - 2'-8-1/2"
J - HeaderBtmNailer - 2x4 SPF Stud - (1) - 5'-2-1/2"
---
Panel: 06_227
Level: 2
Description: 2FW 3FD
Bundle: -B3 (2x4 Int)
Panel Details:
• Category: Interior
• Load Bearing: NO
• Length: 67.184 (5'-7-1/4")
• Height: 109.125 (9'-1-1/8")
• Squaring: 10'-6-7/8"
• Thickness: 3.5
• Stud Spacing: 16
• Weight: 96 Lbs
• Production Notes: Poly

Panel Material Breakdown:
A - BottomPlate - 2x4 SPF PM No.2 - (1) - 5'-6-1/2"
B - TopPlate - 2x4 SPF PM No.2 - (1) - 5'-6-1/2"
C - VeryTopPlate - 2x4 SPF PM No.2 - (1) - 5'-6-1/2"
D - KingStud - 2x4 SPF Stud - (4) - 8'-8-5/8"
E - HeaderCripple - 2x4 SPF Stud - (2) - 5-5/8"
F - Stud - 2x4 SPF Stud - (2) - 8'-8-5/8"
G - FillerCripple - 2x4 SPF Stud - (3) - 5-5/8"
H - HeaderBtmNailer - 2x4 SPF Stud - (1) - 4'-2-1/2"
I - EndPadding - 5/8" 2x4 Padding - (1) - 9'-1-1/8"
---
Panel: 06_228
Level: 2
Description: 2FW 3FD
Bundle: -B3 (2x4 Int)
Panel Details:
• Category: Interior
• Load Bearing: NO
• Length: 100.37 (8'-4-3/8")
• Height: 109.125 (9'-1-1/8")
• Squaring: 12'-3-1/4"
• Thickness: 3.5
• Stud Spacing: 16
• Weight: 168 Lbs
• Production Notes: Poly

SubAssembly Details:
• Ladder - Flat (Fixed)
   Materials:
    ├── F (2)
    ├── H (4)

Panel Material Breakdown:
A - BottomPlate - 2x4 SPF PM No.2 - (1) - 8'-4-3/8"
B - TopPlate - 2x4 SPF PM No.2 - (1) - 8'-4-3/8"
C - VeryTopPlate - 2x4 SPF PM No.2 - (1) - 8'-4-3/8"
D - KingStud - 2x4 SPF Stud - (4) - 8'-8-5/8"
E - HeaderCripple - 2x4 SPF Stud - (2) - 5-5/8"
F - Stud - 2x4 SPF Stud - (7) - 8'-8-5/8"
G - FlatStud - 2x4 SPF Stud - (2) - 8'-8-5/8"
H - Rung - 2x4 SPF Stud - (4) - 1'-2-1/2"
I - FillerCripple - 2x4 SPF Stud - (2) - 5-5/8"
J - HeaderBtmNailer - 2x4 SPF Stud - (1) - 2'-6-1/2"
---
Panel: 06_229
Level: 2
Description: 2FW 3FD
Bundle: -B3 (2x4 Int)
Panel Details:
• Category: Interior
• Load Bearing: NO
• Length: 86.684 (7'-2-3/4")
• Height: 109.125 (9'-1-1/8")
• Squaring: 11'-6-1/4"
• Thickness: 3.5
• Stud Spacing: 16
• Weight: 126 Lbs
• Production Notes: Poly

SubAssembly Details:
• Ladder - Flat (Fixed)
   Materials:
    ├── F (2)
    ├── G (4)

Panel Material Breakdown:
A - BottomPlate - 2x4 SPF PM No.2 - (1) - 7'-2-3/4"
B - TopPlate - 2x4 SPF PM No.2 - (1) - 7'-2-3/4"
C - VeryTopPlate - 2x4 SPF PM No.2 - (1) - 7'-2-3/4"
D - KingStud - 2x4 SPF Stud - (4) - 8'-8-5/8"
E - HeaderCripple - 2x4 SPF Stud - (2) - 5-5/8"
F - Stud - 2x4 SPF Stud - (5) - 8'-8-5/8"
G - Rung - 2x4 SPF Stud - (4) - 1'-2-1/2"
H - FillerCripple - 2x4 SPF Stud - (2) - 5-5/8"
I - HeaderBtmNailer - 2x4 SPF Stud - (1) - 2'-6-1/2"
---
Panel: 06_230
Level: 2
Description: 2FW 3FD
Bundle: -B3 (2x4 Int)
Panel Details:
• Category: Interior
• Load Bearing: NO
• Length: 80.746 (6'-8-3/4")
• Height: 109.125 (9'-1-1/8")
• Squaring: 11'-2-1/2"
• Thickness: 5.5
• Stud Spacing: 16
• Weight: 130 Lbs
• Production Notes: Poly

Panel Material Breakdown:
A - BottomPlate - 2x6 SPF PM No.2 - (1) - 6'-8-3/4"
B - TopPlate - 2x6 SPF PM No.2 - (1) - 6'-8-3/4"
C - VeryTopPlate - 2x6 SPF PM No.2 - (1) - 6'-8-3/4"
D - Stud - 2x6 SPF Stud - (6) - 8'-8-5/8"
---
Panel: 06_231
Level: 2
Description: 2FW 3FD
Bundle: -B3 (2x4 Int)
Panel Details:
• Category: Interior
• Load Bearing: NO
• Length: 10.936 (11")
• Height: 109.125 (9'-1-1/8")
• Squaring: 9'-1/4"
• Thickness: 3.5
• Stud Spacing: 16
• Weight: 42 Lbs
• Production Notes: Poly

Panel Material Breakdown:
A - BottomPlate - 2x4 SPF PM No.2 - (1) - 10-1/4"
B - TopPlate - 2x4 SPF PM No.2 - (1) - 10-1/4"
C - VeryTopPlate - 2x4 SPF PM No.2 - (1) - 10-1/4"
D - Stud - 2x4 SPF Stud - (2) - 8'-8-5/8"
E - FlatStud - 2x4 SPF Stud - (1) - 8'-8-5/8"
F - EndPadding - 5/8" 2x4 Padding - (1) - 9'-1-1/8"
---
Panel: 06_232
Level: 2
Description: 2FW 3FD
Bundle: -B3 (2x4 Int)
Panel Details:
• Category: Interior
• Load Bearing: NO
• Length: 28.748 (2'-4-3/4")
• Height: 109.125 (9'-1-1/8")
• Squaring: 9'-3-3/8"
• Thickness: 3.5
• Stud Spacing: 16
• Weight: 48 Lbs
• Production Notes: Poly

Panel Material Breakdown:
A - BottomPlate - 2x4 SPF PM No.2 - (1) - 2'-4-3/4"
B - TopPlate - 2x4 SPF PM No.2 - (1) - 2'-4-3/4"
C - VeryTopPlate - 2x4 SPF PM No.2 - (1) - 2'-4-3/4"
D - Stud - 2x4 SPF Stud - (4) - 8'-8-5/8"
---
Panel: 06_233
Level: 2
Description: 2FW 3FD
Bundle: -B3 (2x4 Int)
Panel Details:
• Category: Interior
• Load Bearing: NO
• Length: 113.368 (9'-5-3/8")
• Height: 109.125 (9'-1-1/8")
• Squaring: 13'-1/4"
• Thickness: 3.5
• Stud Spacing: 16
• Weight: 162 Lbs
• Production Notes: Poly

SubAssembly Details:
• Ladder - Flat (Fixed)
   Materials:
    ├── F (2)
    ├── H (4)

Panel Material Breakdown:
A - BottomPlate - 2x4 SPF PM No.2 - (1) - 9'-5-1/4"
B - TopPlate - 2x4 SPF PM No.2 - (1) - 9'-5-1/4"
C - VeryTopPlate - 2x4 SPF PM No.2 - (1) - 9'-5-1/4"
D - KingStud - 2x4 SPF Stud - (4) - 8'-8-5/8"
E - HeaderCripple - 2x4 SPF Stud - (2) - 5-5/8"
F - Stud - 2x4 SPF Stud - (6) - 8'-8-5/8"
G - FlatStud - 2x4 SPF Stud - (1) - 8'-8-5/8"
H - Rung - 2x4 SPF Stud - (4) - 1'-2-1/2"
I - CriticalStud - 2x4 SPF Stud - (1) - 8'-8-5/8"
J - FillerCripple - 2x4 SPF Stud - (2) - 5-5/8"
K - HeaderBtmNailer - 2x4 SPF Stud - (1) - 2'-6-1/2"
---
Panel: 06_234
Level: 2
Description: 2FW 3FD
Bundle: -B3 (2x4 Int)
Panel Details:
• Category: Interior
• Load Bearing: NO
• Length: 48 (4')
• Height: 109.125 (9'-1-1/8")
• Squaring: 9'-9-3/4"
• Thickness: 3.5
• Stud Spacing: 16
• Weight: 60 Lbs
• Production Notes: Poly

SubAssembly Details:
• Ladder - Flat (Fixed)
   Materials:
    ├── D (2)
    ├── E (4)

Panel Material Breakdown:
A - BottomPlate - 2x4 SPF PM No.2 - (1) - 3'-11-1/4"
B - TopPlate - 2x4 SPF PM No.2 - (1) - 3'-11-1/4"
C - VeryTopPlate - 2x4 SPF PM No.2 - (1) - 3'-11-1/4"
D - Stud - 2x4 SPF Stud - (4) - 8'-8-5/8"
E - Rung - 2x4 SPF Stud - (4) - 1'-2-1/2"
---
Panel: 06_235
Level: 2
Description: 2FW 3FD
Bundle: -B3 (2x4 Int)
Panel Details:
• Category: Interior
• Load Bearing: NO
• Length: 91.182 (7'-7-1/4")
• Height: 109.125 (9'-1-1/8")
• Squaring: 11'-9"
• Thickness: 3.5
• Stud Spacing: 16
• Weight: 106 Lbs
• Production Notes: Poly

Panel Material Breakdown:
A - BottomPlate - 2x4 SPF PM No.2 - (1) - 7'-7-1/4"
B - TopPlate - 2x4 SPF PM No.2 - (1) - 7'-7-1/4"
C - VeryTopPlate - 2x4 SPF PM No.2 - (1) - 8'-3/4"
D - Stud - 2x4 SPF Stud - (8) - 8'-8-5/8"
---
Panel: 06_236
Level: 2
Description: 2FW 3FD
Bundle: -B3 (2x4 Int)
Panel Details:
• Category: Interior
• Load Bearing: NO
• Length: 119.984 (10')
• Height: 109.125 (9'-1-1/8")
• Squaring: 13'-5-1/4"
• Thickness: 3.5
• Stud Spacing: 16
• Weight: 128 Lbs
• Production Notes: Poly

SubAssembly Details:
• Ladder - Flat (Fixed)
   Materials:
    ├── F (2)
    ├── G (4)

Panel Material Breakdown:
A - BottomPlate - 2x4 SPF PM No.2 - (1) - 9'-11-7/8"
B - TopPlate - 2x4 SPF PM No.2 - (1) - 9'-11-7/8"
C - VeryTopPlate - 2x4 SPF PM No.2 - (1) - 9'-11-7/8"
D - KingStud - 2x4 SPF Stud - (4) - 8'-8-5/8"
E - HeaderCripple - 2x4 SPF Stud - (2) - 5-5/8"
F - Stud - 2x4 SPF Stud - (4) - 8'-8-5/8"
G - Rung - 2x4 SPF Stud - (4) - 1'-2-1/2"
H - FillerCripple - 2x4 SPF Stud - (4) - 5-5/8"
I - HeaderBtmNailer - 2x4 SPF Stud - (1) - 4'-10-1/2"
---
Panel: 06_237
Level: 2
Description: 2FW 3FD
Bundle: -B3 (2x4 Int)
Panel Details:
• Category: Interior
• Load Bearing: NO
• Length: 25.837 (2'-1-3/4")
• Height: 109.125 (9'-1-1/8")
• Squaring: 9'-2-3/4"
• Thickness: 3.5
• Stud Spacing: 16
• Weight: 48 Lbs
• Production Notes: Poly

Panel Material Breakdown:
A - BottomPlate - 2x4 SPF PM No.2 - (1) - 2'-1-3/4"
B - TopPlate - 2x4 SPF PM No.2 - (1) - 2'-1-3/4"
C - VeryTopPlate - 2x4 SPF PM No.2 - (1) - 2'-1-3/4"
D - Stud - 2x4 SPF Stud - (3) - 8'-8-5/8"
E - FlatStud - 2x4 SPF Stud - (1) - 8'-8-5/8"
---
Panel: 06_238
Level: 2
Description: 2FW 3FD
Bundle: -B3 (2x4 Int)
Panel Details:
• Category: Interior
• Load Bearing: NO
• Length: 53.946 (4'-6")
• Height: 109.125 (9'-1-1/8")
• Squaring: 10'-3/8"
• Thickness: 3.5
• Stud Spacing: 16
• Weight: 80 Lbs
• Production Notes: Poly

Panel Material Breakdown:
A - BottomPlate - 2x4 SPF PM No.2 - (1) - 4'-6"
B - TopPlate - 2x4 SPF PM No.2 - (1) - 4'-6"
C - VeryTopPlate - 2x4 SPF PM No.2 - (1) - 4'-6"
D - KingStud - 2x4 SPF Stud - (4) - 8'-8-5/8"
E - HeaderCripple - 2x4 SPF Stud - (2) - 5-5/8"
F - Stud - 2x4 SPF Stud - (2) - 8'-8-5/8"
G - FillerCripple - 2x4 SPF Stud - (2) - 5-5/8"
H - HeaderBtmNailer - 2x4 SPF Stud - (1) - 2'-8-1/2"
---
Panel: 06_239
Level: 2
Description: 2FW 3FD
Bundle: -B3 (2x4 Int)
Panel Details:
• Category: Interior
• Load Bearing: NO
• Length: 127.032 (10'-7")
• Height: 109.125 (9'-1-1/8")
• Squaring: 13'-10-1/2"
• Thickness: 3.5
• Stud Spacing: 16
• Weight: 146 Lbs
• Production Notes: Poly

Panel Material Breakdown:
A - BottomPlate - 2x4 SPF PM No.2 - (1) - 10'-7"
B - TopPlate - 2x4 SPF PM No.2 - (1) - 10'-7"
C - VeryTopPlate - 2x4 SPF PM No.2 - (1) - 10'-7"
D - Stud - 2x4 SPF Stud - (9) - 8'-8-5/8"
E - FlatStud - 2x4 SPF Stud - (2) - 8'-8-5/8"
---
Panel: 06_240
Level: 2
Description: 2FW 3FD
Bundle: -B3 (2x4 Int)
Panel Details:
• Category: Interior
• Load Bearing: NO
• Length: 120.369 (10'-3/8")
• Height: 109.125 (9'-1-1/8")
• Squaring: 13'-5-1/2"
• Thickness: 3.5
• Stud Spacing: 16
• Weight: 144 Lbs
• Production Notes: Poly

SubAssembly Details:
• Ladder - Flat (Fixed)
   Materials:
    ├── F (2)
    ├── G (4)

Panel Material Breakdown:
A - BottomPlate - 2x4 SPF PM No.2 - (1) - 10'-1/4"
B - TopPlate - 2x4 SPF PM No.2 - (1) - 10'-1/4"
C - VeryTopPlate - 2x4 SPF PM No.2 - (1) - 10'-1/4"
D - KingStud - 2x4 SPF Stud - (4) - 8'-8-5/8"
E - HeaderCripple - 2x4 SPF Stud - (2) - 5-5/8"
F - Stud - 2x4 SPF Stud - (6) - 8'-8-5/8"
G - Rung - 2x4 SPF Stud - (4) - 1'-2-1/2"
H - FillerCripple - 2x4 SPF Stud - (2) - 5-5/8"
I - HeaderBtmNailer - 2x4 SPF Stud - (1) - 2'-6-1/2"
---
Panel: 06_241
Level: 2
Description: 2FW 3FD
Bundle: -B3 (2x4 Int)
Panel Details:
• Category: Interior
• Load Bearing: NO
• Length: 53.561 (4'-5-1/2")
• Height: 109.125 (9'-1-1/8")
• Squaring: 10'-1/4"
• Thickness: 3.5
• Stud Spacing: 16
• Weight: 66 Lbs
• Production Notes: Poly

Panel Material Breakdown:
A - BottomPlate - 2x4 SPF PM No.2 - (1) - 4'-5-1/2"
B - TopPlate - 2x4 SPF PM No.2 - (1) - 4'-5-1/2"
C - VeryTopPlate - 2x4 SPF PM No.2 - (1) - 4'-5-1/2"
D - Stud - 2x4 SPF Stud - (5) - 8'-8-5/8"
---
Panel: 06_266
Level: 2
Description: 2FW 3FD
Bundle: -B3 (2x4 Int)
Panel Details:
• Category: Interior
• Load Bearing: NO
• Length: 67.184 (5'-7-1/4")
• Height: 109.125 (9'-1-1/8")
• Squaring: 10'-6-7/8"
• Thickness: 3.5
• Stud Spacing: 16
• Weight: 88 Lbs
• Production Notes: Poly

Panel Material Breakdown:
A - BottomPlate - 2x4 SPF PM No.2 - (1) - 5'-6-1/2"
B - TopPlate - 2x4 SPF PM No.2 - (1) - 5'-6-1/2"
C - VeryTopPlate - 2x4 SPF PM No.2 - (1) - 5'-6-1/2"
D - Stud - 2x4 SPF Stud - (6) - 8'-8-5/8"
E - EndPadding - 5/8" 2x4 Padding - (1) - 9'-1-1/8"
---
Panel: 06_226
Level: 2
Description: 2FW 3FD
Bundle: -B4 (2X4 Int B)
Panel Details:
• Category: Interior
• Load Bearing: NO
• Length: 91.987 (7'-8")
• Height: 109.125 (9'-1-1/8")
• Squaring: 11'-9-1/2"
• Thickness: 3.5
• Stud Spacing: 16
• Weight: 102 Lbs
• Production Notes: Poly

SubAssembly Details:
• Ladder - Flat (Fixed)
   Materials:
    ├── D (2)
    ├── E (4)

Panel Material Breakdown:
A - BottomPlate - 2x4 SPF PM No.2 - (1) - 7'-7-7/8"
B - TopPlate - 2x4 SPF PM No.2 - (1) - 7'-7-7/8"
C - VeryTopPlate - 2x4 SPF PM No.2 - (1) - 7'-7-7/8"
D - Stud - 2x4 SPF Stud - (7) - 8'-8-5/8"
E - Rung - 2x4 SPF Stud - (4) - 1'-2-1/2"
---
Panel: 06_242
Level: 2
Description: 2FW 3FD
Bundle: -B4 (2X4 Int B)
Panel Details:
• Category: Interior
• Load Bearing: NO
• Length: 32 (2'-8")
• Height: 109.125 (9'-1-1/8")
• Squaring: 9'-4-1/4"
• Thickness: 5.5
• Stud Spacing: 16
• Weight: 92 Lbs
• Production Notes: Poly

Panel Material Breakdown:
A - BottomPlate - 2x6 SPF PM No.2 - (1) - 2'-7-7/8"
B - TopPlate - 2x6 SPF PM No.2 - (1) - 2'-7-7/8"
C - VeryTopPlate - 2x6 SPF PM No.2 - (1) - 2'-7-7/8"
D - Stud - 2x6 SPF Stud - (5) - 8'-8-5/8"
---
Panel: 06_243
Level: 2
Description: 2FW 3FD
Bundle: -B4 (2X4 Int B)
Panel Details:
• Category: Interior
• Load Bearing: NO
• Length: 138.579 (11'-6-1/2")
• Height: 109.125 (9'-1-1/8")
• Squaring: 14'-7-1/2"
• Thickness: 3.5
• Stud Spacing: 16
• Weight: 222 Lbs
• Production Notes: Poly

SubAssembly Details:
• Ladder - Flat (Fixed)
   Materials:
    ├── F (2)
    ├── I (4)

Panel Material Breakdown:
A - BottomPlate - 2x4 SPF PM No.2 - (1) - 11'-6-1/2"
B - TopPlate - 2x4 SPF PM No.2 - (1) - 11'-6-1/2"
C - VeryTopPlate - 2x4 SPF PM No.2 - (1) - 11'-6-1/2"
D - KingStud - 2x4 SPF Stud - (8) - 8'-8-5/8"
E - HeaderCripple - 2x4 SPF Stud - (4) - 5-5/8"
F - Stud - 2x4 SPF Stud - (6) - 8'-8-5/8"
G - FlatStud - 2x6 SPF Stud - (1) - 8'-8-5/8"
H - FlatStud - 2x4 SPF Stud - (1) - 8'-8-5/8"
I - Rung - 2x4 SPF Stud - (4) - 1'-2-1/2"
J - FillerCripple - 2x4 SPF Stud - (4) - 5-5/8"
K - HeaderBtmNailer - 2x4 SPF Stud - (2) - 2'-10-1/2"
---
Panel: 06_244
Level: 2
Description: 2FW 3FD
Bundle: -B4 (2X4 Int B)
Panel Details:
• Category: Interior
• Load Bearing: NO
• Length: 109.174 (9'-1-1/4")
• Height: 109.125 (9'-1-1/8")
• Squaring: 12'-9-1/4"
• Thickness: 3.5
• Stud Spacing: 16
• Weight: 120 Lbs
• Production Notes: Poly

Panel Material Breakdown:
A - BottomPlate - 2x4 SPF PM No.2 - (1) - 9'-1/4"
B - TopPlate - 2x4 SPF PM No.2 - (1) - 9'-1/4"
C - VeryTopPlate - 2x4 SPF PM No.2 - (1) - 9'-1/4"
D - Stud - 2x4 SPF Stud - (9) - 8'-8-5/8"
---
Panel: 06_245
Level: 2
Description: 2FW 3FD
Bundle: -B4 (2X4 Int B)
Panel Details:
• Category: Interior
• Load Bearing: NO
• Length: 49.998 (4'-2")
• Height: 109.125 (9'-1-1/8")
• Squaring: 9'-10-3/4"
• Thickness: 3.5
• Stud Spacing: 16
• Weight: 90 Lbs
• Production Notes: Poly

Panel Material Breakdown:
A - BottomPlate - 2x4 SPF PM No.2 - (1) - 4'-2"
B - TopPlate - 2x4 SPF PM No.2 - (1) - 4'-2"
C - VeryTopPlate - 2x4 SPF PM No.2 - (1) - 4'-2"
D - KingStud - 2x4 SPF Stud - (4) - 8'-8-5/8"
E - HeaderCripple - 2x4 SPF Stud - (2) - 5-5/8"
F - Stud - 2x4 SPF Stud - (2) - 8'-8-5/8"
G - FlatStud - 2x4 SPF Stud - (1) - 8'-8-5/8"
H - FillerCripple - 2x4 SPF Stud - (1) - 5-5/8"
I - HeaderBtmNailer - 2x4 SPF Stud - (1) - 2'-8-1/2"
---
Panel: 06_246
Level: 2
Description: 2FW 3FD
Bundle: -B4 (2X4 Int B)
Panel Details:
• Category: Interior
• Load Bearing: NO
• Length: 135.859 (11'-3-7/8")
• Height: 109.125 (9'-1-1/8")
• Squaring: 14'-5-1/4"
• Thickness: 3.5
• Stud Spacing: 16
• Weight: 144 Lbs
• Production Notes: Poly

SubAssembly Details:
• Ladder - Flat (Fixed)
   Materials:
    ├── D (2)
    ├── E (4)

Panel Material Breakdown:
A - BottomPlate - 2x4 SPF PM No.2 - (1) - 11'-3-3/4"
B - TopPlate - 2x4 SPF PM No.2 - (1) - 11'-3-3/4"
C - VeryTopPlate - 2x4 SPF PM No.2 - (1) - 11'-3-3/4"
D - Stud - 2x4 SPF Stud - (10) - 8'-8-5/8"
E - Rung - 2x4 SPF Stud - (4) - 1'-2-1/2"
---
Panel: 06_247
Level: 2
Description: 2FW 3FD
Bundle: -B4 (2X4 Int B)
Panel Details:
• Category: Interior
• Load Bearing: NO
• Length: 87.631 (7'-3-5/8")
• Height: 109.125 (9'-1-1/8")
• Squaring: 11'-6-3/4"
• Thickness: 3.5
• Stud Spacing: 16
• Weight: 126 Lbs
• Production Notes: Poly

SubAssembly Details:
• Ladder - Flat (Fixed)
   Materials:
    ├── F (2)
    ├── G (4)

Panel Material Breakdown:
A - BottomPlate - 2x4 SPF PM No.2 - (1) - 7'-3-5/8"
B - TopPlate - 2x4 SPF PM No.2 - (1) - 7'-3-5/8"
C - VeryTopPlate - 2x4 SPF PM No.2 - (1) - 7'-3-5/8"
D - KingStud - 2x4 SPF Stud - (4) - 8'-8-5/8"
E - HeaderCripple - 2x4 SPF Stud - (2) - 5-5/8"
F - Stud - 2x4 SPF Stud - (5) - 8'-8-5/8"
G - Rung - 2x4 SPF Stud - (4) - 1'-2-1/2"
H - FillerCripple - 2x4 SPF Stud - (2) - 5-5/8"
I - HeaderBtmNailer - 2x4 SPF Stud - (1) - 3'-1"
---
Panel: 06_248
Level: 2
Description: 2FW 3FD
Bundle: -B4 (2X4 Int B)
Panel Details:
• Category: Interior
• Load Bearing: NO
• Length: 46.06 (3'-10")
• Height: 109.125 (9'-1-1/8")
• Squaring: 9'-9"
• Thickness: 3.5
• Stud Spacing: 16
• Weight: 80 Lbs
• Production Notes: Poly

Panel Material Breakdown:
A - BottomPlate - 2x4 SPF PM No.2 - (1) - 3'-10"
B - TopPlate - 2x4 SPF PM No.2 - (1) - 3'-10"
C - VeryTopPlate - 2x4 SPF PM No.2 - (1) - 3'-10"
D - KingStud - 2x4 SPF Stud - (4) - 8'-8-5/8"
E - HeaderCripple - 2x4 SPF Stud - (2) - 5-5/8"
F - Stud - 2x4 SPF Stud - (2) - 8'-8-5/8"
G - FillerCripple - 2x4 SPF Stud - (3) - 5-5/8"
H - HeaderBtmNailer - 2x4 SPF Stud - (1) - 3'-1"
---
Panel: 06_249
Level: 2
Description: 2FW 3FD
Bundle: -B4 (2X4 Int B)
Panel Details:
• Category: Interior
• Load Bearing: NO
• Length: 102.221 (8'-6-1/4")
• Height: 109.125 (9'-1-1/8")
• Squaring: 12'-4-1/2"
• Thickness: 3.5
• Stud Spacing: 16
• Weight: 170 Lbs
• Production Notes: Poly

SubAssembly Details:
• Ladder - Flat (Fixed)
   Materials:
    ├── F (2)
    ├── H (4)
• Ladder - Flat (Fixed)
   Materials:
    ├── F (2)
    ├── H (4)

Panel Material Breakdown:
A - BottomPlate - 2x4 SPF PM No.2 - (1) - 8'-6-1/4"
B - TopPlate - 2x4 SPF PM No.2 - (1) - 8'-6-1/4"
C - VeryTopPlate - 2x4 SPF PM No.2 - (1) - 8'-6-1/4"
D - KingStud - 2x4 SPF Stud - (4) - 8'-8-5/8"
E - HeaderCripple - 2x4 SPF Stud - (2) - 5-5/8"
F - Stud - 2x4 SPF Stud - (7) - 8'-8-5/8"
G - FlatStud - 2x6 SPF Stud - (1) - 8'-8-5/8"
H - Rung - 2x4 SPF Stud - (8) - 1'-2-1/2"
I - HeaderBtmNailer - 2x4 SPF Stud - (1) - 2'-6-1/2"
J - FillerCripple - 2x4 SPF Stud - (1) - 5-5/8"
---
Panel: 06_250
Level: 2
Description: 2FW 3FD
Bundle: -B4 (2X4 Int B)
Panel Details:
• Category: Interior
• Load Bearing: NO
• Length: 104.331 (8'-8-1/4")
• Height: 109.125 (9'-1-1/8")
• Squaring: 12'-5-7/8"
• Thickness: 3.5
• Stud Spacing: 16
• Weight: 144 Lbs
• Production Notes: Poly

Panel Material Breakdown:
A - BottomPlate - 2x4 SPF PM No.2 - (1) - 8'-8-1/4"
B - TopPlate - 2x4 SPF PM No.2 - (1) - 8'-8-1/4"
C - VeryTopPlate - 2x4 SPF PM No.2 - (1) - 8'-8-1/4"
D - KingStud - 2x4 SPF Stud - (4) - 8'-8-5/8"
E - HeaderCripple - 2x4 SPF Stud - (2) - 5-5/8"
F - Stud - 2x4 SPF Stud - (7) - 8'-8-5/8"
G - FillerCripple - 2x4 SPF Stud - (2) - 5-5/8"
H - HeaderBtmNailer - 2x4 SPF Stud - (1) - 2'-6-1/2"
---
Panel: 06_251
Level: 2
Description: 2FW 3FD
Bundle: -B4 (2X4 Int B)
Panel Details:
• Category: Interior
• Load Bearing: NO
• Length: 55.108 (4'-7-1/8")
• Height: 109.125 (9'-1-1/8")
• Squaring: 10'-1"
• Thickness: 5.5
• Stud Spacing: 16
• Weight: 118 Lbs
• Production Notes: Poly

Panel Material Breakdown:
A - BottomPlate - 2x6 SPF PM No.2 - (1) - 4'-7"
B - TopPlate - 2x6 SPF PM No.2 - (1) - 4'-7"
C - VeryTopPlate - 2x6 SPF PM No.2 - (1) - 4'-7"
D - Stud - 2x6 SPF Stud - (5) - 8'-8-5/8"
E - FlatStud - 2x6 SPF Stud - (1) - 8'-8-5/8"
---
Panel: 06_252
Level: 2
Description: 2FW 3FD
Bundle: -B4 (2X4 Int B)
Panel Details:
• Category: Interior
• Load Bearing: NO
• Length: 46.063 (3'-10")
• Height: 109.125 (9'-1-1/8")
• Squaring: 9'-9"
• Thickness: 3.5
• Stud Spacing: 16
• Weight: 70 Lbs
• Production Notes: Poly

Panel Material Breakdown:
A - BottomPlate - 2x4 SPF PM No.2 - (1) - 3'-10"
B - TopPlate - 2x4 SPF PM No.2 - (1) - 3'-10"
C - VeryTopPlate - 2x4 SPF PM No.2 - (1) - 3'-10"
D - Stud - 2x4 SPF Stud - (4) - 8'-8-5/8"
E - FlatStud - 2x6 SPF Stud - (1) - 8'-8-5/8"
---
Panel: 06_253
Level: 2
Description: 2FW 3FD
Bundle: -B4 (2X4 Int B)
Panel Details:
• Category: Interior
• Load Bearing: NO
• Length: 119.242 (9'-11-1/4")
• Height: 109.125 (9'-1-1/8")
• Squaring: 13'-4-5/8"
• Thickness: 3.5
• Stud Spacing: 16
• Weight: 168 Lbs
• Production Notes: Poly

Panel Material Breakdown:
A - BottomPlate - 2x4 SPF PM No.2 - (1) - 9'-10-5/8"
B - TopPlate - 2x4 SPF PM No.2 - (1) - 9'-10-5/8"
C - VeryTopPlate - 2x4 SPF PM No.2 - (1) - 9'-10-5/8"
D - KingStud - 2x4 SPF Stud - (4) - 8'-8-5/8"
E - HeaderCripple - 2x4 SPF Stud - (2) - 5-5/8"
F - Stud - 2x4 SPF Stud - (7) - 8'-8-5/8"
G - FlatStud - 2x4 SPF Stud - (1) - 8'-8-5/8"
H - FillerCripple - 2x4 SPF Stud - (2) - 5-5/8"
I - HeaderBtmNailer - 2x4 SPF Stud - (1) - 2'-6-1/2"
J - EndPadding - 5/8" 2x4 Padding - (1) - 9'-1-1/8"
---
Panel: 06_254
Level: 2
Description: 2FW 3FD
Bundle: -B4 (2X4 Int B)
Panel Details:
• Category: Interior
• Load Bearing: NO
• Length: 57.911 (4'-10")
• Height: 109.125 (9'-1-1/8")
• Squaring: 10'-2-1/4"
• Thickness: 3.5
• Stud Spacing: 16
• Weight: 76 Lbs
• Production Notes: Poly

Panel Material Breakdown:
A - BottomPlate - 2x4 SPF PM No.2 - (1) - 4'-10"
B - TopPlate - 2x4 SPF PM No.2 - (1) - 4'-10"
C - VeryTopPlate - 2x4 SPF PM No.2 - (1) - 4'-10"
D - Stud - 2x4 SPF Stud - (6) - 8'-8-5/8"
---
Panel: 06_255
Level: 2
Description: 2FW 3FD
Bundle: -B4 (2X4 Int B)
Panel Details:
• Category: Interior
• Load Bearing: NO
• Length: 165.305 (13'-9-1/4")
• Height: 109.125 (9'-1-1/8")
• Squaring: 16'-5-1/4"
• Thickness: 5.5
• Stud Spacing: 16
• Weight: 304 Lbs
• Production Notes: Poly

SubAssembly Details:
• Ladder - Flat (Fixed)
   Materials:
    ├── D (2)
    ├── E (4)
• Ladder - Flat (Fixed)
   Materials:
    ├── D (2)
    ├── E (4)

Panel Material Breakdown:
A - BottomPlate - 2x6 SPF PM No.2 - (1) - 13'-8-1/2"
B - TopPlate - 2x6 SPF PM No.2 - (1) - 13'-8-1/2"
C - VeryTopPlate - 2x6 SPF PM No.2 - (1) - 13'-8-1/2"
D - Stud - 2x6 SPF Stud - (13) - 8'-8-5/8"
E - Rung - 2x6 SPF Stud - (8) - 1'-2-1/2"
F - EndPadding - 5/8" 2x6 Padding - (1) - 9'-1-1/8"
---
Panel: 06_256
Level: 2
Description: 2FW 3FD
Bundle: -B4 (2X4 Int B)
Panel Details:
• Category: Interior
• Load Bearing: NO
• Length: 68.52 (5'-8-1/2")
• Height: 109.125 (9'-1-1/8")
• Squaring: 10'-7-1/2"
• Thickness: 3.5
• Stud Spacing: 16
• Weight: 94 Lbs
• Production Notes: Poly

Panel Material Breakdown:
A - BottomPlate - 2x4 SPF PM No.2 - (1) - 5'-8-1/2"
B - TopPlate - 2x4 SPF PM No.2 - (1) - 5'-8-1/2"
C - VeryTopPlate - 2x4 SPF PM No.2 - (1) - 5'-8-1/2"
D - KingStud - 2x4 SPF Stud - (4) - 8'-8-5/8"
E - HeaderCripple - 2x4 SPF Stud - (2) - 5-5/8"
F - Stud - 2x4 SPF Stud - (3) - 8'-8-5/8"
G - FillerCripple - 2x4 SPF Stud - (2) - 5-5/8"
H - HeaderBtmNailer - 2x4 SPF Stud - (1) - 2'-6-1/2"
---
Panel: 06_258
Level: 2
Description: 2FW 3FD
Bundle: -B4 (2X4 Int B)
Panel Details:
• Category: Interior
• Load Bearing: NO
• Length: 38.435 (3'-2-1/2")
• Height: 109.125 (9'-1-1/8")
• Squaring: 9'-6-1/4"
• Thickness: 3.5
• Stud Spacing: 16
• Weight: 70 Lbs
• Production Notes: Poly

Panel Material Breakdown:
A - BottomPlate - 2x4 SPF PM No.2 - (1) - 3'-1-3/4"
B - TopPlate - 2x4 SPF PM No.2 - (1) - 3'-1-3/4"
C - VeryTopPlate - 2x4 SPF PM No.2 - (1) - 3'-1-3/4"
D - Stud - 2x4 SPF Stud - (4) - 8'-8-5/8"
E - FlatStud - 2x4 SPF Stud - (1) - 8'-8-5/8"
F - EndPadding - 5/8" 2x4 Padding - (1) - 9'-1-1/8"
---
Panel: 06_267
Level: 2
Description: 2FW 3FD
Bundle: -B4 (2X4 Int B)
Panel Details:
• Category: Interior
• Load Bearing: NO
• Length: 106.555 (8'-10-1/2")
• Height: 109.125 (9'-1-1/8")
• Squaring: 12'-7-1/2"
• Thickness: 3.5
• Stud Spacing: 16
• Weight: 126 Lbs

SubAssembly Details:
• Ladder - Flat (Fixed)
   Materials:
    ├── D (2)
    ├── E (4)

Panel Material Breakdown:
A - BottomPlate - 2x4 SPF PM No.2 - (1) - 8'-10-1/2"
B - TopPlate - 2x4 SPF PM No.2 - (1) - 8'-10-1/2"
C - VeryTopPlate - 2x4 SPF PM No.2 - (1) - 8'-10-1/2"
D - Stud - 2x4 SPF Stud - (9) - 8'-8-5/8"
E - Rung - 2x4 SPF Stud - (4) - 1'-2-1/2"
---
Panel: 06_223
Level: 2
Description: 2FW 3FD
Bundle: -B5 (2x4 Fur)
Panel Details:
• Category: Interior
• Load Bearing: NO
• Length: 14.5 (1'-2-1/2")
• Height: 109.208 (9'-1-1/4")
• Squaring: 9'-3/4"
• Thickness: 3.5
• Stud Spacing: 16
• Weight: 24 Lbs
• Production Notes: Poly

Panel Material Breakdown:
A - BottomPlate - 2x4 SPF PM No.2 - (1) - 1'-2-3/8"
B - TopPlate - 2x4 SPF PM No.2 - (1) - 1'-5-1/2"
C - VeryTopPlate - 2x4 SPF PM No.2 - (1) - 1'-5-1/2"
D - Stud - 2x4 SPF Stud - (1) - 8'-8-1/4"
E - Stud - 2x4 SPF Stud - (1) - 8'-5/8"
---
Panel: 06_257
Level: 2
Description: 2FW 3FD
Bundle: -B5 (2x4 Fur)
Panel Details:
• Category: Exterior
• Load Bearing: NO
• Length: 113.474 (9'-5-1/2")
• Height: 134 (11'-2")
• Squaring: 14'-6-1/2"
• Thickness: 3.5
• Stud Spacing: 16
• Sheathing Layer 1: 7/16" 4x8 OSB
• Weight: 158 Lbs

Panel Material Breakdown:
A - BottomPlate - 2x4 SPF PM No.2 - (1) - 9'-5-1/2"
B - TopPlate - 2x4 SPF PM No.2 - (1) - 9'-5-1/2"
C - VeryTopPlate - 2x4 SPF PM No.2 - (1) - 7'-5-1/2"
D - Stud - 2x4 SPF Stud - (9) - 10'-9-1/2"
F - Sheathing - 7/16" 4x8 OSB - (1) - 8' x 2'-7-3/8"
---
Panel: 06_259
Level: 2
Description: 2FW 3FD
Bundle: -B5 (2x4 Fur)
Panel Details:
• Category: Exterior
• Load Bearing: NO
• Length: 51.542 (4'-3-1/2")
• Height: 84.125 (7'-1/8")
• Squaring: 8'-1-3/8"
• Thickness: 3.5
• Stud Spacing: 16
• Sheathing Layer 1: 7/16" 4x8 OSB
• Weight: 54 Lbs

Panel Material Breakdown:
A - BottomPlate - 2x4 SPF PM No.2 - (1) - 4'-3-1/2"
B - TopPlate - 2x4 SPF PM No.2 - (1) - 4'-3-1/2"
C - VeryTopPlate - 2x4 SPF PM No.2 - (1) - 2'
D - Stud - 2x4 SPF Stud - (4) - 6'-7-5/8"
E - FlatStud - 2x4 SPF Stud - (1) - 6'-7-5/8"
F - Sheathing - 7/16" 4x8 OSB - (1) - 4'-8-1/8" x 1'-4"
---
Panel: 06_260
Level: 2
Description: 2FW 3FD
Bundle: -B5 (2x4 Fur)
Panel Details:
• Category: Exterior
• Load Bearing: NO
• Length: 172.304 (14'-4-1/4")
• Height: 84.125 (7'-1/8")
• Squaring: 15'-11"
• Thickness: 3.5
• Stud Spacing: 16
• Sheathing Layer 1: 7/16" 4x8 OSB
• Weight: 148 Lbs

Panel Material Breakdown:
A - BottomPlate - 2x4 SPF PM No.2 - (1) - 14'-4-1/4"
B - TopPlate - 2x4 SPF PM No.2 - (1) - 14'-4-1/4"
C - VeryTopPlate - 2x4 SPF PM No.2 - (1) - 14'-11-1/4"
D - KingStud - 2x4 SPF Stud - (4) - 6'-7-5/8"
E - HeaderCripple - 2x4 SPF Stud - (2) - 10-5/8"
F - Stud - 2x4 SPF Stud - (6) - 6'-7-5/8"
G - Sheathing - 7/16" 4x8 OSB - (1) - 4'-8-1/8" x 3'-9"
I - FillerCripple - 2x4 SPF Stud - (5) - 10-5/8"
J - HeaderBtmNailer - 2x4 SPF Stud - (1) - 7'-7"
---
Panel: 06_261
Level: 2
Description: 2FW 3FD
Bundle: -B5 (2x4 Fur)
Panel Details:
• Category: Exterior
• Load Bearing: NO
• Length: 44.059 (3'-8")
• Height: 84.125 (7'-1/8")
• Squaring: 7'-9-5/8"
• Thickness: 3.5
• Stud Spacing: 16
• Sheathing Layer 1: 7/16" 4x8 OSB
• Weight: 54 Lbs

Panel Material Breakdown:
A - BottomPlate - 2x4 SPF PM No.2 - (1) - 3'-8"
B - TopPlate - 2x4 SPF PM No.2 - (1) - 3'-8"
C - VeryTopPlate - 2x4 SPF PM No.2 - (1) - 3'-4-1/2"
D - Stud - 2x4 SPF Stud - (4) - 6'-7-5/8"
E - FlatStud - 2x4 SPF Stud - (1) - 6'-7-5/8"
F - Sheathing - 7/16" 4x8 OSB - (1) - 4'-8-1/8" x 3'-8"
---
Panel: 06_262
Level: 2
Description: 2FW 3FD
Bundle: -B5 (2x4 Fur)
Panel Details:
• Category: Exterior
• Load Bearing: NO
• Length: 15.331 (1'-3-1/4")
• Height: 84.125 (7'-1/8")
• Squaring: 7'
• Thickness: 3.5
• Stud Spacing: 16
• Sheathing Layer 1: 7/16" 4x8 OSB
• Weight: 28 Lbs

Panel Material Breakdown:
A - BottomPlate - 2x4 SPF PM No.2 - (1) - 1'-3-1/4"
B - TopPlate - 2x4 SPF PM No.2 - (1) - 1'-3-1/4"
C - VeryTopPlate - 2x4 SPF PM No.2 - (1) - 11-3/4"
D - Stud - 2x4 SPF Stud - (2) - 6'-7-5/8"
E - FlatStud - 2x4 SPF Stud - (1) - 6'-7-5/8"
F - Sheathing - 7/16" 4x8 OSB - (1) - 4'-8-1/8" x 1'-3-1/4"
---
Panel: 06_263
Level: 2
Description: 2FW 3FD
Bundle: -B5 (2x4 Fur)
Panel Details:
• Category: Exterior
• Load Bearing: NO
• Length: 140.654 (11'-8-5/8")
• Height: 84.125 (7'-1/8")
• Squaring: 13'-7-1/8"
• Thickness: 3.5
• Stud Spacing: 16
• Sheathing Layer 1: 7/16" 4x8 OSB
• Weight: 136 Lbs

Panel Material Breakdown:
A - BottomPlate - 2x4 SPF PM No.2 - (1) - 11'-8-5/8"
B - TopPlate - 2x4 SPF PM No.2 - (1) - 11'-8-5/8"
C - VeryTopPlate - 2x4 SPF PM No.2 - (1) - 12'-3-5/8"
D - KingStud - 2x4 SPF Stud - (4) - 6'-7-5/8"
E - HeaderCripple - 2x4 SPF Stud - (2) - 10-5/8"
F - Stud - 2x4 SPF Stud - (6) - 6'-7-5/8"
G - Sheathing - 7/16" 4x8 OSB - (1) - 4'-8-1/8" x 2'-10-3/4"
I - FillerCripple - 2x4 SPF Stud - (5) - 10-5/8"
J - HeaderBtmNailer - 2x4 SPF Stud - (1) - 6'-7"
---
Panel: 06_264
Level: 2
Description: 2FW 3FD
Bundle: -B5 (2x4 Fur)
Panel Details:
• Category: Exterior
• Load Bearing: NO
• Length: 47.454 (3'-11-1/2")
• Height: 84.125 (7'-1/8")
• Squaring: 7'-11-1/4"
• Thickness: 3.5
• Stud Spacing: 16
• Sheathing Layer 1: 7/16" 4x8 OSB
• Weight: 52 Lbs

Panel Material Breakdown:
A - BottomPlate - 2x4 SPF PM No.2 - (1) - 3'-11-1/2"
B - TopPlate - 2x4 SPF PM No.2 - (1) - 3'-11-1/2"
C - VeryTopPlate - 2x4 SPF PM No.2 - (1) - 1'-8"
D - Stud - 2x4 SPF Stud - (4) - 6'-7-5/8"
E - FlatStud - 2x4 SPF Stud - (1) - 6'-7-5/8"
F - Sheathing - 7/16" 4x8 OSB - (1) - 4'-8-1/8" x 3'-11-1/2"
---
Panel: 06_265
Level: 2
Description: 2FW 3FD
Bundle: -B5 (2x4 Fur)
Panel Details:
• Category: Exterior
• Load Bearing: NO
• Length: 122.484 (10'-2-1/2")
• Height: 134 (11'-2")
• Squaring: 15'-1/2"
• Thickness: 3.5
• Stud Spacing: 16
• Sheathing Layer 1: 7/16" 4x8 OSB
• Weight: 172 Lbs

Panel Material Breakdown:
A - BottomPlate - 2x4 SPF PM No.2 - (1) - 10'-2-1/2"
B - TopPlate - 2x4 SPF PM No.2 - (1) - 10'-2-1/2"
C - VeryTopPlate - 2x4 SPF PM No.2 - (1) - 8'-2-1/2"
D - Stud - 2x4 SPF Stud - (10) - 10'-9-1/2"
E - Sheathing - 7/16" 4x8 OSB - (1) - 4' x 7'-3/4"
F - Sheathing - 7/16" 4x8 OSB - (1) - 4' x 7'-3/4"
---
Panel: 06_268
Level: 2
Description: 2FW 3FD
Bundle: -B5 (2x4 Fur)
Panel Details:
• Category: Interior
• Load Bearing: NO
• Length: 54.967 (4'-7")
• Height: 42 (3'-6")
• Squaring: 5'-8-1/4"
• Thickness: 3.5
• Stud Spacing: 16
• Weight: 38 Lbs

Panel Material Breakdown:
A - BottomPlate - 2x4 SPF PM No.2 - (1) - 4'-7"
B - TopPlate - 2x4 SPF PM No.2 - (1) - 4'-7"
C - VeryTopPlate - 2x4 SPF PM No.2 - (1) - 4'-7"
D - Stud - 2x4 SPF Stud - (5) - 3'-1-1/2"
E - FlatStud - 2x4 SPF Stud - (1) - 3'-1-1/2"
---
Panel: 06_269
Level: 2
Description: 2FW 3FD
Bundle: -B5 (2x4 Fur)
Panel Details:
• Category: Interior
• Load Bearing: NO
• Length: 44.204 (3'-8-1/4")
• Height: 42 (3'-6")
• Squaring: 5'
• Thickness: 3.5
• Stud Spacing: 16
• Weight: 30 Lbs

Panel Material Breakdown:
A - BottomPlate - 2x4 SPF PM No.2 - (1) - 3'-8-1/4"
B - TopPlate - 2x4 SPF PM No.2 - (1) - 3'-8-1/4"
C - VeryTopPlate - 2x4 SPF PM No.2 - (1) - 3'-8-1/4"
D - Stud - 2x4 SPF Stud - (5) - 3'-1-1/2"
---
